#
# There is insufficient memory for the Java Runtime Environment to continue.
# Native memory allocation (malloc) failed to allocate 1481808 bytes. Error detail: Chunk::new
# Possible reasons:
#   The system is out of physical RAM or swap space
#   This process is running with CompressedOops enabled, and the Java Heap may be blocking the growth of the native heap
# Possible solutions:
#   Reduce memory load on the system
#   Increase physical memory or swap space
#   Check if swap backing store is full
#   Decrease Java heap size (-Xmx/-Xms)
#   Decrease number of Java threads
#   Decrease Java thread stack sizes (-Xss)
#   Set larger code cache with -XX:ReservedCodeCacheSize=
#   JVM is running with Zero Based Compressed Oops mode in which the Java heap is
#     placed in the first 32GB address space. The Java Heap base address is the
#     maximum limit for the native heap growth. Please use -XX:HeapBaseMinAddress
#     to set the Java Heap base and to place the Java Heap above 32GB virtual address.
# This output file may be truncated or incomplete.
#
#  Out of Memory Error (arena.cpp:162), pid=13208, tid=22004
#
# JRE version: OpenJDK Runtime Environment Zulu24.30+11-CA (24.0.1+9) (build 24.0.1+9)
# Java VM: OpenJDK 64-Bit Server VM Zulu24.30+11-CA (24.0.1+9, mixed mode, sharing, tiered, compressed oops, compressed class ptrs, g1 gc, windows-amd64)
# No core dump will be written. Minidumps are not enabled by default on client versions of Windows
#

---------------  S U M M A R Y ------------

Command Line: -Dfile.encoding=UTF-8 --module-path=C:\Users\Piyush\Documents\NetBeansProjects\Travel Management System\build\classes travel.management.system.Dashboard

Host: 12th Gen Intel(R) Core(TM) i5-12450H, 12 cores, 15G,  Windows 11 , 64 bit Build 26100 (10.0.26100.5074)
Time: Fri Sep 12 22:32:31 2025 India Standard Time elapsed time: 10862.709844 seconds (0d 3h 1m 2s)

---------------  T H R E A D  ---------------

Current thread (0x0000018a0902af20):  JavaThread "C2 CompilerThread0" daemon [_thread_in_native, id=22004, stack(0x0000006b11600000,0x0000006b11700000) (1024K)]


Current CompileTask:
C2:10862710 3498       4       java.lang.String::replace (42 bytes)

Stack: [0x0000006b11600000,0x0000006b11700000]
Native frames: (J=compiled Java code, j=interpreted, Vv=VM code, C=native code)
V  [jvm.dll+0x7410c9]  (no source info available)
V  [jvm.dll+0x97def3]  (no source info available)
V  [jvm.dll+0x98021d]  (no source info available)
V  [jvm.dll+0x980893]  (no source info available)
V  [jvm.dll+0x2b5b16]  (no source info available)
V  [jvm.dll+0xd019f]  (no source info available)
V  [jvm.dll+0xd03ff]  (no source info available)
V  [jvm.dll+0x15b8bf]  (no source info available)
V  [jvm.dll+0x74698f]  (no source info available)
V  [jvm.dll+0x27a528]  (no source info available)
V  [jvm.dll+0x279641]  (no source info available)
V  [jvm.dll+0x1f313a]  (no source info available)
V  [jvm.dll+0x288e35]  (no source info available)
V  [jvm.dll+0x2870ca]  (no source info available)
V  [jvm.dll+0x43df56]  (no source info available)
V  [jvm.dll+0x920928]  (no source info available)
V  [jvm.dll+0x73f855]  (no source info available)
C  [ucrtbase.dll+0x37b0]  (no source info available)
C  [KERNEL32.DLL+0x2e8d7]  (no source info available)
C  [ntdll.dll+0x8d9c]  (no source info available)

Lock stack of current Java thread (top to bottom):


---------------  P R O C E S S  ---------------

Threads class SMR info:
_java_thread_list=0x0000018a0978c7c0, length=17, elements={
0x0000018a09005230, 0x0000018a09005b70, 0x0000018a0900bd70, 0x0000018a0900c8a0,
0x0000018a0900d3d0, 0x0000018a0900e570, 0x0000018a0902af20, 0x0000018a0902fae0,
0x0000018a090f56d0, 0x0000018a0920f350, 0x0000018a099ce280, 0x0000018a098b2420,
0x0000018a09626fd0, 0x0000018a09ce5680, 0x00000189a1f11e90, 0x0000018a0a6fd190,
0x0000018a0af857a0
}

Java Threads: ( => current thread )
  0x0000018a09005230 JavaThread "Reference Handler"          daemon [_thread_blocked, id=12220, stack(0x0000006b11000000,0x0000006b11100000) (1024K)]
  0x0000018a09005b70 JavaThread "Finalizer"                  daemon [_thread_blocked, id=21004, stack(0x0000006b11100000,0x0000006b11200000) (1024K)]
  0x0000018a0900bd70 JavaThread "Signal Dispatcher"          daemon [_thread_blocked, id=2344, stack(0x0000006b11200000,0x0000006b11300000) (1024K)]
  0x0000018a0900c8a0 JavaThread "Attach Listener"            daemon [_thread_blocked, id=13332, stack(0x0000006b11300000,0x0000006b11400000) (1024K)]
  0x0000018a0900d3d0 JavaThread "Service Thread"             daemon [_thread_blocked, id=22136, stack(0x0000006b11400000,0x0000006b11500000) (1024K)]
  0x0000018a0900e570 JavaThread "Monitor Deflation Thread"   daemon [_thread_blocked, id=3888, stack(0x0000006b11500000,0x0000006b11600000) (1024K)]
=>0x0000018a0902af20 JavaThread "C2 CompilerThread0"         daemon [_thread_in_native, id=22004, stack(0x0000006b11600000,0x0000006b11700000) (1024K)]
  0x0000018a0902fae0 JavaThread "C1 CompilerThread0"         daemon [_thread_blocked, id=20664, stack(0x0000006b11700000,0x0000006b11800000) (1024K)]
  0x0000018a090f56d0 JavaThread "Common-Cleaner"             daemon [_thread_blocked, id=15952, stack(0x0000006b11800000,0x0000006b11900000) (1024K)]
  0x0000018a0920f350 JavaThread "Notification Thread"        daemon [_thread_blocked, id=12992, stack(0x0000006b11900000,0x0000006b11a00000) (1024K)]
  0x0000018a099ce280 JavaThread "Java2D Disposer"            daemon [_thread_blocked, id=19124, stack(0x0000006b11b00000,0x0000006b11c00000) (1024K)]
  0x0000018a098b2420 JavaThread "AWT-Shutdown"                      [_thread_blocked, id=16756, stack(0x0000006b11c00000,0x0000006b11d00000) (1024K)]
  0x0000018a09626fd0 JavaThread "AWT-Windows"                daemon [_thread_in_native, id=18504, stack(0x0000006b11d00000,0x0000006b11e00000) (1024K)]
  0x0000018a09ce5680 JavaThread "AWT-EventQueue-0"                  [_thread_blocked, id=2860, stack(0x0000006b11a00000,0x0000006b11b00000) (1024K)]
  0x00000189a1f11e90 JavaThread "DestroyJavaVM"                     [_thread_blocked, id=14680, stack(0x0000006b10800000,0x0000006b10900000) (1024K)]
  0x0000018a0a6fd190 JavaThread "mysql-cj-abandoned-connection-cleanup" daemon [_thread_blocked, id=7824, stack(0x0000006b12400000,0x0000006b12500000) (1024K)]
  0x0000018a0af857a0 JavaThread "TimerQueue"                 daemon [_thread_blocked, id=16036, stack(0x0000006b12700000,0x0000006b12800000) (1024K)]
Total: 17

Other Threads:
  0x00000189c3591530 VMThread "VM Thread"                           [id=16164, stack(0x0000006b10f00000,0x0000006b11000000) (1024K)]
  0x00000189c35831c0 WatcherThread "VM Periodic Task Thread"        [id=5872, stack(0x0000006b10e00000,0x0000006b10f00000) (1024K)]
  0x00000189a4422b80 WorkerThread "GC Thread#0"                     [id=13964, stack(0x0000006b10900000,0x0000006b10a00000) (1024K)]
  0x0000018a0a702930 WorkerThread "GC Thread#1"                     [id=16156, stack(0x0000006b11f00000,0x0000006b12000000) (1024K)]
  0x0000018a0a6f58e0 WorkerThread "GC Thread#2"                     [id=18600, stack(0x0000006b12000000,0x0000006b12100000) (1024K)]
  0x0000018a0a6f5c90 WorkerThread "GC Thread#3"                     [id=10788, stack(0x0000006b12100000,0x0000006b12200000) (1024K)]
  0x0000018a0a6f6450 WorkerThread "GC Thread#4"                     [id=10320, stack(0x0000006b12200000,0x0000006b12300000) (1024K)]
  0x0000018a0a6f6800 WorkerThread "GC Thread#5"                     [id=8272, stack(0x0000006b12300000,0x0000006b12400000) (1024K)]
  0x0000018a090c5620 WorkerThread "GC Thread#6"                     [id=13988, stack(0x0000006b12d00000,0x0000006b12e00000) (1024K)]
  0x0000018a090c5d80 WorkerThread "GC Thread#7"                     [id=21288, stack(0x0000006b12e00000,0x0000006b12f00000) (1024K)]
  0x0000018a090c64e0 WorkerThread "GC Thread#8"                     [id=19488, stack(0x0000006b12f00000,0x0000006b13000000) (1024K)]
  0x0000018a090c6c40 WorkerThread "GC Thread#9"                     [id=17116, stack(0x0000006b13000000,0x0000006b13100000) (1024K)]
  0x00000189a4472010 ConcurrentGCThread "G1 Main Marker"            [id=11236, stack(0x0000006b10a00000,0x0000006b10b00000) (1024K)]
  0x00000189a44732c0 WorkerThread "G1 Conc#0"                       [id=22452, stack(0x0000006b10b00000,0x0000006b10c00000) (1024K)]
  0x0000018a090c6890 WorkerThread "G1 Conc#1"                       [id=8204, stack(0x0000006b13100000,0x0000006b13200000) (1024K)]
  0x0000018a090c59d0 WorkerThread "G1 Conc#2"                       [id=2024, stack(0x0000006b13200000,0x0000006b13300000) (1024K)]
  0x00000189c343fbb0 ConcurrentGCThread "G1 Refine#0"               [id=6140, stack(0x0000006b10c00000,0x0000006b10d00000) (1024K)]
  0x00000189c3440730 ConcurrentGCThread "G1 Service"                [id=17912, stack(0x0000006b10d00000,0x0000006b10e00000) (1024K)]
Total: 18

Threads with active compile tasks:
C2 CompilerThread0  10862852 3498       4       java.lang.String::replace (42 bytes)
Total: 1

VM state: not at safepoint (normal execution)

VM Mutex/Monitor currently owned by a thread: None

Heap address: 0x0000000705200000, size: 4014 MB, Compressed Oops mode: Zero based, Oop shift amount: 3

CDS archive(s) mapped at: [0x00000189c4000000-0x00000189c4d40000-0x00000189c4d40000), size 13893632, SharedBaseAddress: 0x00000189c4000000, ArchiveRelocationMode: 1.
Compressed class space mapped at: 0x00000189c5000000-0x0000018a05000000, reserved size: 1073741824
UseCompressedClassPointers 1, UseCompactObjectHeaders 0
Narrow klass pointer bits 32, Max shift 3
Narrow klass base: 0x00000189c4000000, Narrow klass shift: 0
Encoding Range: [0x00000189c4000000 - 0x0000018ac4000000), (4294967296 bytes)
Klass Range:    [0x00000189c4000000 - 0x0000018a05000000), (1090519040 bytes)
Klass ID Range:  [8 - 1090519033) (1090519025)

GC Precious Log:
 CardTable entry size: 512
 Card Set container configuration: InlinePtr #cards 4 size 8 Array Of Cards #cards 16 size 48 Howl #buckets 8 coarsen threshold 3686 Howl Bitmap #cards 512 size 80 coarsen threshold 460 Card regions per heap region 1 cards per card region 4096
 CPUs: 12 total, 12 available
 Memory: 16052M
 Large Page Support: Disabled
 NUMA Support: Disabled
 Compressed Oops: Enabled (Zero based)
 Heap Region Size: 2M
 Heap Min Capacity: 8M
 Heap Initial Capacity: 252M
 Heap Max Capacity: 4014M
 Pre-touch: Disabled
 Parallel Workers: 10
 Concurrent Workers: 3
 Concurrent Refinement Workers: 10
 Periodic GC: Disabled

Heap:
 garbage-first heap   total reserved 4110336K, committed 399360K, used 242608K [0x0000000705200000, 0x0000000800000000)
  region size 2048K, 3 young (6144K), 1 survivors (2048K)
 Metaspace       used 20139K, committed 20416K, reserved 1114112K
  class space    used 1876K, committed 1984K, reserved 1048576K

Heap Regions: E=young(eden), S=young(survivor), O=old, HS=humongous(starts), HC=humongous(continues), CS=collection set, F=free, TAMS=top-at-mark-start, PB=parsable bottom
|   0|0x0000000705200000, 0x0000000705400000, 0x0000000705400000|100%|HS|  |TAMS 0x0000000705200000| PB 0x0000000705200000| Complete |  0
|   1|0x0000000705400000, 0x0000000705600000, 0x0000000705600000|100%|HC|  |TAMS 0x0000000705400000| PB 0x0000000705400000| Complete |  0
|   2|0x0000000705600000, 0x0000000705800000, 0x0000000705800000|100%|HC|  |TAMS 0x0000000705600000| PB 0x0000000705600000| Complete |  0
|   3|0x0000000705800000, 0x0000000705a00000, 0x0000000705a00000|100%|HC|  |TAMS 0x0000000705800000| PB 0x0000000705800000| Complete |  0
|   4|0x0000000705a00000, 0x0000000705c00000, 0x0000000705c00000|100%|HC|  |TAMS 0x0000000705a00000| PB 0x0000000705a00000| Complete |  0
|   5|0x0000000705c00000, 0x0000000705e00000, 0x0000000705e00000|100%|HC|  |TAMS 0x0000000705c00000| PB 0x0000000705c00000| Complete |  0
|   6|0x0000000705e00000, 0x0000000706000000, 0x0000000706000000|100%|HC|  |TAMS 0x0000000705e00000| PB 0x0000000705e00000| Complete |  0
|   7|0x0000000706000000, 0x0000000706200000, 0x0000000706200000|100%|HC|  |TAMS 0x0000000706000000| PB 0x0000000706000000| Complete |  0
|   8|0x0000000706200000, 0x0000000706400000, 0x0000000706400000|100%|HC|  |TAMS 0x0000000706200000| PB 0x0000000706200000| Complete |  0
|   9|0x0000000706400000, 0x0000000706600000, 0x0000000706600000|100%|HC|  |TAMS 0x0000000706400000| PB 0x0000000706400000| Complete |  0
|  10|0x0000000706600000, 0x0000000706800000, 0x0000000706800000|100%|HS|  |TAMS 0x0000000706600000| PB 0x0000000706600000| Complete |  0
|  11|0x0000000706800000, 0x0000000706a00000, 0x0000000706a00000|100%|HC|  |TAMS 0x0000000706800000| PB 0x0000000706800000| Complete |  0
|  12|0x0000000706a00000, 0x0000000706c00000, 0x0000000706c00000|100%|HC|  |TAMS 0x0000000706a00000| PB 0x0000000706a00000| Complete |  0
|  13|0x0000000706c00000, 0x0000000706e00000, 0x0000000706e00000|100%|HC|  |TAMS 0x0000000706c00000| PB 0x0000000706c00000| Complete |  0
|  14|0x0000000706e00000, 0x0000000707000000, 0x0000000707000000|100%|HS|  |TAMS 0x0000000706e00000| PB 0x0000000706e00000| Complete |  0
|  15|0x0000000707000000, 0x0000000707200000, 0x0000000707200000|100%|HC|  |TAMS 0x0000000707000000| PB 0x0000000707000000| Complete |  0
|  16|0x0000000707200000, 0x0000000707400000, 0x0000000707400000|100%|HC|  |TAMS 0x0000000707200000| PB 0x0000000707200000| Complete |  0
|  17|0x0000000707400000, 0x0000000707600000, 0x0000000707600000|100%|HC|  |TAMS 0x0000000707400000| PB 0x0000000707400000| Complete |  0
|  18|0x0000000707600000, 0x0000000707800000, 0x0000000707800000|100%|HS|  |TAMS 0x0000000707600000| PB 0x0000000707600000| Complete |  0
|  19|0x0000000707800000, 0x0000000707a00000, 0x0000000707a00000|100%|HC|  |TAMS 0x0000000707800000| PB 0x0000000707800000| Complete |  0
|  20|0x0000000707a00000, 0x0000000707c00000, 0x0000000707c00000|100%|HS|  |TAMS 0x0000000707a00000| PB 0x0000000707a00000| Complete |  0
|  21|0x0000000707c00000, 0x0000000707e00000, 0x0000000707e00000|100%|HC|  |TAMS 0x0000000707c00000| PB 0x0000000707c00000| Complete |  0
|  22|0x0000000707e00000, 0x0000000708000000, 0x0000000708000000|100%|HS|  |TAMS 0x0000000707e00000| PB 0x0000000707e00000| Complete |  0
|  23|0x0000000708000000, 0x0000000708200000, 0x0000000708200000|100%|HC|  |TAMS 0x0000000708000000| PB 0x0000000708000000| Complete |  0
|  24|0x0000000708200000, 0x0000000708400000, 0x0000000708400000|100%|HS|  |TAMS 0x0000000708200000| PB 0x0000000708200000| Complete |  0
|  25|0x0000000708400000, 0x0000000708600000, 0x0000000708600000|100%|HC|  |TAMS 0x0000000708400000| PB 0x0000000708400000| Complete |  0
|  26|0x0000000708600000, 0x0000000708800000, 0x0000000708800000|100%|HS|  |TAMS 0x0000000708600000| PB 0x0000000708600000| Complete |  0
|  27|0x0000000708800000, 0x0000000708a00000, 0x0000000708a00000|100%|HS|  |TAMS 0x0000000708800000| PB 0x0000000708800000| Complete |  0
|  28|0x0000000708a00000, 0x0000000708c00000, 0x0000000708c00000|100%|HC|  |TAMS 0x0000000708a00000| PB 0x0000000708a00000| Complete |  0
|  29|0x0000000708c00000, 0x0000000708e00000, 0x0000000708e00000|100%|HS|  |TAMS 0x0000000708c00000| PB 0x0000000708c00000| Complete |  0
|  30|0x0000000708e00000, 0x0000000709000000, 0x0000000709000000|100%|HC|  |TAMS 0x0000000708e00000| PB 0x0000000708e00000| Complete |  0
|  31|0x0000000709000000, 0x0000000709200000, 0x0000000709200000|100%|HS|  |TAMS 0x0000000709000000| PB 0x0000000709000000| Complete |  0
|  32|0x0000000709200000, 0x0000000709400000, 0x0000000709400000|100%|HC|  |TAMS 0x0000000709200000| PB 0x0000000709200000| Complete |  0
|  33|0x0000000709400000, 0x0000000709600000, 0x0000000709600000|100%|HC|  |TAMS 0x0000000709400000| PB 0x0000000709400000| Complete |  0
|  34|0x0000000709600000, 0x0000000709800000, 0x0000000709800000|100%|HC|  |TAMS 0x0000000709600000| PB 0x0000000709600000| Complete |  0
|  35|0x0000000709800000, 0x0000000709a00000, 0x0000000709a00000|100%|HS|  |TAMS 0x0000000709800000| PB 0x0000000709800000| Complete |  0
|  36|0x0000000709a00000, 0x0000000709c00000, 0x0000000709c00000|100%|HC|  |TAMS 0x0000000709a00000| PB 0x0000000709a00000| Complete |  0
|  37|0x0000000709c00000, 0x0000000709e00000, 0x0000000709e00000|100%|HS|  |TAMS 0x0000000709c00000| PB 0x0000000709c00000| Complete |  0
|  38|0x0000000709e00000, 0x000000070a000000, 0x000000070a000000|100%|HC|  |TAMS 0x0000000709e00000| PB 0x0000000709e00000| Complete |  0
|  39|0x000000070a000000, 0x000000070a200000, 0x000000070a200000|100%|HC|  |TAMS 0x000000070a000000| PB 0x000000070a000000| Complete |  0
|  40|0x000000070a200000, 0x000000070a400000, 0x000000070a400000|100%|HC|  |TAMS 0x000000070a200000| PB 0x000000070a200000| Complete |  0
|  41|0x000000070a400000, 0x000000070a600000, 0x000000070a600000|100%|HS|  |TAMS 0x000000070a400000| PB 0x000000070a400000| Complete |  0
|  42|0x000000070a600000, 0x000000070a800000, 0x000000070a800000|100%|HC|  |TAMS 0x000000070a600000| PB 0x000000070a600000| Complete |  0
|  43|0x000000070a800000, 0x000000070aa00000, 0x000000070aa00000|100%|HS|  |TAMS 0x000000070a800000| PB 0x000000070a800000| Complete |  0
|  44|0x000000070aa00000, 0x000000070ac00000, 0x000000070ac00000|100%|HC|  |TAMS 0x000000070aa00000| PB 0x000000070aa00000| Complete |  0
|  45|0x000000070ac00000, 0x000000070ae00000, 0x000000070ae00000|100%|HC|  |TAMS 0x000000070ac00000| PB 0x000000070ac00000| Complete |  0
|  46|0x000000070ae00000, 0x000000070b000000, 0x000000070b000000|100%|HC|  |TAMS 0x000000070ae00000| PB 0x000000070ae00000| Complete |  0
|  47|0x000000070b000000, 0x000000070b200000, 0x000000070b200000|100%| O|  |TAMS 0x000000070b000000| PB 0x000000070b000000| Untracked |  0
|  48|0x000000070b200000, 0x000000070b400000, 0x000000070b400000|100%| O|  |TAMS 0x000000070b200000| PB 0x000000070b200000| Untracked |  0
|  49|0x000000070b400000, 0x000000070b600000, 0x000000070b600000|100%| O|  |TAMS 0x000000070b400000| PB 0x000000070b400000| Untracked |  0
|  50|0x000000070b600000, 0x000000070b800000, 0x000000070b800000|100%|HS|  |TAMS 0x000000070b600000| PB 0x000000070b600000| Complete |  0
|  51|0x000000070b800000, 0x000000070ba00000, 0x000000070ba00000|100%|HC|  |TAMS 0x000000070b800000| PB 0x000000070b800000| Complete |  0
|  52|0x000000070ba00000, 0x000000070bc00000, 0x000000070bc00000|100%| O|  |TAMS 0x000000070ba00000| PB 0x000000070ba00000| Untracked |  0
|  53|0x000000070bc00000, 0x000000070be00000, 0x000000070be00000|100%| O|Cm|TAMS 0x000000070bc00000| PB 0x000000070bc00000| Complete |  0
|  54|0x000000070be00000, 0x000000070c000000, 0x000000070c000000|100%| O|  |TAMS 0x000000070be00000| PB 0x000000070be00000| Untracked |  0
|  55|0x000000070c000000, 0x000000070c200000, 0x000000070c200000|100%| O|  |TAMS 0x000000070c000000| PB 0x000000070c000000| Untracked |  0
|  56|0x000000070c200000, 0x000000070c400000, 0x000000070c400000|100%| O|  |TAMS 0x000000070c200000| PB 0x000000070c200000| Untracked |  0
|  57|0x000000070c400000, 0x000000070c600000, 0x000000070c600000|100%| O|  |TAMS 0x000000070c400000| PB 0x000000070c400000| Untracked |  0
|  58|0x000000070c600000, 0x000000070c800000, 0x000000070c800000|100%|HS|  |TAMS 0x000000070c600000| PB 0x000000070c600000| Complete |  0
|  59|0x000000070c800000, 0x000000070ca00000, 0x000000070ca00000|100%|HC|  |TAMS 0x000000070c800000| PB 0x000000070c800000| Complete |  0
|  60|0x000000070ca00000, 0x000000070cc00000, 0x000000070cc00000|100%|HC|  |TAMS 0x000000070ca00000| PB 0x000000070ca00000| Complete |  0
|  61|0x000000070cc00000, 0x000000070ce00000, 0x000000070ce00000|100%|HC|  |TAMS 0x000000070cc00000| PB 0x000000070cc00000| Complete |  0
|  62|0x000000070ce00000, 0x000000070d000000, 0x000000070d000000|100%|HS|  |TAMS 0x000000070ce00000| PB 0x000000070ce00000| Complete |  0
|  63|0x000000070d000000, 0x000000070d200000, 0x000000070d200000|100%|HC|  |TAMS 0x000000070d000000| PB 0x000000070d000000| Complete |  0
|  64|0x000000070d200000, 0x000000070d400000, 0x000000070d400000|100%|HS|  |TAMS 0x000000070d200000| PB 0x000000070d200000| Complete |  0
|  65|0x000000070d400000, 0x000000070d600000, 0x000000070d600000|100%|HC|  |TAMS 0x000000070d400000| PB 0x000000070d400000| Complete |  0
|  66|0x000000070d600000, 0x000000070d800000, 0x000000070d800000|100%|HC|  |TAMS 0x000000070d600000| PB 0x000000070d600000| Complete |  0
|  67|0x000000070d800000, 0x000000070da00000, 0x000000070da00000|100%|HC|  |TAMS 0x000000070d800000| PB 0x000000070d800000| Complete |  0
|  68|0x000000070da00000, 0x000000070dc00000, 0x000000070dc00000|100%|HC|  |TAMS 0x000000070da00000| PB 0x000000070da00000| Complete |  0
|  69|0x000000070dc00000, 0x000000070de00000, 0x000000070de00000|100%|HS|  |TAMS 0x000000070dc00000| PB 0x000000070dc00000| Complete |  0
|  70|0x000000070de00000, 0x000000070e000000, 0x000000070e000000|100%|HC|  |TAMS 0x000000070de00000| PB 0x000000070de00000| Complete |  0
|  71|0x000000070e000000, 0x000000070e200000, 0x000000070e200000|100%|HS|  |TAMS 0x000000070e000000| PB 0x000000070e000000| Complete |  0
|  72|0x000000070e200000, 0x000000070e400000, 0x000000070e400000|100%|HC|  |TAMS 0x000000070e200000| PB 0x000000070e200000| Complete |  0
|  73|0x000000070e400000, 0x000000070e600000, 0x000000070e600000|100%|HC|  |TAMS 0x000000070e400000| PB 0x000000070e400000| Complete |  0
|  74|0x000000070e600000, 0x000000070e800000, 0x000000070e800000|100%|HC|  |TAMS 0x000000070e600000| PB 0x000000070e600000| Complete |  0
|  75|0x000000070e800000, 0x000000070ea00000, 0x000000070ea00000|100%|HS|  |TAMS 0x000000070e800000| PB 0x000000070e800000| Complete |  0
|  76|0x000000070ea00000, 0x000000070ec00000, 0x000000070ec00000|100%|HC|  |TAMS 0x000000070ea00000| PB 0x000000070ea00000| Complete |  0
|  77|0x000000070ec00000, 0x000000070ee00000, 0x000000070ee00000|100%|HS|  |TAMS 0x000000070ec00000| PB 0x000000070ec00000| Complete |  0
|  78|0x000000070ee00000, 0x000000070f000000, 0x000000070f000000|100%|HC|  |TAMS 0x000000070ee00000| PB 0x000000070ee00000| Complete |  0
|  79|0x000000070f000000, 0x000000070f200000, 0x000000070f200000|100%|HS|  |TAMS 0x000000070f000000| PB 0x000000070f000000| Complete |  0
|  80|0x000000070f200000, 0x000000070f400000, 0x000000070f400000|100%|HC|  |TAMS 0x000000070f200000| PB 0x000000070f200000| Complete |  0
|  81|0x000000070f400000, 0x000000070f600000, 0x000000070f600000|100%|HS|  |TAMS 0x000000070f400000| PB 0x000000070f400000| Complete |  0
|  82|0x000000070f600000, 0x000000070f800000, 0x000000070f800000|100%|HC|  |TAMS 0x000000070f600000| PB 0x000000070f600000| Complete |  0
|  83|0x000000070f800000, 0x000000070fa00000, 0x000000070fa00000|100%|HC|  |TAMS 0x000000070f800000| PB 0x000000070f800000| Complete |  0
|  84|0x000000070fa00000, 0x000000070fc00000, 0x000000070fc00000|100%|HC|  |TAMS 0x000000070fa00000| PB 0x000000070fa00000| Complete |  0
|  85|0x000000070fc00000, 0x000000070fe00000, 0x000000070fe00000|100%|HC|  |TAMS 0x000000070fc00000| PB 0x000000070fc00000| Complete |  0
|  86|0x000000070fe00000, 0x0000000710000000, 0x0000000710000000|100%|HC|  |TAMS 0x000000070fe00000| PB 0x000000070fe00000| Complete |  0
|  87|0x0000000710000000, 0x0000000710200000, 0x0000000710200000|100%|HS|  |TAMS 0x0000000710000000| PB 0x0000000710000000| Complete |  0
|  88|0x0000000710200000, 0x0000000710400000, 0x0000000710400000|100%|HC|  |TAMS 0x0000000710200000| PB 0x0000000710200000| Complete |  0
|  89|0x0000000710400000, 0x0000000710600000, 0x0000000710600000|100%|HS|  |TAMS 0x0000000710400000| PB 0x0000000710400000| Complete |  0
|  90|0x0000000710600000, 0x0000000710800000, 0x0000000710800000|100%|HC|  |TAMS 0x0000000710600000| PB 0x0000000710600000| Complete |  0
|  91|0x0000000710800000, 0x0000000710a00000, 0x0000000710a00000|100%|HC|  |TAMS 0x0000000710800000| PB 0x0000000710800000| Complete |  0
|  92|0x0000000710a00000, 0x0000000710c00000, 0x0000000710c00000|100%|HC|  |TAMS 0x0000000710a00000| PB 0x0000000710a00000| Complete |  0
|  93|0x0000000710c00000, 0x0000000710e00000, 0x0000000710e00000|100%|HC|  |TAMS 0x0000000710c00000| PB 0x0000000710c00000| Complete |  0
|  94|0x0000000710e00000, 0x0000000711000000, 0x0000000711000000|100%|HS|  |TAMS 0x0000000710e00000| PB 0x0000000710e00000| Complete |  0
|  95|0x0000000711000000, 0x0000000711200000, 0x0000000711200000|100%|HC|  |TAMS 0x0000000711000000| PB 0x0000000711000000| Complete |  0
|  96|0x0000000711200000, 0x0000000711400000, 0x0000000711400000|100%|HS|  |TAMS 0x0000000711200000| PB 0x0000000711200000| Complete |  0
|  97|0x0000000711400000, 0x0000000711600000, 0x0000000711600000|100%|HC|  |TAMS 0x0000000711400000| PB 0x0000000711400000| Complete |  0
|  98|0x0000000711600000, 0x0000000711800000, 0x0000000711800000|100%|HC|  |TAMS 0x0000000711600000| PB 0x0000000711600000| Complete |  0
|  99|0x0000000711800000, 0x0000000711a00000, 0x0000000711a00000|100%|HC|  |TAMS 0x0000000711800000| PB 0x0000000711800000| Complete |  0
| 100|0x0000000711a00000, 0x0000000711c00000, 0x0000000711c00000|100%|HC|  |TAMS 0x0000000711a00000| PB 0x0000000711a00000| Complete |  0
| 101|0x0000000711c00000, 0x0000000711e00000, 0x0000000711e00000|100%|HC|  |TAMS 0x0000000711c00000| PB 0x0000000711c00000| Complete |  0
| 102|0x0000000711e00000, 0x0000000712000000, 0x0000000712000000|100%|HC|  |TAMS 0x0000000711e00000| PB 0x0000000711e00000| Complete |  0
| 103|0x0000000712000000, 0x0000000712200000, 0x0000000712200000|100%|HC|  |TAMS 0x0000000712000000| PB 0x0000000712000000| Complete |  0
| 104|0x0000000712200000, 0x0000000712400000, 0x0000000712400000|100%|HC|  |TAMS 0x0000000712200000| PB 0x0000000712200000| Complete |  0
| 105|0x0000000712400000, 0x0000000712600000, 0x0000000712600000|100%|HC|  |TAMS 0x0000000712400000| PB 0x0000000712400000| Complete |  0
| 106|0x0000000712600000, 0x0000000712800000, 0x0000000712800000|100%|HC|  |TAMS 0x0000000712600000| PB 0x0000000712600000| Complete |  0
| 107|0x0000000712800000, 0x0000000712a00000, 0x0000000712a00000|100%|HC|  |TAMS 0x0000000712800000| PB 0x0000000712800000| Complete |  0
| 108|0x0000000712a00000, 0x0000000712c00000, 0x0000000712c00000|100%|HC|  |TAMS 0x0000000712a00000| PB 0x0000000712a00000| Complete |  0
| 109|0x0000000712c00000, 0x0000000712e00000, 0x0000000712e00000|100%|HC|  |TAMS 0x0000000712c00000| PB 0x0000000712c00000| Complete |  0
| 110|0x0000000712e00000, 0x0000000713000000, 0x0000000713000000|100%|HC|  |TAMS 0x0000000712e00000| PB 0x0000000712e00000| Complete |  0
| 111|0x0000000713000000, 0x0000000713200000, 0x0000000713200000|100%|HC|  |TAMS 0x0000000713000000| PB 0x0000000713000000| Complete |  0
| 112|0x0000000713200000, 0x0000000713400000, 0x0000000713400000|100%|HC|  |TAMS 0x0000000713200000| PB 0x0000000713200000| Complete |  0
| 113|0x0000000713400000, 0x0000000713600000, 0x0000000713600000|100%|HC|  |TAMS 0x0000000713400000| PB 0x0000000713400000| Complete |  0
| 114|0x0000000713600000, 0x0000000713800000, 0x0000000713800000|100%|HC|  |TAMS 0x0000000713600000| PB 0x0000000713600000| Complete |  0
| 115|0x0000000713800000, 0x0000000713a00000, 0x0000000713a00000|100%|HS|  |TAMS 0x0000000713800000| PB 0x0000000713800000| Complete |  0
| 116|0x0000000713a00000, 0x0000000713c00000, 0x0000000713c00000|100%|HC|  |TAMS 0x0000000713a00000| PB 0x0000000713a00000| Complete |  0
| 117|0x0000000713c00000, 0x0000000713c00000, 0x0000000713e00000|  0%| F|  |TAMS 0x0000000713c00000| PB 0x0000000713c00000| Untracked |  0
| 118|0x0000000713e00000, 0x0000000713e00000, 0x0000000714000000|  0%| F|  |TAMS 0x0000000713e00000| PB 0x0000000713e00000| Untracked |  0
| 119|0x0000000714000000, 0x0000000714000000, 0x0000000714200000|  0%| F|  |TAMS 0x0000000714000000| PB 0x0000000714000000| Untracked |  0
| 120|0x0000000714200000, 0x0000000714200000, 0x0000000714400000|  0%| F|  |TAMS 0x0000000714200000| PB 0x0000000714200000| Untracked |  0
| 121|0x0000000714400000, 0x0000000714400000, 0x0000000714600000|  0%| F|  |TAMS 0x0000000714400000| PB 0x0000000714400000| Untracked |  0
| 122|0x0000000714600000, 0x0000000714600000, 0x0000000714800000|  0%| F|  |TAMS 0x0000000714600000| PB 0x0000000714600000| Untracked |  0
| 123|0x0000000714800000, 0x0000000714800000, 0x0000000714a00000|  0%| F|  |TAMS 0x0000000714800000| PB 0x0000000714800000| Untracked |  0
| 124|0x0000000714a00000, 0x0000000714a00000, 0x0000000714c00000|  0%| F|  |TAMS 0x0000000714a00000| PB 0x0000000714a00000| Untracked |  0
| 125|0x0000000714c00000, 0x0000000714c00000, 0x0000000714e00000|  0%| F|  |TAMS 0x0000000714c00000| PB 0x0000000714c00000| Untracked |  0
| 126|0x0000000714e00000, 0x0000000714e00000, 0x0000000715000000|  0%| F|  |TAMS 0x0000000714e00000| PB 0x0000000714e00000| Untracked |  0
| 127|0x0000000715000000, 0x0000000715000000, 0x0000000715200000|  0%| F|  |TAMS 0x0000000715000000| PB 0x0000000715000000| Untracked |  0
| 128|0x0000000715200000, 0x0000000715200000, 0x0000000715400000|  0%| F|  |TAMS 0x0000000715200000| PB 0x0000000715200000| Untracked |  0
| 129|0x0000000715400000, 0x0000000715400000, 0x0000000715600000|  0%| F|  |TAMS 0x0000000715400000| PB 0x0000000715400000| Untracked |  0
| 130|0x0000000715600000, 0x0000000715600000, 0x0000000715800000|  0%| F|  |TAMS 0x0000000715600000| PB 0x0000000715600000| Untracked |  0
| 131|0x0000000715800000, 0x0000000715800000, 0x0000000715a00000|  0%| F|  |TAMS 0x0000000715800000| PB 0x0000000715800000| Untracked |  0
| 132|0x0000000715a00000, 0x0000000715a00000, 0x0000000715c00000|  0%| F|  |TAMS 0x0000000715a00000| PB 0x0000000715a00000| Untracked |  0
| 133|0x0000000715c00000, 0x0000000715c00000, 0x0000000715e00000|  0%| F|  |TAMS 0x0000000715c00000| PB 0x0000000715c00000| Untracked |  0
| 134|0x0000000715e00000, 0x0000000715e00000, 0x0000000716000000|  0%| F|  |TAMS 0x0000000715e00000| PB 0x0000000715e00000| Untracked |  0
| 135|0x0000000716000000, 0x0000000716000000, 0x0000000716200000|  0%| F|  |TAMS 0x0000000716000000| PB 0x0000000716000000| Untracked |  0
| 136|0x0000000716200000, 0x0000000716200000, 0x0000000716400000|  0%| F|  |TAMS 0x0000000716200000| PB 0x0000000716200000| Untracked |  0
| 137|0x0000000716400000, 0x0000000716400000, 0x0000000716600000|  0%| F|  |TAMS 0x0000000716400000| PB 0x0000000716400000| Untracked |  0
| 138|0x0000000716600000, 0x0000000716600000, 0x0000000716800000|  0%| F|  |TAMS 0x0000000716600000| PB 0x0000000716600000| Untracked |  0
| 139|0x0000000716800000, 0x0000000716800000, 0x0000000716a00000|  0%| F|  |TAMS 0x0000000716800000| PB 0x0000000716800000| Untracked |  0
| 140|0x0000000716a00000, 0x0000000716a00000, 0x0000000716c00000|  0%| F|  |TAMS 0x0000000716a00000| PB 0x0000000716a00000| Untracked |  0
| 141|0x0000000716c00000, 0x0000000716c00000, 0x0000000716e00000|  0%| F|  |TAMS 0x0000000716c00000| PB 0x0000000716c00000| Untracked |  0
| 142|0x0000000716e00000, 0x0000000716e00000, 0x0000000717000000|  0%| F|  |TAMS 0x0000000716e00000| PB 0x0000000716e00000| Untracked |  0
| 143|0x0000000717000000, 0x0000000717000000, 0x0000000717200000|  0%| F|  |TAMS 0x0000000717000000| PB 0x0000000717000000| Untracked |  0
| 144|0x0000000717200000, 0x0000000717200000, 0x0000000717400000|  0%| F|  |TAMS 0x0000000717200000| PB 0x0000000717200000| Untracked |  0
| 145|0x0000000717400000, 0x0000000717400000, 0x0000000717600000|  0%| F|  |TAMS 0x0000000717400000| PB 0x0000000717400000| Untracked |  0
| 146|0x0000000717600000, 0x0000000717600000, 0x0000000717800000|  0%| F|  |TAMS 0x0000000717600000| PB 0x0000000717600000| Untracked |  0
| 147|0x0000000717800000, 0x0000000717800000, 0x0000000717a00000|  0%| F|  |TAMS 0x0000000717800000| PB 0x0000000717800000| Untracked |  0
| 148|0x0000000717a00000, 0x0000000717a00000, 0x0000000717c00000|  0%| F|  |TAMS 0x0000000717a00000| PB 0x0000000717a00000| Untracked |  0
| 149|0x0000000717c00000, 0x0000000717c00000, 0x0000000717e00000|  0%| F|  |TAMS 0x0000000717c00000| PB 0x0000000717c00000| Untracked |  0
| 150|0x0000000717e00000, 0x0000000717e00000, 0x0000000718000000|  0%| F|  |TAMS 0x0000000717e00000| PB 0x0000000717e00000| Untracked |  0
| 151|0x0000000718000000, 0x0000000718000000, 0x0000000718200000|  0%| F|  |TAMS 0x0000000718000000| PB 0x0000000718000000| Untracked |  0
| 152|0x0000000718200000, 0x0000000718200000, 0x0000000718400000|  0%| F|  |TAMS 0x0000000718200000| PB 0x0000000718200000| Untracked |  0
| 153|0x0000000718400000, 0x0000000718400000, 0x0000000718600000|  0%| F|  |TAMS 0x0000000718400000| PB 0x0000000718400000| Untracked |  0
| 154|0x0000000718600000, 0x0000000718600000, 0x0000000718800000|  0%| F|  |TAMS 0x0000000718600000| PB 0x0000000718600000| Untracked |  0
| 155|0x0000000718800000, 0x0000000718800000, 0x0000000718a00000|  0%| F|  |TAMS 0x0000000718800000| PB 0x0000000718800000| Untracked |  0
| 156|0x0000000718a00000, 0x0000000718a00000, 0x0000000718c00000|  0%| F|  |TAMS 0x0000000718a00000| PB 0x0000000718a00000| Untracked |  0
| 157|0x0000000718c00000, 0x0000000718c00000, 0x0000000718e00000|  0%| F|  |TAMS 0x0000000718c00000| PB 0x0000000718c00000| Untracked |  0
| 158|0x0000000718e00000, 0x0000000718e00000, 0x0000000719000000|  0%| F|  |TAMS 0x0000000718e00000| PB 0x0000000718e00000| Untracked |  0
| 159|0x0000000719000000, 0x0000000719000000, 0x0000000719200000|  0%| F|  |TAMS 0x0000000719000000| PB 0x0000000719000000| Untracked |  0
| 160|0x0000000719200000, 0x0000000719200000, 0x0000000719400000|  0%| F|  |TAMS 0x0000000719200000| PB 0x0000000719200000| Untracked |  0
| 161|0x0000000719400000, 0x0000000719400000, 0x0000000719600000|  0%| F|  |TAMS 0x0000000719400000| PB 0x0000000719400000| Untracked |  0
| 162|0x0000000719600000, 0x0000000719600000, 0x0000000719800000|  0%| F|  |TAMS 0x0000000719600000| PB 0x0000000719600000| Untracked |  0
| 163|0x0000000719800000, 0x0000000719800000, 0x0000000719a00000|  0%| F|  |TAMS 0x0000000719800000| PB 0x0000000719800000| Untracked |  0
| 164|0x0000000719a00000, 0x0000000719a00000, 0x0000000719c00000|  0%| F|  |TAMS 0x0000000719a00000| PB 0x0000000719a00000| Untracked |  0
| 165|0x0000000719c00000, 0x0000000719c00000, 0x0000000719e00000|  0%| F|  |TAMS 0x0000000719c00000| PB 0x0000000719c00000| Untracked |  0
| 166|0x0000000719e00000, 0x0000000719e00000, 0x000000071a000000|  0%| F|  |TAMS 0x0000000719e00000| PB 0x0000000719e00000| Untracked |  0
| 167|0x000000071a000000, 0x000000071a000000, 0x000000071a200000|  0%| F|  |TAMS 0x000000071a000000| PB 0x000000071a000000| Untracked |  0
| 168|0x000000071a200000, 0x000000071a200000, 0x000000071a400000|  0%| F|  |TAMS 0x000000071a200000| PB 0x000000071a200000| Untracked |  0
| 169|0x000000071a400000, 0x000000071a400000, 0x000000071a600000|  0%| F|  |TAMS 0x000000071a400000| PB 0x000000071a400000| Untracked |  0
| 170|0x000000071a600000, 0x000000071a600000, 0x000000071a800000|  0%| F|  |TAMS 0x000000071a600000| PB 0x000000071a600000| Untracked |  0
| 171|0x000000071a800000, 0x000000071a800000, 0x000000071aa00000|  0%| F|  |TAMS 0x000000071a800000| PB 0x000000071a800000| Untracked |  0
| 172|0x000000071aa00000, 0x000000071aa00000, 0x000000071ac00000|  0%| F|  |TAMS 0x000000071aa00000| PB 0x000000071aa00000| Untracked |  0
| 173|0x000000071ac00000, 0x000000071ac00000, 0x000000071ae00000|  0%| F|  |TAMS 0x000000071ac00000| PB 0x000000071ac00000| Untracked |  0
| 174|0x000000071ae00000, 0x000000071ae00000, 0x000000071b000000|  0%| F|  |TAMS 0x000000071ae00000| PB 0x000000071ae00000| Untracked |  0
| 175|0x000000071b000000, 0x000000071b000000, 0x000000071b200000|  0%| F|  |TAMS 0x000000071b000000| PB 0x000000071b000000| Untracked |  0
| 176|0x000000071b200000, 0x000000071b200000, 0x000000071b400000|  0%| F|  |TAMS 0x000000071b200000| PB 0x000000071b200000| Untracked |  0
| 177|0x000000071b400000, 0x000000071b400000, 0x000000071b600000|  0%| F|  |TAMS 0x000000071b400000| PB 0x000000071b400000| Untracked |  0
| 178|0x000000071b600000, 0x000000071b600000, 0x000000071b800000|  0%| F|  |TAMS 0x000000071b600000| PB 0x000000071b600000| Untracked |  0
| 179|0x000000071b800000, 0x000000071b800000, 0x000000071ba00000|  0%| F|  |TAMS 0x000000071b800000| PB 0x000000071b800000| Untracked |  0
| 180|0x000000071ba00000, 0x000000071ba00000, 0x000000071bc00000|  0%| F|  |TAMS 0x000000071ba00000| PB 0x000000071ba00000| Untracked |  0
| 181|0x000000071bc00000, 0x000000071bc00000, 0x000000071be00000|  0%| F|  |TAMS 0x000000071bc00000| PB 0x000000071bc00000| Untracked |  0
| 182|0x000000071be00000, 0x000000071be00000, 0x000000071c000000|  0%| F|  |TAMS 0x000000071be00000| PB 0x000000071be00000| Untracked |  0
| 183|0x000000071c000000, 0x000000071c000000, 0x000000071c200000|  0%| F|  |TAMS 0x000000071c000000| PB 0x000000071c000000| Untracked |  0
| 184|0x000000071c200000, 0x000000071c200000, 0x000000071c400000|  0%| F|  |TAMS 0x000000071c200000| PB 0x000000071c200000| Untracked |  0
| 185|0x000000071c400000, 0x000000071c42bbe8, 0x000000071c600000|  8%| S|CS|TAMS 0x000000071c400000| PB 0x000000071c400000| Complete |  0
| 186|0x000000071c600000, 0x000000071c600000, 0x000000071c800000|  0%| F|  |TAMS 0x000000071c600000| PB 0x000000071c600000| Untracked |  0
| 187|0x000000071c800000, 0x000000071c800000, 0x000000071ca00000|  0%| F|  |TAMS 0x000000071c800000| PB 0x000000071c800000| Untracked |  0
| 188|0x000000071ca00000, 0x000000071ca00000, 0x000000071cc00000|  0%| F|  |TAMS 0x000000071ca00000| PB 0x000000071ca00000| Untracked |  0
| 189|0x000000071cc00000, 0x000000071cc00000, 0x000000071ce00000|  0%| F|  |TAMS 0x000000071cc00000| PB 0x000000071cc00000| Untracked |  0
| 190|0x000000071ce00000, 0x000000071ce00000, 0x000000071d000000|  0%| F|  |TAMS 0x000000071ce00000| PB 0x000000071ce00000| Untracked |  0
| 191|0x000000071d000000, 0x000000071d000000, 0x000000071d200000|  0%| F|  |TAMS 0x000000071d000000| PB 0x000000071d000000| Untracked |  0
| 192|0x000000071d200000, 0x000000071d261420, 0x000000071d400000| 18%| E|  |TAMS 0x000000071d200000| PB 0x000000071d200000| Complete |  0
|2005|0x00000007ffc00000, 0x00000007ffcc0600, 0x00000007ffe00000| 37%| O|  |TAMS 0x00000007ffc00000| PB 0x00000007ffc00000| Untracked |  0
|2006|0x00000007ffe00000, 0x0000000800000000, 0x0000000800000000|100%| E|CS|TAMS 0x00000007ffe00000| PB 0x00000007ffe00000| Complete |  0

Card table byte_map: [0x00000189bcbf0000,0x00000189bd3d0000] _byte_map_base: 0x00000189b93c7000

Marking Bits: (CMBitMap*) 0x00000189a4423aa0
 Bits: [0x00000189bd3d0000, 0x00000189c1288000)

Polling page: 0x00000189a21a0000

Metaspace:

Usage:
  Non-class:     17.83 MB used.
      Class:      1.83 MB used.
       Both:     19.67 MB used.

Virtual space:
  Non-class space:       64.00 MB reserved,      18.00 MB ( 28%) committed,  1 nodes.
      Class space:        1.00 GB reserved,       1.94 MB ( <1%) committed,  1 nodes.
             Both:        1.06 GB reserved,      19.94 MB (  2%) committed. 

Chunk freelists:
   Non-Class:  13.92 MB
       Class:  14.04 MB
        Both:  27.96 MB

MaxMetaspaceSize: unlimited
CompressedClassSpaceSize: 1.00 GB
Initial GC threshold: 21.00 MB
Current GC threshold: 33.06 MB
CDS: on
 - commit_granule_bytes: 65536.
 - commit_granule_words: 8192.
 - virtual_space_node_default_size: 8388608.
 - enlarge_chunks_in_place: 1.
UseCompressedClassPointers 1, UseCompactObjectHeaders 0
Narrow klass pointer bits 32, Max shift 3
Narrow klass base: 0x00000189c4000000, Narrow klass shift: 0
Encoding Range: [0x00000189c4000000 - 0x0000018ac4000000), (4294967296 bytes)
Klass Range:    [0x00000189c4000000 - 0x0000018a05000000), (1090519040 bytes)
Klass ID Range:  [8 - 1090519033) (1090519025)


Internal statistics:

num_allocs_failed_limit: 0.
num_arena_births: 190.
num_arena_deaths: 0.
num_vsnodes_births: 2.
num_vsnodes_deaths: 0.
num_space_committed: 319.
num_space_uncommitted: 0.
num_chunks_returned_to_freelist: 0.
num_chunks_taken_from_freelist: 365.
num_chunk_merges: 0.
num_chunk_splits: 235.
num_chunks_enlarged: 158.
num_inconsistent_stats: 0.

CodeHeap 'non-profiled nmethods': size=120064Kb used=1065Kb max_used=1108Kb free=118998Kb
 bounds [0x00000189b4980000, 0x00000189b4bf0000, 0x00000189bbec0000]
CodeHeap 'profiled nmethods': size=120000Kb used=4871Kb max_used=5302Kb free=115128Kb
 bounds [0x00000189acec0000, 0x00000189ad400000, 0x00000189b43f0000]
CodeHeap 'non-nmethods': size=5696Kb used=1651Kb max_used=1724Kb free=4044Kb
 bounds [0x00000189b43f0000, 0x00000189b4660000, 0x00000189b4980000]
CodeCache: size=245760Kb, used=7587Kb, max_used=8134Kb, free=238170Kb
 total_blobs=3889, nmethods=3078, adapters=714, full_count=0
Compilation: enabled, stopped_count=0, restarted_count=0

Compilation events (20 events):
Event: 2306.379 Thread 0x0000018a0902fae0 nmethod 3488 0x00000189ad0c6f08 code [0x00000189ad0c7060, 0x00000189ad0c7388]
Event: 2346.397 Thread 0x0000018a0902fae0 3489       3       sun.net.util.IPAddressUtil::checkAuth (45 bytes)
Event: 2346.398 Thread 0x0000018a0902fae0 nmethod 3489 0x00000189acf8e708 code [0x00000189acf8e920, 0x00000189acf8f6c0]
Event: 2416.416 Thread 0x0000018a0902fae0 3490       3       java.net.URLStreamHandler::parseURL (1124 bytes)
Event: 2416.436 Thread 0x0000018a0902fae0 nmethod 3490 0x00000189ad3eda88 code [0x00000189ad3eeb40, 0x00000189ad3ff178]
Event: 2421.416 Thread 0x0000018a0902fae0 3491       3       sun.net.www.protocol.file.Handler::parseURL (18 bytes)
Event: 2421.417 Thread 0x0000018a0902fae0 nmethod 3491 0x00000189ad16dd08 code [0x00000189ad16de40, 0x00000189ad16e078]
Event: 2441.422 Thread 0x0000018a0902fae0 3492   !   3       jdk.internal.loader.URLClassPath$FileLoader::getResource (143 bytes)
Event: 2441.424 Thread 0x0000018a0902fae0 nmethod 3492 0x00000189aced3808 code [0x00000189aced3aa0, 0x00000189aced50c0]
Event: 2496.439 Thread 0x0000018a0902fae0 3493       3       jdk.internal.loader.URLClassPath$JarLoader::findResource (17 bytes)
Event: 2496.440 Thread 0x0000018a0902fae0 nmethod 3493 0x00000189ad19f988 code [0x00000189ad19fac0, 0x00000189ad19fd38]
Event: 2506.443 Thread 0x0000018a0902fae0 3494       3       jdk.internal.loader.URLClassPath$FileLoader::findResource (17 bytes)
Event: 2506.444 Thread 0x0000018a0902fae0 nmethod 3494 0x00000189ad205288 code [0x00000189ad2053c0, 0x00000189ad205638]
Event: 2546.452 Thread 0x0000018a0902fae0 3496       3       java.lang.ref.ReferenceQueue::remove0 (67 bytes)
Event: 2546.453 Thread 0x0000018a0902fae0 nmethod 3496 0x00000189ad26ef88 code [0x00000189ad26f100, 0x00000189ad26f560]
Event: 2546.453 Thread 0x0000018a0902fae0 3495   !   3       java.lang.ref.ReferenceQueue::remove (49 bytes)
Event: 2546.454 Thread 0x0000018a0902fae0 nmethod 3495 0x00000189ad036e88 code [0x00000189ad037020, 0x00000189ad0379d0]
Event: 2661.477 Thread 0x0000018a0902fae0 3497   !   3       com.mysql.cj.jdbc.AbandonedConnectionCleanupThread::checkThreadContextClassLoader (20 bytes)
Event: 2661.478 Thread 0x0000018a0902fae0 nmethod 3497 0x00000189acfc4b08 code [0x00000189acfc4c80, 0x00000189acfc52b8]
Event: 10861.654 Thread 0x0000018a0902af20 3498       4       java.lang.String::replace (42 bytes)

GC Heap History (14 events):
Event: 1.550 GC heap before
{Heap before GC invocations=0 (full 0):
 garbage-first heap   total reserved 4110336K, committed 260096K, used 87152K [0x0000000705200000, 0x0000000800000000)
  region size 2048K, 24 young (49152K), 0 survivors (0K)
 Metaspace       used 7336K, committed 7488K, reserved 1114112K
  class space    used 591K, committed 704K, reserved 1048576K
}
Event: 1.556 GC heap after
{Heap after GC invocations=1 (full 0):
 garbage-first heap   total reserved 4110336K, committed 260096K, used 42310K [0x0000000705200000, 0x0000000800000000)
  region size 2048K, 3 young (6144K), 3 survivors (6144K)
 Metaspace       used 7336K, committed 7488K, reserved 1114112K
  class space    used 591K, committed 704K, reserved 1048576K
}
Event: 51.588 GC heap before
{Heap before GC invocations=1 (full 0):
 garbage-first heap   total reserved 4110336K, committed 260096K, used 195910K [0x0000000705200000, 0x0000000800000000)
  region size 2048K, 50 young (102400K), 3 survivors (6144K)
 Metaspace       used 19993K, committed 20288K, reserved 1114112K
  class space    used 1874K, committed 1984K, reserved 1048576K
}
Event: 51.598 GC heap after
{Heap after GC invocations=2 (full 0):
 garbage-first heap   total reserved 4110336K, committed 260096K, used 115905K [0x0000000705200000, 0x0000000800000000)
  region size 2048K, 7 young (14336K), 7 survivors (14336K)
 Metaspace       used 19993K, committed 20288K, reserved 1114112K
  class space    used 1874K, committed 1984K, reserved 1048576K
}
Event: 51.665 GC heap before
{Heap before GC invocations=2 (full 0):
 garbage-first heap   total reserved 4110336K, committed 260096K, used 124097K [0x0000000705200000, 0x0000000800000000)
  region size 2048K, 10 young (20480K), 7 survivors (14336K)
 Metaspace       used 20001K, committed 20288K, reserved 1114112K
  class space    used 1874K, committed 1984K, reserved 1048576K
}
Event: 51.672 GC heap after
{Heap after GC invocations=3 (full 0):
 garbage-first heap   total reserved 4110336K, committed 260096K, used 119816K [0x0000000705200000, 0x0000000800000000)
  region size 2048K, 1 young (2048K), 1 survivors (2048K)
 Metaspace       used 20001K, committed 20288K, reserved 1114112K
  class space    used 1874K, committed 1984K, reserved 1048576K
}
Event: 52.217 GC heap before
{Heap before GC invocations=4 (full 0):
 garbage-first heap   total reserved 4110336K, committed 260096K, used 257032K [0x0000000705200000, 0x0000000800000000)
  region size 2048K, 32 young (65536K), 1 survivors (2048K)
 Metaspace       used 20009K, committed 20288K, reserved 1114112K
  class space    used 1875K, committed 1984K, reserved 1048576K
}
Event: 52.220 GC heap after
{Heap after GC invocations=5 (full 0):
 garbage-first heap   total reserved 4110336K, committed 262144K, used 193422K [0x0000000705200000, 0x0000000800000000)
  region size 2048K, 1 young (2048K), 1 survivors (2048K)
 Metaspace       used 20009K, committed 20288K, reserved 1114112K
  class space    used 1875K, committed 1984K, reserved 1048576K
}
Event: 52.331 GC heap before
{Heap before GC invocations=5 (full 0):
 garbage-first heap   total reserved 4110336K, committed 262144K, used 258958K [0x0000000705200000, 0x0000000800000000)
  region size 2048K, 12 young (24576K), 1 survivors (2048K)
 Metaspace       used 20009K, committed 20288K, reserved 1114112K
  class space    used 1875K, committed 1984K, reserved 1048576K
}
Event: 52.335 GC heap after
{Heap after GC invocations=6 (full 0):
 garbage-first heap   total reserved 4110336K, committed 266240K, used 236360K [0x0000000705200000, 0x0000000800000000)
  region size 2048K, 1 young (2048K), 1 survivors (2048K)
 Metaspace       used 20009K, committed 20288K, reserved 1114112K
  class space    used 1875K, committed 1984K, reserved 1048576K
}
Event: 52.378 GC heap before
{Heap before GC invocations=6 (full 0):
 garbage-first heap   total reserved 4110336K, committed 266240K, used 246600K [0x0000000705200000, 0x0000000800000000)
  region size 2048K, 6 young (12288K), 1 survivors (2048K)
 Metaspace       used 20009K, committed 20288K, reserved 1114112K
  class space    used 1875K, committed 1984K, reserved 1048576K
}
Event: 52.381 GC heap after
{Heap after GC invocations=7 (full 0):
 garbage-first heap   total reserved 4110336K, committed 266240K, used 236356K [0x0000000705200000, 0x0000000800000000)
  region size 2048K, 1 young (2048K), 1 survivors (2048K)
 Metaspace       used 20009K, committed 20288K, reserved 1114112K
  class space    used 1875K, committed 1984K, reserved 1048576K
}
Event: 82.849 GC heap before
{Heap before GC invocations=8 (full 0):
 garbage-first heap   total reserved 4110336K, committed 399360K, used 254788K [0x0000000705200000, 0x0000000800000000)
  region size 2048K, 9 young (18432K), 1 survivors (2048K)
 Metaspace       used 20085K, committed 20352K, reserved 1114112K
  class space    used 1876K, committed 1984K, reserved 1048576K
}
Event: 82.853 GC heap after
{Heap after GC invocations=9 (full 0):
 garbage-first heap   total reserved 4110336K, committed 399360K, used 240560K [0x0000000705200000, 0x0000000800000000)
  region size 2048K, 1 young (2048K), 1 survivors (2048K)
 Metaspace       used 20085K, committed 20352K, reserved 1114112K
  class space    used 1876K, committed 1984K, reserved 1048576K
}

Dll operation events (12 events):
Event: 0.012 Loaded shared library C:\Program Files\Apache NetBeans\jdk\bin\java.dll
Event: 0.044 Loaded shared library C:\Program Files\Apache NetBeans\jdk\bin\jsvml.dll
Event: 0.073 Loaded shared library C:\Program Files\Apache NetBeans\jdk\bin\net.dll
Event: 0.076 Loaded shared library C:\Program Files\Apache NetBeans\jdk\bin\nio.dll
Event: 0.097 Loaded shared library C:\Program Files\Apache NetBeans\jdk\bin\zip.dll
Event: 0.108 Loaded shared library C:\Program Files\Apache NetBeans\jdk\bin\jimage.dll
Event: 0.118 Loaded shared library C:\Program Files\Apache NetBeans\jdk\bin\awt.dll
Event: 0.501 Loaded shared library C:\Program Files\Apache NetBeans\jdk\bin\javajpeg.dll
Event: 0.745 Loaded shared library C:\Program Files\Apache NetBeans\jdk\bin\freetype.dll
Event: 0.747 Loaded shared library C:\Program Files\Apache NetBeans\jdk\bin\fontmanager.dll
Event: 4.904 Loaded shared library C:\Program Files\Apache NetBeans\jdk\bin\extnet.dll
Event: 5.137 Loaded shared library C:\Program Files\Apache NetBeans\jdk\bin\sunmscapi.dll

Deoptimization events (20 events):
Event: 28.045 Thread 0x0000018a09ce5680 DEOPT PACKING pc=0x00000189b4a71ba4 sp=0x0000006b11afe490
Event: 28.045 Thread 0x0000018a09ce5680 DEOPT UNPACKING pc=0x00000189b4507a82 sp=0x0000006b11afe408 mode 2
Event: 28.241 Thread 0x0000018a09ce5680 Uncommon trap: trap_request=0xffffff5c fr.pc=0x00000189b49d50e4 relative=0x0000000000000064
Event: 28.241 Thread 0x0000018a09ce5680 Uncommon trap: reason=speculate_null_check action=make_not_entrant pc=0x00000189b49d50e4 method=jdk.internal.misc.Unsafe.getCharUnaligned(Ljava/lang/Object;JZ)C @ 5 c2
Event: 28.241 Thread 0x0000018a09ce5680 DEOPT PACKING pc=0x00000189b49d50e4 sp=0x0000006b11afd1c0
Event: 28.241 Thread 0x0000018a09ce5680 DEOPT UNPACKING pc=0x00000189b4507a82 sp=0x0000006b11afd118 mode 2
Event: 28.250 Thread 0x0000018a09ce5680 Uncommon trap: trap_request=0xffffff5c fr.pc=0x00000189b4a44860 relative=0x0000000000000060
Event: 28.250 Thread 0x0000018a09ce5680 Uncommon trap: reason=speculate_null_check action=make_not_entrant pc=0x00000189b4a44860 method=jdk.internal.misc.Unsafe.getLongUnaligned(Ljava/lang/Object;JZ)J @ 5 c2
Event: 28.250 Thread 0x0000018a09ce5680 DEOPT PACKING pc=0x00000189b4a44860 sp=0x0000006b11afd080
Event: 28.250 Thread 0x0000018a09ce5680 DEOPT UNPACKING pc=0x00000189b4507a82 sp=0x0000006b11afd000 mode 2
Event: 47.520 Thread 0x0000018a09ce5680 Uncommon trap: trap_request=0xffffff6e fr.pc=0x00000189b4a84958 relative=0x0000000000000318
Event: 47.520 Thread 0x0000018a09ce5680 Uncommon trap: reason=loop_limit_check action=maybe_recompile pc=0x00000189b4a84958 method=java.awt.EventDispatchThread.filterAndCheckEvent(Ljava/awt/AWTEvent;)Z @ 22 c2
Event: 47.520 Thread 0x0000018a09ce5680 DEOPT PACKING pc=0x00000189b4a84958 sp=0x0000006b11aff3e0
Event: 47.520 Thread 0x0000018a09ce5680 DEOPT UNPACKING pc=0x00000189b4507a82 sp=0x0000006b11aff370 mode 2
Event: 48.636 Thread 0x0000018a09ce5680 DEOPT PACKING pc=0x00000189ad2027b1 sp=0x0000006b11afd8e0
Event: 48.636 Thread 0x0000018a09ce5680 DEOPT UNPACKING pc=0x00000189b4445722 sp=0x0000006b11afcd68 mode 0
Event: 51.248 Thread 0x0000018a09ce5680 Uncommon trap: trap_request=0xffffff4d fr.pc=0x00000189b4a7c1d8 relative=0x0000000000000938
Event: 51.248 Thread 0x0000018a09ce5680 Uncommon trap: reason=unstable_if action=reinterpret pc=0x00000189b4a7c1d8 method=java.awt.Toolkit$SelectiveAWTEventListener.eventDispatched(Ljava/awt/AWTEvent;)V @ 230 c2
Event: 51.248 Thread 0x0000018a09ce5680 DEOPT PACKING pc=0x00000189b4a7c1d8 sp=0x0000006b11afece0
Event: 51.248 Thread 0x0000018a09ce5680 DEOPT UNPACKING pc=0x00000189b4507a82 sp=0x0000006b11afec80 mode 2

Classes loaded (20 events):
Event: 28.251 Loading class jdk/internal/foreign/HeapMemorySegmentImpl done
Event: 28.251 Loading class jdk/internal/foreign/HeapMemorySegmentImpl$OfByte done
Event: 28.252 Loading class jdk/internal/foreign/GlobalSession$HeapSession
Event: 28.252 Loading class jdk/internal/foreign/GlobalSession$HeapSession done
Event: 36.470 Loading class sun/awt/windows/WChoicePeer$2
Event: 36.471 Loading class sun/awt/windows/WChoicePeer$2 done
Event: 36.473 Loading class java/awt/event/ItemEvent
Event: 36.473 Loading class java/awt/event/ItemEvent done
Event: 36.477 Loading class java/awt/List
Event: 36.478 Loading class java/awt/List done
Event: 51.279 Loading class java/lang/Thread$ThreadNumbering
Event: 51.279 Loading class java/lang/Thread$ThreadNumbering done
Event: 51.681 Loading class sun/security/ssl/Alert
Event: 51.681 Loading class sun/security/ssl/Alert done
Event: 51.682 Loading class sun/security/ssl/Alert$AlertConsumer
Event: 51.682 Loading class sun/security/ssl/Alert$AlertConsumer done
Event: 51.682 Loading class sun/security/ssl/Alert$Level
Event: 51.682 Loading class sun/security/ssl/Alert$Level done
Event: 52.628 Loading class jdk/internal/event/ThreadSleepEvent
Event: 52.629 Loading class jdk/internal/event/ThreadSleepEvent done

Classes unloaded (0 events):
No events

Classes redefined (0 events):
No events

Internal exceptions (20 events):
Event: 0.925 Thread 0x0000018a09ce5680 Exception <a 'java/io/FileNotFoundException'{0x000000071227f118}> (0x000000071227f118) 
thrown [s\src\hotspot\share\prims\jni.cpp, line 518]
Event: 0.925 Thread 0x0000018a09ce5680 Exception <a 'java/io/FileNotFoundException'{0x0000000712280300}> (0x0000000712280300) 
thrown [s\src\hotspot\share\prims\jni.cpp, line 518]
Event: 1.586 Thread 0x0000018a09ce5680 Exception <a 'java/lang/NoSuchMethodError'{0x0000000714b9a8b8}: 'void java.lang.invoke.DelegatingMethodHandle$Holder.reinvoke_L(java.lang.Object, java.lang.Object, java.lang.Object, java.lang.Object, long, long, float)'> (0x0000000714b9a8b8) 
thrown [s\src\hotspot\share\interpreter\linkResolver.cpp, line 805]
Event: 1.588 Thread 0x0000018a09ce5680 Exception <a 'java/lang/NoSuchMethodError'{0x0000000714bbb158}: 'java.lang.Object java.lang.invoke.DirectMethodHandle$Holder.invokeStatic(java.lang.Object, java.lang.Object, java.lang.Object, java.lang.Object, java.lang.Object, long)'> (0x0000000714bbb158) 
thrown [s\src\hotspot\share\interpreter\linkResolver.cpp, line 805]
Event: 1.605 Thread 0x0000018a09ce5680 Exception <a 'java/lang/NoSuchMethodError'{0x0000000714bff3d0}: 'float java.lang.invoke.DelegatingMethodHandle$Holder.reinvoke_L(java.lang.Object, java.lang.Object, java.lang.Object, java.lang.Object, long, long)'> (0x0000000714bff3d0) 
thrown [s\src\hotspot\share\interpreter\linkResolver.cpp, line 805]
Event: 4.706 Thread 0x0000018a09ce5680 Exception <a 'java/lang/NoSuchMethodError'{0x0000000714884eb8}: 'void java.lang.invoke.DirectMethodHandle$Holder.invokeStatic(java.lang.Object, java.lang.Object)'> (0x0000000714884eb8) 
thrown [s\src\hotspot\share\interpreter\linkResolver.cpp, line 805]
Event: 4.712 Thread 0x0000018a09ce5680 Implicit null exception at 0x00000189b49cfaf5 to 0x00000189b49cfba8
Event: 4.751 Thread 0x0000018a09ce5680 Exception <a 'java/lang/NoSuchMethodError'{0x000000071461ffd8}: 'java.lang.Object java.lang.invoke.DirectMethodHandle$Holder.invokeInterface(java.lang.Object, java.lang.Object)'> (0x000000071461ffd8) 
thrown [s\src\hotspot\share\interpreter\linkResolver.cpp, line 805]
Event: 4.801 Thread 0x0000018a09ce5680 Exception <a 'java/lang/NoSuchMethodError'{0x00000007144c5f08}: 'void java.lang.invoke.DirectMethodHandle$Holder.invokeStatic(java.lang.Object, java.lang.Object, java.lang.Object)'> (0x00000007144c5f08) 
thrown [s\src\hotspot\share\interpreter\linkResolver.cpp, line 805]
Event: 4.805 Thread 0x0000018a09ce5680 Exception <a 'java/lang/NoSuchMethodError'{0x00000007144dd8d8}: 'java.lang.Object java.lang.invoke.DirectMethodHandle$Holder.invokeVirtual(java.lang.Object, java.lang.Object, java.lang.Object)'> (0x00000007144dd8d8) 
thrown [s\src\hotspot\share\interpreter\linkResolver.cpp, line 805]
Event: 4.967 Thread 0x0000018a09ce5680 Exception <a 'java/lang/NoSuchMethodError'{0x0000000714193698}: 'void java.lang.invoke.DirectMethodHandle$Holder.invokeStaticInit(java.lang.Object, java.lang.Object)'> (0x0000000714193698) 
thrown [s\src\hotspot\share\interpreter\linkResolver.cpp, line 805]
Event: 5.048 Thread 0x0000018a09ce5680 Exception <a 'sun/nio/fs/WindowsException'{0x0000000713ee48d8}> (0x0000000713ee48d8) 
thrown [s\src\hotspot\share\prims\jni.cpp, line 518]
Event: 5.087 Thread 0x0000018a09ce5680 Exception <a 'java/lang/NoSuchMethodError'{0x0000000713f8dd38}: 'java.lang.Object java.lang.invoke.DirectMethodHandle$Holder.invokeStaticInit(java.lang.Object, int, int, int, int)'> (0x0000000713f8dd38) 
thrown [s\src\hotspot\share\interpreter\linkResolver.cpp, line 805]
Event: 5.109 Thread 0x0000018a09ce5680 Exception <a 'java/lang/NoSuchMethodError'{0x0000000713c69090}: 'java.lang.Object java.lang.invoke.DirectMethodHandle$Holder.invokeStaticInit(java.lang.Object, java.lang.Object, int, int, int, int)'> (0x0000000713c69090) 
thrown [s\src\hotspot\share\interpreter\linkResolver.cpp, line 805]
Event: 5.378 Thread 0x0000018a09ce5680 Exception <a 'java/lang/NoSuchMethodError'{0x0000000713a36f28}: 'java.lang.Object java.lang.invoke.Invokers$Holder.invoke_MT(java.lang.Object, java.lang.Object, java.lang.Object, java.lang.Object, java.lang.Object, java.lang.Object)'> (0x0000000713a36f28) 
thrown [s\src\hotspot\share\interpreter\linkResolver.cpp, line 805]
Event: 5.379 Thread 0x0000018a09ce5680 Exception <a 'java/lang/NoSuchMethodError'{0x0000000713a3fea8}: 'java.lang.Object java.lang.invoke.DirectMethodHandle$Holder.invokeStatic(java.lang.Object, java.lang.Object, int)'> (0x0000000713a3fea8) 
thrown [s\src\hotspot\share\interpreter\linkResolver.cpp, line 805]
Event: 5.381 Thread 0x0000018a09ce5680 Exception <a 'java/lang/NoSuchMethodError'{0x0000000713a617b8}: 'void java.lang.invoke.DelegatingMethodHandle$Holder.delegate(java.lang.Object, java.lang.Object, int, java.lang.Object)'> (0x0000000713a617b8) 
thrown [s\src\hotspot\share\interpreter\linkResolver.cpp, line 805]
Event: 5.382 Thread 0x0000018a09ce5680 Exception <a 'java/lang/NoSuchMethodError'{0x0000000713a6a308}: 'int java.lang.invoke.DirectMethodHandle$Holder.invokeSpecial(java.lang.Object, java.lang.Object, java.lang.Object)'> (0x0000000713a6a308) 
thrown [s\src\hotspot\share\interpreter\linkResolver.cpp, line 805]
Event: 28.239 Thread 0x0000018a09ce5680 Exception <a 'java/lang/NoSuchMethodError'{0x00000007115aae20}: 'int java.lang.invoke.DelegatingMethodHandle$Holder.reinvoke_L(java.lang.Object, java.lang.Object, java.lang.Object, java.lang.Object, long, long)'> (0x00000007115aae20) 
thrown [s\src\hotspot\share\interpreter\linkResolver.cpp, line 805]
Event: 28.243 Thread 0x0000018a09ce5680 Exception <a 'java/lang/NoSuchMethodError'{0x00000007115dd320}: 'long java.lang.invoke.DelegatingMethodHandle$Holder.reinvoke_L(java.lang.Object, java.lang.Object, java.lang.Object, java.lang.Object, long, long)'> (0x00000007115dd320) 
thrown [s\src\hotspot\share\interpreter\linkResolver.cpp, line 805]

VM Operations (20 events):
Event: 52.217 Executing VM operation: G1CollectForAllocation (G1 Evacuation Pause)
Event: 52.220 Executing VM operation: G1CollectForAllocation (G1 Evacuation Pause) done
Event: 52.331 Executing VM operation: G1CollectForAllocation (G1 Evacuation Pause)
Event: 52.335 Executing VM operation: G1CollectForAllocation (G1 Evacuation Pause) done
Event: 52.378 Executing VM operation: G1CollectForAllocation (G1 Evacuation Pause)
Event: 52.381 Executing VM operation: G1CollectForAllocation (G1 Evacuation Pause) done
Event: 52.389 Executing VM operation: G1PauseRemark
Event: 52.393 Executing VM operation: G1PauseRemark done
Event: 52.397 Executing VM operation: G1PauseCleanup
Event: 52.397 Executing VM operation: G1PauseCleanup done
Event: 60.162 Executing VM operation: HandshakeAllThreads (HandshakeForDeflation)
Event: 60.162 Executing VM operation: HandshakeAllThreads (HandshakeForDeflation) done
Event: 60.162 Executing VM operation: RendezvousGCThreads
Event: 60.162 Executing VM operation: RendezvousGCThreads done
Event: 82.849 Executing VM operation: G1CollectForAllocation (G1 Evacuation Pause)
Event: 82.853 Executing VM operation: G1CollectForAllocation (G1 Evacuation Pause) done
Event: 756.985 Executing VM operation: HandshakeAllThreads (HandshakeForDeflation)
Event: 756.985 Executing VM operation: HandshakeAllThreads (HandshakeForDeflation) done
Event: 756.985 Executing VM operation: RendezvousGCThreads
Event: 756.985 Executing VM operation: RendezvousGCThreads done

Memory protections (0 events):
No events

Nmethod flushes (20 events):
Event: 52.391 Thread 0x00000189c3591530 flushing  nmethod 0x00000189ad1a0888
Event: 52.391 Thread 0x00000189c3591530 flushing  nmethod 0x00000189ad1a0b88
Event: 52.391 Thread 0x00000189c3591530 flushing  nmethod 0x00000189ad1a1108
Event: 52.391 Thread 0x00000189c3591530 flushing  nmethod 0x00000189ad1a1608
Event: 52.391 Thread 0x00000189c3591530 flushing  nmethod 0x00000189ad1a4108
Event: 52.391 Thread 0x00000189c3591530 flushing  nmethod 0x00000189ad1a4f08
Event: 52.391 Thread 0x00000189c3591530 flushing  nmethod 0x00000189ad1a7a08
Event: 52.391 Thread 0x00000189c3591530 flushing  nmethod 0x00000189ad1ac508
Event: 52.391 Thread 0x00000189c3591530 flushing  nmethod 0x00000189ad1af408
Event: 52.391 Thread 0x00000189c3591530 flushing  nmethod 0x00000189ad1cdb08
Event: 52.391 Thread 0x00000189c3591530 flushing  nmethod 0x00000189ad1cfb08
Event: 52.391 Thread 0x00000189c3591530 flushing  nmethod 0x00000189ad1d4708
Event: 52.391 Thread 0x00000189c3591530 flushing  nmethod 0x00000189ad1fdc08
Event: 52.391 Thread 0x00000189c3591530 flushing  nmethod 0x00000189ad21d008
Event: 52.391 Thread 0x00000189c3591530 flushing  nmethod 0x00000189ad26d408
Event: 52.391 Thread 0x00000189c3591530 flushing  nmethod 0x00000189ad26ef88
Event: 52.391 Thread 0x00000189c3591530 flushing  nmethod 0x00000189ad26f288
Event: 52.391 Thread 0x00000189c3591530 flushing  nmethod 0x00000189ad26f908
Event: 52.391 Thread 0x00000189c3591530 flushing  nmethod 0x00000189ad274b88
Event: 52.391 Thread 0x00000189c3591530 flushing  nmethod 0x00000189ad2a2b88

Events (20 events):
Event: 4.762 Thread 0x0000018a0902fae0 Thread added: 0x0000018a09b182b0
Event: 4.783 Thread 0x0000018a0902fae0 Thread added: 0x0000018a09b4de80
Event: 5.480 Thread 0x0000018a09ce5680 Thread added: 0x0000018a0af857a0
Event: 5.740 Thread 0x0000018a09b4de80 Thread exited: 0x0000018a09b4de80
Event: 5.740 Thread 0x0000018a09b182b0 Thread exited: 0x0000018a09b182b0
Event: 10.534 Thread 0x0000018a099e83e0 Thread exited: 0x0000018a099e83e0
Event: 12.727 Thread 0x0000018a0902fae0 Thread added: 0x0000018a0afba170
Event: 13.344 Thread 0x0000018a0afba170 Thread exited: 0x0000018a0afba170
Event: 16.114 Thread 0x0000018a09ce5680 Thread added: 0x0000018a0af85050
Event: 20.424 Thread 0x0000018a0902fae0 Thread added: 0x0000018a090657d0
Event: 20.851 Thread 0x0000018a090657d0 Thread exited: 0x0000018a090657d0
Event: 36.275 Thread 0x0000018a0af85050 Thread exited: 0x0000018a0af85050
Event: 48.608 Thread 0x0000018a09ce5680 Thread added: 0x0000018a0af82bc0
Event: 51.432 Thread 0x0000018a09ce5680 Thread added: 0x0000018a0af83310
Event: 52.573 Thread 0x0000018a09ce5680 Thread added: 0x0000018a0af841b0
Event: 57.446 Thread 0x0000018a0af82bc0 Thread exited: 0x0000018a0af82bc0
Event: 57.572 Thread 0x0000018a0af83310 Thread exited: 0x0000018a0af83310
Event: 80.689 Thread 0x0000018a0af841b0 Thread exited: 0x0000018a0af841b0
Event: 82.846 Thread 0x0000018a09ce5680 Thread added: 0x0000018a0af82bc0
Event: 87.868 Thread 0x0000018a0af82bc0 Thread exited: 0x0000018a0af82bc0


Dynamic libraries:
0x00007ff7e0b50000 - 0x00007ff7e0b5e000 	C:\Program Files\Apache NetBeans\jdk\bin\java.exe
0x00007ffd52bc0000 - 0x00007ffd52e29000 	C:\WINDOWS\SYSTEM32\ntdll.dll
0x00007ffd51710000 - 0x00007ffd517d9000 	C:\WINDOWS\System32\KERNEL32.DLL
0x00007ffd50590000 - 0x00007ffd50983000 	C:\WINDOWS\System32\KERNELBASE.dll
0x00007ffd4ff80000 - 0x00007ffd500cb000 	C:\WINDOWS\System32\ucrtbase.dll
0x00007ffd14850000 - 0x00007ffd14866000 	C:\Program Files\Apache NetBeans\jdk\bin\jli.dll
0x00007ffd2b370000 - 0x00007ffd2b38e000 	C:\Program Files\Apache NetBeans\jdk\bin\VCRUNTIME140.dll
0x00007ffd529b0000 - 0x00007ffd52b74000 	C:\WINDOWS\System32\USER32.dll
0x00007ffd4fe90000 - 0x00007ffd4feb7000 	C:\WINDOWS\System32\win32u.dll
0x00007ffd2cce0000 - 0x00007ffd2cf73000 	C:\WINDOWS\WinSxS\amd64_microsoft.windows.common-controls_6595b64144ccf1df_6.0.26100.5074_none_3e0d6f78e32fd63f\COMCTL32.dll
0x00007ffd50aa0000 - 0x00007ffd50acb000 	C:\WINDOWS\System32\GDI32.dll
0x00007ffd50ad0000 - 0x00007ffd50b79000 	C:\WINDOWS\System32\msvcrt.dll
0x00007ffd50170000 - 0x00007ffd5029d000 	C:\WINDOWS\System32\gdi32full.dll
0x00007ffd4fd50000 - 0x00007ffd4fdf3000 	C:\WINDOWS\System32\msvcp_win.dll
0x00007ffd516d0000 - 0x00007ffd516ff000 	C:\WINDOWS\System32\IMM32.DLL
0x00007ffd2acb0000 - 0x00007ffd2acbc000 	C:\Program Files\Apache NetBeans\jdk\bin\vcruntime140_1.dll
0x00007ffca5b60000 - 0x00007ffca5bed000 	C:\Program Files\Apache NetBeans\jdk\bin\msvcp140.dll
0x00007ffc97e70000 - 0x00007ffc98cec000 	C:\Program Files\Apache NetBeans\jdk\bin\server\jvm.dll
0x00007ffd50be0000 - 0x00007ffd50c94000 	C:\WINDOWS\System32\ADVAPI32.dll
0x00007ffd520e0000 - 0x00007ffd52186000 	C:\WINDOWS\System32\sechost.dll
0x00007ffd51870000 - 0x00007ffd51988000 	C:\WINDOWS\System32\RPCRT4.dll
0x00007ffd52250000 - 0x00007ffd522c4000 	C:\WINDOWS\System32\WS2_32.dll
0x00007ffd455b0000 - 0x00007ffd455bb000 	C:\WINDOWS\SYSTEM32\VERSION.dll
0x00007ffd4f4e0000 - 0x00007ffd4f53e000 	C:\WINDOWS\SYSTEM32\POWRPROF.dll
0x00007ffd43e20000 - 0x00007ffd43e55000 	C:\WINDOWS\SYSTEM32\WINMM.dll
0x00007ffd4f4c0000 - 0x00007ffd4f4d4000 	C:\WINDOWS\SYSTEM32\UMPDC.dll
0x00007ffd4eb30000 - 0x00007ffd4eb4b000 	C:\WINDOWS\SYSTEM32\kernel.appcore.dll
0x00007ffd24820000 - 0x00007ffd2482a000 	C:\Program Files\Apache NetBeans\jdk\bin\jimage.dll
0x00007ffd4d3b0000 - 0x00007ffd4d5f2000 	C:\WINDOWS\SYSTEM32\DBGHELP.DLL
0x00007ffd522f0000 - 0x00007ffd5266b000 	C:\WINDOWS\System32\combase.dll
0x00007ffd50e20000 - 0x00007ffd50ef7000 	C:\WINDOWS\System32\OLEAUT32.dll
0x00007ffd25b90000 - 0x00007ffd25bcd000 	C:\WINDOWS\SYSTEM32\dbgcore.DLL
0x00007ffd500d0000 - 0x00007ffd50169000 	C:\WINDOWS\System32\bcryptPrimitives.dll
0x00007ffd1d540000 - 0x00007ffd1d55e000 	C:\Program Files\Apache NetBeans\jdk\bin\java.dll
0x00007ffd510a0000 - 0x00007ffd51238000 	C:\WINDOWS\System32\ole32.dll
0x00007ffd51990000 - 0x00007ffd520dd000 	C:\WINDOWS\System32\SHELL32.dll
0x00007ffd502a0000 - 0x00007ffd5040c000 	C:\WINDOWS\System32\wintypes.dll
0x00007ffd4d950000 - 0x00007ffd4e1a9000 	C:\WINDOWS\SYSTEM32\windows.storage.dll
0x00007ffd50ca0000 - 0x00007ffd50d90000 	C:\WINDOWS\System32\SHCORE.dll
0x00007ffd50db0000 - 0x00007ffd50e12000 	C:\WINDOWS\System32\shlwapi.dll
0x00007ffd4fc70000 - 0x00007ffd4fc99000 	C:\WINDOWS\SYSTEM32\profapi.dll
0x00007ffcbd160000 - 0x00007ffcbd237000 	C:\Program Files\Apache NetBeans\jdk\bin\jsvml.dll
0x00007ffd23710000 - 0x00007ffd23720000 	C:\Program Files\Apache NetBeans\jdk\bin\net.dll
0x00007ffd4f120000 - 0x00007ffd4f18b000 	C:\WINDOWS\system32\mswsock.dll
0x00007ffd14690000 - 0x00007ffd146a6000 	C:\Program Files\Apache NetBeans\jdk\bin\nio.dll
0x00007ffd147e0000 - 0x00007ffd147f7000 	C:\Program Files\Apache NetBeans\jdk\bin\zip.dll
0x00007ffc9a8e0000 - 0x00007ffc9aa5e000 	C:\Program Files\Apache NetBeans\jdk\bin\awt.dll
0x00007ffd4ca10000 - 0x00007ffd4caae000 	C:\WINDOWS\SYSTEM32\apphelp.dll
0x00007ffd4cd70000 - 0x00007ffd4cd9b000 	C:\WINDOWS\system32\DWMAPI.DLL
0x00007ffd4cc30000 - 0x00007ffd4ccd8000 	C:\WINDOWS\system32\uxtheme.dll
0x00007ffc9a6d0000 - 0x00007ffc9a7dc000 	C:\WINDOWS\system32\opengl32.dll
0x00007ffcfac10000 - 0x00007ffcfac3d000 	C:\WINDOWS\SYSTEM32\GLU32.dll
0x00007ffd4cda0000 - 0x00007ffd4cde4000 	C:\WINDOWS\SYSTEM32\dxcore.dll
0x00007ffd50f30000 - 0x00007ffd51088000 	C:\WINDOWS\System32\MSCTF.dll
0x00007ffd43a70000 - 0x00007ffd43a9e000 	C:\Program Files\Apache NetBeans\jdk\bin\javajpeg.dll
0x00007ffc9cf40000 - 0x00007ffc9cfc7000 	C:\Program Files\Apache NetBeans\jdk\bin\freetype.dll
0x00007ffc99e60000 - 0x00007ffc99f39000 	C:\Program Files\Apache NetBeans\jdk\bin\fontmanager.dll
0x00007ffd2b970000 - 0x00007ffd2bab9000 	C:\WINDOWS\SYSTEM32\textinputframework.dll
0x00007ffd4c420000 - 0x00007ffd4c545000 	C:\WINDOWS\SYSTEM32\CoreMessaging.dll
0x00007ffd43280000 - 0x00007ffd43563000 	C:\WINDOWS\SYSTEM32\CoreUIComponents.dll
0x00007ffd4f3e0000 - 0x00007ffd4f3ec000 	C:\WINDOWS\SYSTEM32\CRYPTBASE.DLL
0x00007ffd4e580000 - 0x00007ffd4e6a6000 	C:\WINDOWS\SYSTEM32\DNSAPI.dll
0x00007ffd4e4f0000 - 0x00007ffd4e524000 	C:\WINDOWS\SYSTEM32\IPHLPAPI.DLL
0x00007ffd51090000 - 0x00007ffd5109a000 	C:\WINDOWS\System32\NSI.dll
0x00007ffd46610000 - 0x00007ffd4661b000 	C:\Windows\System32\rasadhlp.dll
0x00007ffd47990000 - 0x00007ffd47a16000 	C:\WINDOWS\System32\fwpuclnt.dll
0x00007ffd19930000 - 0x00007ffd19939000 	C:\Program Files\Apache NetBeans\jdk\bin\extnet.dll
0x00007ffd4f3c0000 - 0x00007ffd4f3db000 	C:\WINDOWS\SYSTEM32\CRYPTSP.dll
0x00007ffd4ea90000 - 0x00007ffd4eacb000 	C:\WINDOWS\system32\rsaenh.dll
0x00007ffd4f1c0000 - 0x00007ffd4f1eb000 	C:\WINDOWS\SYSTEM32\USERENV.dll
0x00007ffd4fc40000 - 0x00007ffd4fc66000 	C:\WINDOWS\SYSTEM32\bcrypt.dll
0x00007ffd47eb0000 - 0x00007ffd47ebe000 	C:\Program Files\Apache NetBeans\jdk\bin\sunmscapi.dll
0x00007ffd50410000 - 0x00007ffd50587000 	C:\WINDOWS\System32\CRYPT32.dll
0x00007ffd4f690000 - 0x00007ffd4f6c0000 	C:\WINDOWS\SYSTEM32\ncrypt.dll
0x00007ffd4f640000 - 0x00007ffd4f67f000 	C:\WINDOWS\SYSTEM32\NTASN1.dll
0x00007ffd52190000 - 0x00007ffd52241000 	C:\WINDOWS\System32\clbcatq.dll
0x00007ffd4b050000 - 0x00007ffd4b27f000 	C:\WINDOWS\SYSTEM32\WindowsCodecs.dll
0x00007ffd1cd50000 - 0x00007ffd1cdaa000 	C:\WINDOWS\system32\dataexchange.dll
0x00007ffd3b5c0000 - 0x00007ffd3b7f9000 	C:\WINDOWS\system32\twinapi.appcore.dll
0x00007ffd116b0000 - 0x00007ffd11ac9000 	C:\WINDOWS\system32\UIAutomationCore.DLL
0x00007ffd0f240000 - 0x00007ffd0f256000 	C:\Windows\System32\threadpoolwinrt.dll
0x00007ffd44060000 - 0x00007ffd440d8000 	C:\WINDOWS\system32\OLEACC.dll

JVMTI agents: none

dbghelp: loaded successfully - version: 4.0.5 - missing functions: none
symbol engine: initialized successfully - sym options: 0x614 - pdb path: .;C:\Program Files\Apache NetBeans\jdk\bin;C:\WINDOWS\SYSTEM32;C:\WINDOWS\WinSxS\amd64_microsoft.windows.common-controls_6595b64144ccf1df_6.0.26100.5074_none_3e0d6f78e32fd63f;C:\Program Files\Apache NetBeans\jdk\bin\server

VM Arguments:
jvm_args: -Dfile.encoding=UTF-8 --module-path=C:\Users\Piyush\Documents\NetBeansProjects\Travel Management System\build\classes 
java_command: travel.management.system.Dashboard
java_class_path (initial): C:\Users\Piyush\Downloads\mysql-connector-java-8.0.28.jar;C:\Users\Piyush\Documents\NetBeansProjects\Travel Management System\build\classes
Launcher Type: SUN_STANDARD

[Global flags]
     intx CICompilerCount                          = 4                                         {product} {ergonomic}
     uint ConcGCThreads                            = 3                                         {product} {ergonomic}
     uint G1ConcRefinementThreads                  = 10                                        {product} {ergonomic}
   size_t G1HeapRegionSize                         = 2097152                                   {product} {ergonomic}
   size_t InitialHeapSize                          = 264241152                                 {product} {ergonomic}
   size_t MarkStackSize                            = 4194304                                   {product} {ergonomic}
   size_t MarkStackSizeMax                         = 536870912                                 {product} {ergonomic}
   size_t MaxHeapSize                              = 4208984064                                {product} {ergonomic}
   size_t MaxNewSize                               = 2524971008                                {product} {ergonomic}
   size_t MinHeapDeltaBytes                        = 2097152                                   {product} {ergonomic}
   size_t MinHeapSize                              = 8388608                                   {product} {ergonomic}
    uintx NonNMethodCodeHeapSize                   = 5832704                                {pd product} {ergonomic}
    uintx NonProfiledCodeHeapSize                  = 122945536                              {pd product} {ergonomic}
    uintx ProfiledCodeHeapSize                     = 122880000                              {pd product} {ergonomic}
    uintx ReservedCodeCacheSize                    = 251658240                              {pd product} {ergonomic}
     bool SegmentedCodeCache                       = true                                      {product} {ergonomic}
   size_t SoftMaxHeapSize                          = 4208984064                             {manageable} {ergonomic}
     bool UseCompressedOops                        = true                           {product lp64_product} {ergonomic}
     bool UseG1GC                                  = true                                      {product} {ergonomic}
     bool UseLargePagesIndividualAllocation        = false                                  {pd product} {ergonomic}

Logging:
Log output configuration:
 #0: stdout all=warning uptime,level,tags foldmultilines=false
 #1: stderr all=off uptime,level,tags foldmultilines=false

Environment Variables:
PATH=C:\Program Files\Common Files\Oracle\Java\javapath;C:\Program Files (x86)\Common Files\Oracle\Java\javapath;C:\windows\system32;C:\windows;C:\windows\System32\Wbem;C:\windows\System32\WindowsPowerShell\v1.0\;C:\windows\System32\OpenSSH\;C:\Program Files (x86)\NVIDIA Corporation\PhysX\Common;C:\Program Files\NVIDIA Corporation\NVIDIA NvDLISR;C:\Program Files\MySQL\MySQL Server 8.0\bin;C:\MinGW\bin;C:\Users\Piyush\AppData\Roaming\Microsoft\Windows\Start Menu\Programs\Python 3.11;C:\Program Files\Git\cmd;C:\Program Files\Git\mingw64\bin;C:\Program Files\Git\usr\bin;C:\Program Files\Docker\Docker\resources\bin;C:\WINDOWS\system32;C:\WINDOWS;C:\WINDOWS\System32\Wbem;C:\WINDOWS\System32\WindowsPowerShell\v1.0\;C:\WINDOWS\System32\OpenSSH\;C:\Users\Piyush\AppData\Local\Programs\Python\Python312\Scripts\;C:\Users\Piyush\AppData\Local\Programs\Python\Python312\;C:\Users\Piyush\AppData\Local\Programs\Python\Launcher\;C:\Program Files\MySQL\MySQL Shell 8.0\bin\;C:\Users\Piyush\AppData\Local\Microsoft\WindowsApps;C:\Users\Piyush\AppData\Local\Programs\Microsoft VS Code\bin;;C:\Program Files\JetBrains\IntelliJ IDEA Community Edition 2024.3.4\bin;
USERNAME=Piyush
OS=Windows_NT
PROCESSOR_IDENTIFIER=Intel64 Family 6 Model 154 Stepping 3, GenuineIntel
TMP=C:\Users\Piyush\AppData\Local\Temp
TEMP=C:\Users\Piyush\AppData\Local\Temp




Periodic native trim disabled

---------------  S Y S T E M  ---------------

OS:
 Windows 11 , 64 bit Build 26100 (10.0.26100.5074)
OS uptime: 0 days 4:19 hours
Hyper-V role detected

CPU: total 12 (initial active 12) (6 cores per cpu, 2 threads per core) family 6 model 154 stepping 3 microcode 0x434, cx8, cmov, fxsr, ht, mmx, 3dnowpref, sse, sse2, sse3, ssse3, sse4.1, sse4.2, popcnt, lzcnt, tsc, tscinvbit, avx, avx2, aes, erms, clmul, bmi1, bmi2, adx, sha, fma, vzeroupper, clflush, clflushopt, clwb, hv, serialize, rdtscp, rdpid, fsrm, gfni, f16c, cet_ibt, cet_ss
Processor Information for processor 0
  Max Mhz: 2000, Current Mhz: 2000, Mhz Limit: 2000
Processor Information for processor 1
  Max Mhz: 2000, Current Mhz: 1520, Mhz Limit: 2000
Processor Information for processor 2
  Max Mhz: 2000, Current Mhz: 1520, Mhz Limit: 2000
Processor Information for processor 3
  Max Mhz: 2000, Current Mhz: 1520, Mhz Limit: 2000
Processor Information for processor 4
  Max Mhz: 2000, Current Mhz: 2000, Mhz Limit: 2000
Processor Information for processor 5
  Max Mhz: 2000, Current Mhz: 2000, Mhz Limit: 2000
Processor Information for processor 6
  Max Mhz: 2000, Current Mhz: 1520, Mhz Limit: 2000
Processor Information for processor 7
  Max Mhz: 2000, Current Mhz: 2000, Mhz Limit: 2000
Processor Information for processor 8
  Max Mhz: 2000, Current Mhz: 1466, Mhz Limit: 2000
Processor Information for processor 9
  Max Mhz: 2000, Current Mhz: 1466, Mhz Limit: 2000
Processor Information for processor 10
  Max Mhz: 2000, Current Mhz: 1466, Mhz Limit: 2000
Processor Information for processor 11
  Max Mhz: 2000, Current Mhz: 1466, Mhz Limit: 2000

Memory: 4k page, system-wide physical 16052M (4958M free)
TotalPageFile size 21856M (AvailPageFile size 3M)
current process WorkingSet (physical memory assigned to process): 80M, peak: 387M
current process commit charge ("private bytes"): 555M, peak: 557M

vm_info: OpenJDK 64-Bit Server VM (24.0.1+9) for windows-amd64 JRE (24.0.1+9) (Zulu24.30+11-CA), built on 2025-03-21T13:52:34Z with MS VC++ 17.1 (VS2022)

END.
