#
# There is insufficient memory for the Java Runtime Environment to continue.
# Native memory allocation (mmap) failed to map 264241152 bytes. Error detail: G1 virtual space
# Possible reasons:
#   The system is out of physical RAM or swap space
#   This process is running with CompressedOops enabled, and the Java Heap may be blocking the growth of the native heap
# Possible solutions:
#   Reduce memory load on the system
#   Increase physical memory or swap space
#   Check if swap backing store is full
#   Decrease Java heap size (-Xmx/-Xms)
#   Decrease number of Java threads
#   Decrease Java thread stack sizes (-Xss)
#   Set larger code cache with -XX:ReservedCodeCacheSize=
#   JVM is running with Zero Based Compressed Oops mode in which the Java heap is
#     placed in the first 32GB address space. The Java Heap base address is the
#     maximum limit for the native heap growth. Please use -XX:HeapBaseMinAddress
#     to set the Java Heap base and to place the Java Heap above 32GB virtual address.
# This output file may be truncated or incomplete.
#
#  Out of Memory Error (os_windows.cpp:3564), pid=26604, tid=19064
#
# JRE version:  (24.0.1+9) (build )
# Java VM: OpenJDK 64-Bit Server VM (24.0.1+9, mixed mode, sharing, tiered, compressed oops, compressed class ptrs, g1 gc, windows-amd64)
# No core dump will be written. Minidumps are not enabled by default on client versions of Windows
#

---------------  S U M M A R Y ------------

Command Line: -Dfile.encoding=UTF-8 --module-path=C:\Users\Piyush\Documents\NetBeansProjects\Travel Management System\build\classes travel.management.system.Splash

Host: 12th Gen Intel(R) Core(TM) i5-12450H, 12 cores, 15G,  Windows 11 , 64 bit Build 26100 (10.0.26100.5074)
Time: Fri Sep 12 22:32:58 2025 India Standard Time elapsed time: 1.074790 seconds (0d 0h 0m 1s)

---------------  T H R E A D  ---------------

Current thread (0x000001bcabf9dca0):  JavaThread "Unknown thread" [_thread_in_vm, id=19064, stack(0x000000a193600000,0x000000a193700000) (1024K)]

Stack: [0x000000a193600000,0x000000a193700000]
Native frames: (J=compiled Java code, j=interpreted, Vv=VM code, C=native code)
V  [jvm.dll+0x7410c9]  (no source info available)
V  [jvm.dll+0x97def3]  (no source info available)
V  [jvm.dll+0x98021d]  (no source info available)
V  [jvm.dll+0x980893]  (no source info available)
V  [jvm.dll+0x2b5b16]  (no source info available)
V  [jvm.dll+0x73d535]  (no source info available)
V  [jvm.dll+0x730d0a]  (no source info available)
V  [jvm.dll+0x39ea4a]  (no source info available)
V  [jvm.dll+0x3a6746]  (no source info available)
V  [jvm.dll+0x392fce]  (no source info available)
V  [jvm.dll+0x393288]  (no source info available)
V  [jvm.dll+0x369fcc]  (no source info available)
V  [jvm.dll+0x36ac8d]  (no source info available)
V  [jvm.dll+0x94069f]  (no source info available)
V  [jvm.dll+0x4077ad]  (no source info available)
V  [jvm.dll+0x928b1e]  (no source info available)
V  [jvm.dll+0x4a2c4e]  (no source info available)
V  [jvm.dll+0x4a4b81]  (no source info available)
C  [jli.dll+0x52a1]  (no source info available)
C  [ucrtbase.dll+0x37b0]  (no source info available)
C  [KERNEL32.DLL+0x2e8d7]  (no source info available)
C  [ntdll.dll+0x8d9c]  (no source info available)

Lock stack of current Java thread (top to bottom):


---------------  P R O C E S S  ---------------

Threads class SMR info:
_java_thread_list=0x00007ffc98b7bf58, length=0, elements={
}

Java Threads: ( => current thread )
Total: 0

Other Threads:
  0x000001bcae370c00 WorkerThread "GC Thread#0"                     [id=21152, stack(0x000000a193700000,0x000000a193800000) (1024K)]
  0x000001bcae3864c0 ConcurrentGCThread "G1 Main Marker"            [id=19396, stack(0x000000a193800000,0x000000a193900000) (1024K)]
  0x000001bcae387770 WorkerThread "G1 Conc#0"                       [id=24260, stack(0x000000a193900000,0x000000a193a00000) (1024K)]

[error occurred during error reporting (printing all threads), id 0xc0000005, EXCEPTION_ACCESS_VIOLATION (0xc0000005) at pc=0x00007ffc981eefaa]
VM state: not at safepoint (not fully initialized)

VM Mutex/Monitor currently owned by a thread:  ([mutex/lock_event])
[0x00007ffc98c050c8] Heap_lock - owner thread: 0x000001bcabf9dca0

Heap address: 0x0000000705200000, size: 4014 MB, Compressed Oops mode: Zero based, Oop shift amount: 3

CDS archive(s) mapped at: [0x0000000000000000-0x0000000000000000-0x0000000000000000), size 0, SharedBaseAddress: 0x0000000800000000, ArchiveRelocationMode: 1.
UseCompressedClassPointers 1, UseCompactObjectHeaders 0
Narrow klass pointer bits 32, Max shift 3
Narrow klass base: 0xffffffffffffffff, Narrow klass shift: -1
Encoding Range: [0xffffffffffffffff - 0x000000007fffffff), (2147483648 bytes)
Klass Range:    [0x0000000000000000 - 0x0000000000000000), (0 bytes)
Klass ID Range:  [4294967295 - 0) (1)

GC Precious Log:
 CardTable entry size: 512
 Card Set container configuration: InlinePtr #cards 4 size 8 Array Of Cards #cards 16 size 48 Howl #buckets 8 coarsen threshold 3686 Howl Bitmap #cards 512 size 80 coarsen threshold 460 Card regions per heap region 1 cards per card region 4096

Heap:
 garbage-first heap   total reserved 4110336K, committed 0K, used 0K [0x0000000705200000, 0x0000000800000000)
  region size 2048K, 0 young (0K), 0 survivors (0K)

[error occurred during error reporting (printing heap information), id 0xc0000005, EXCEPTION_ACCESS_VIOLATION (0xc0000005) at pc=0x00007ffc9860f8e9]
GC Heap History (0 events):
No events

Dll operation events (1 events):
Event: 0.012 Loaded shared library C:\Program Files\Apache NetBeans\jdk\bin\java.dll

Deoptimization events (0 events):
No events

Classes loaded (0 events):
No events

Classes unloaded (0 events):
No events

Classes redefined (0 events):
No events

Internal exceptions (0 events):
No events

VM Operations (0 events):
No events

Memory protections (0 events):
No events

Nmethod flushes (0 events):
No events

Events (0 events):
No events


Dynamic libraries:
0x00007ff7e0b50000 - 0x00007ff7e0b5e000 	C:\Program Files\Apache NetBeans\jdk\bin\java.exe
0x00007ffd52bc0000 - 0x00007ffd52e29000 	C:\WINDOWS\SYSTEM32\ntdll.dll
0x00007ffd51710000 - 0x00007ffd517d9000 	C:\WINDOWS\System32\KERNEL32.DLL
0x00007ffd50590000 - 0x00007ffd50983000 	C:\WINDOWS\System32\KERNELBASE.dll
0x00007ffd4ff80000 - 0x00007ffd500cb000 	C:\WINDOWS\System32\ucrtbase.dll
0x00007ffd14850000 - 0x00007ffd14866000 	C:\Program Files\Apache NetBeans\jdk\bin\jli.dll
0x00007ffd2b370000 - 0x00007ffd2b38e000 	C:\Program Files\Apache NetBeans\jdk\bin\VCRUNTIME140.dll
0x00007ffd529b0000 - 0x00007ffd52b74000 	C:\WINDOWS\System32\USER32.dll
0x00007ffd4fe90000 - 0x00007ffd4feb7000 	C:\WINDOWS\System32\win32u.dll
0x00007ffd2cce0000 - 0x00007ffd2cf73000 	C:\WINDOWS\WinSxS\amd64_microsoft.windows.common-controls_6595b64144ccf1df_6.0.26100.5074_none_3e0d6f78e32fd63f\COMCTL32.dll
0x00007ffd50aa0000 - 0x00007ffd50acb000 	C:\WINDOWS\System32\GDI32.dll
0x00007ffd50170000 - 0x00007ffd5029d000 	C:\WINDOWS\System32\gdi32full.dll
0x00007ffd50ad0000 - 0x00007ffd50b79000 	C:\WINDOWS\System32\msvcrt.dll
0x00007ffd4fd50000 - 0x00007ffd4fdf3000 	C:\WINDOWS\System32\msvcp_win.dll
0x00007ffd516d0000 - 0x00007ffd516ff000 	C:\WINDOWS\System32\IMM32.DLL
0x00007ffd2acb0000 - 0x00007ffd2acbc000 	C:\Program Files\Apache NetBeans\jdk\bin\vcruntime140_1.dll
0x00007ffca5b60000 - 0x00007ffca5bed000 	C:\Program Files\Apache NetBeans\jdk\bin\msvcp140.dll
0x00007ffc97e70000 - 0x00007ffc98cec000 	C:\Program Files\Apache NetBeans\jdk\bin\server\jvm.dll
0x00007ffd50be0000 - 0x00007ffd50c94000 	C:\WINDOWS\System32\ADVAPI32.dll
0x00007ffd520e0000 - 0x00007ffd52186000 	C:\WINDOWS\System32\sechost.dll
0x00007ffd51870000 - 0x00007ffd51988000 	C:\WINDOWS\System32\RPCRT4.dll
0x00007ffd52250000 - 0x00007ffd522c4000 	C:\WINDOWS\System32\WS2_32.dll
0x00007ffd455b0000 - 0x00007ffd455bb000 	C:\WINDOWS\SYSTEM32\VERSION.dll
0x00007ffd43e20000 - 0x00007ffd43e55000 	C:\WINDOWS\SYSTEM32\WINMM.dll
0x00007ffd4f4e0000 - 0x00007ffd4f53e000 	C:\WINDOWS\SYSTEM32\POWRPROF.dll
0x00007ffd4f4c0000 - 0x00007ffd4f4d4000 	C:\WINDOWS\SYSTEM32\UMPDC.dll
0x00007ffd4eb30000 - 0x00007ffd4eb4b000 	C:\WINDOWS\SYSTEM32\kernel.appcore.dll
0x00007ffd24820000 - 0x00007ffd2482a000 	C:\Program Files\Apache NetBeans\jdk\bin\jimage.dll
0x00007ffd4d3b0000 - 0x00007ffd4d5f2000 	C:\WINDOWS\SYSTEM32\DBGHELP.DLL
0x00007ffd522f0000 - 0x00007ffd5266b000 	C:\WINDOWS\System32\combase.dll
0x00007ffd50e20000 - 0x00007ffd50ef7000 	C:\WINDOWS\System32\OLEAUT32.dll
0x00007ffd25b90000 - 0x00007ffd25bcd000 	C:\WINDOWS\SYSTEM32\dbgcore.DLL
0x00007ffd500d0000 - 0x00007ffd50169000 	C:\WINDOWS\System32\bcryptPrimitives.dll
0x00007ffd1d540000 - 0x00007ffd1d55e000 	C:\Program Files\Apache NetBeans\jdk\bin\java.dll
0x00007ffd510a0000 - 0x00007ffd51238000 	C:\WINDOWS\System32\ole32.dll
0x00007ffd51990000 - 0x00007ffd520dd000 	C:\WINDOWS\System32\SHELL32.dll
0x00007ffd502a0000 - 0x00007ffd5040c000 	C:\WINDOWS\System32\wintypes.dll

JVMTI agents: none

dbghelp: loaded successfully - version: 4.0.5 - missing functions: none
symbol engine: initialized successfully - sym options: 0x614 - pdb path: .;C:\Program Files\Apache NetBeans\jdk\bin;C:\WINDOWS\SYSTEM32;C:\WINDOWS\WinSxS\amd64_microsoft.windows.common-controls_6595b64144ccf1df_6.0.26100.5074_none_3e0d6f78e32fd63f;C:\Program Files\Apache NetBeans\jdk\bin\server

VM Arguments:
jvm_args: -Dfile.encoding=UTF-8 --module-path=C:\Users\Piyush\Documents\NetBeansProjects\Travel Management System\build\classes 
java_command: travel.management.system.Splash
java_class_path (initial): C:\Users\Piyush\Downloads\mysql-connector-java-8.0.28.jar;C:\Users\Piyush\Documents\NetBeansProjects\Travel Management System\build\classes
Launcher Type: SUN_STANDARD

[Global flags]
     intx CICompilerCount                          = 4                                         {product} {ergonomic}
     uint ConcGCThreads                            = 3                                         {product} {ergonomic}
     uint G1ConcRefinementThreads                  = 10                                        {product} {ergonomic}
   size_t G1HeapRegionSize                         = 2097152                                   {product} {ergonomic}
   size_t InitialHeapSize                          = 264241152                                 {product} {ergonomic}
   size_t MarkStackSize                            = 4194304                                   {product} {ergonomic}
   size_t MarkStackSizeMax                         = 536870912                                 {product} {ergonomic}
   size_t MaxHeapSize                              = 4208984064                                {product} {ergonomic}
   size_t MinHeapDeltaBytes                        = 2097152                                   {product} {ergonomic}
   size_t MinHeapSize                              = 8388608                                   {product} {ergonomic}
    uintx NonNMethodCodeHeapSize                   = 5832704                                {pd product} {ergonomic}
    uintx NonProfiledCodeHeapSize                  = 122945536                              {pd product} {ergonomic}
    uintx ProfiledCodeHeapSize                     = 122880000                              {pd product} {ergonomic}
    uintx ReservedCodeCacheSize                    = 251658240                              {pd product} {ergonomic}
     bool SegmentedCodeCache                       = true                                      {product} {ergonomic}
   size_t SoftMaxHeapSize                          = 4208984064                             {manageable} {ergonomic}
     bool UseCompressedOops                        = true                           {product lp64_product} {ergonomic}
     bool UseG1GC                                  = true                                      {product} {ergonomic}
     bool UseLargePagesIndividualAllocation        = false                                  {pd product} {ergonomic}

Logging:
Log output configuration:
 #0: stdout all=warning uptime,level,tags foldmultilines=false
 #1: stderr all=off uptime,level,tags foldmultilines=false

Environment Variables:
PATH=C:\Program Files\Common Files\Oracle\Java\javapath;C:\Program Files (x86)\Common Files\Oracle\Java\javapath;C:\windows\system32;C:\windows;C:\windows\System32\Wbem;C:\windows\System32\WindowsPowerShell\v1.0\;C:\windows\System32\OpenSSH\;C:\Program Files (x86)\NVIDIA Corporation\PhysX\Common;C:\Program Files\NVIDIA Corporation\NVIDIA NvDLISR;C:\Program Files\MySQL\MySQL Server 8.0\bin;C:\MinGW\bin;C:\Users\Piyush\AppData\Roaming\Microsoft\Windows\Start Menu\Programs\Python 3.11;C:\Program Files\Git\cmd;C:\Program Files\Git\mingw64\bin;C:\Program Files\Git\usr\bin;C:\Program Files\Docker\Docker\resources\bin;C:\WINDOWS\system32;C:\WINDOWS;C:\WINDOWS\System32\Wbem;C:\WINDOWS\System32\WindowsPowerShell\v1.0\;C:\WINDOWS\System32\OpenSSH\;C:\Users\Piyush\AppData\Local\Programs\Python\Python312\Scripts\;C:\Users\Piyush\AppData\Local\Programs\Python\Python312\;C:\Users\Piyush\AppData\Local\Programs\Python\Launcher\;C:\Program Files\MySQL\MySQL Shell 8.0\bin\;C:\Users\Piyush\AppData\Local\Microsoft\WindowsApps;C:\Users\Piyush\AppData\Local\Programs\Microsoft VS Code\bin;;C:\Program Files\JetBrains\IntelliJ IDEA Community Edition 2024.3.4\bin;
USERNAME=Piyush
OS=Windows_NT
PROCESSOR_IDENTIFIER=Intel64 Family 6 Model 154 Stepping 3, GenuineIntel
TMP=C:\Users\Piyush\AppData\Local\Temp
TEMP=C:\Users\Piyush\AppData\Local\Temp




Periodic native trim disabled

---------------  S Y S T E M  ---------------

OS:
 Windows 11 , 64 bit Build 26100 (10.0.26100.5074)
OS uptime: 0 days 4:19 hours
Hyper-V role detected

CPU: total 12 (initial active 12) (6 cores per cpu, 2 threads per core) family 6 model 154 stepping 3 microcode 0x434, cx8, cmov, fxsr, ht, mmx, 3dnowpref, sse, sse2, sse3, ssse3, sse4.1, sse4.2, popcnt, lzcnt, tsc, tscinvbit, avx, avx2, aes, erms, clmul, bmi1, bmi2, adx, sha, fma, vzeroupper, clflush, clflushopt, clwb, hv, serialize, rdtscp, rdpid, fsrm, gfni, f16c, cet_ibt, cet_ss
Processor Information for processor 0
  Max Mhz: 2000, Current Mhz: 2000, Mhz Limit: 2000
Processor Information for processor 1
  Max Mhz: 2000, Current Mhz: 1520, Mhz Limit: 2000
Processor Information for processor 2
  Max Mhz: 2000, Current Mhz: 1520, Mhz Limit: 2000
Processor Information for processor 3
  Max Mhz: 2000, Current Mhz: 1520, Mhz Limit: 2000
Processor Information for processor 4
  Max Mhz: 2000, Current Mhz: 2000, Mhz Limit: 2000
Processor Information for processor 5
  Max Mhz: 2000, Current Mhz: 2000, Mhz Limit: 2000
Processor Information for processor 6
  Max Mhz: 2000, Current Mhz: 2000, Mhz Limit: 2000
Processor Information for processor 7
  Max Mhz: 2000, Current Mhz: 2000, Mhz Limit: 2000
Processor Information for processor 8
  Max Mhz: 2000, Current Mhz: 1466, Mhz Limit: 2000
Processor Information for processor 9
  Max Mhz: 2000, Current Mhz: 1466, Mhz Limit: 2000
Processor Information for processor 10
  Max Mhz: 2000, Current Mhz: 1466, Mhz Limit: 2000
Processor Information for processor 11
  Max Mhz: 2000, Current Mhz: 2000, Mhz Limit: 2000

Memory: 4k page, system-wide physical 16052M (4931M free)
TotalPageFile size 21856M (AvailPageFile size 93M)
current process WorkingSet (physical memory assigned to process): 14M, peak: 14M
current process commit charge ("private bytes"): 65M, peak: 316M

vm_info: OpenJDK 64-Bit Server VM (24.0.1+9) for windows-amd64 JRE (24.0.1+9) (Zulu24.30+11-CA), built on 2025-03-21T13:52:34Z with MS VC++ 17.1 (VS2022)

END.
