#
# There is insufficient memory for the Java Runtime Environment to continue.
# Native memory allocation (mmap) failed to map 264241152 bytes. Error detail: G1 virtual space
# Possible reasons:
#   The system is out of physical RAM or swap space
#   This process is running with CompressedOops enabled, and the Java Heap may be blocking the growth of the native heap
# Possible solutions:
#   Reduce memory load on the system
#   Increase physical memory or swap space
#   Check if swap backing store is full
#   Decrease Java heap size (-Xmx/-Xms)
#   Decrease number of Java threads
#   Decrease Java thread stack sizes (-Xss)
#   Set larger code cache with -XX:ReservedCodeCacheSize=
#   JVM is running with Zero Based Compressed Oops mode in which the Java heap is
#     placed in the first 32GB address space. The Java Heap base address is the
#     maximum limit for the native heap growth. Please use -XX:HeapBaseMinAddress
#     to set the Java Heap base and to place the Java Heap above 32GB virtual address.
# This output file may be truncated or incomplete.
#
#  Out of Memory Error (os_windows.cpp:3564), pid=3948, tid=2956
#
# JRE version:  (24.0.1+9) (build )
# Java VM: OpenJDK 64-Bit Server VM (24.0.1+9, mixed mode, sharing, tiered, compressed oops, compressed class ptrs, g1 gc, windows-amd64)
# No core dump will be written. Minidumps are not enabled by default on client versions of Windows
#

---------------  S U M M A R Y ------------

Command Line: -Dfile.encoding=UTF-8 -agentlib:jdwp=transport=dt_shmem,address=javadebug --module-path=C:\Users\Piyush\Documents\NetBeansProjects\Travel Management System\build\classes travel.management.system.Login

Host: 12th Gen Intel(R) Core(TM) i5-12450H, 12 cores, 15G,  Windows 11 , 64 bit Build 26100 (10.0.26100.4768)
Time: Mon Aug 18 21:58:53 2025 India Standard Time elapsed time: 1.070231 seconds (0d 0h 0m 1s)

---------------  T H R E A D  ---------------

Current thread (0x00000226b6aada50):  JavaThread "Unknown thread" [_thread_in_vm, id=2956, stack(0x0000007e17f00000,0x0000007e18000000) (1024K)]

Stack: [0x0000007e17f00000,0x0000007e18000000]
Native frames: (J=compiled Java code, j=interpreted, Vv=VM code, C=native code)
V  [jvm.dll+0x7410c9]  (no source info available)
V  [jvm.dll+0x97def3]  (no source info available)
V  [jvm.dll+0x98021d]  (no source info available)
V  [jvm.dll+0x980893]  (no source info available)
V  [jvm.dll+0x2b5b16]  (no source info available)
V  [jvm.dll+0x73d535]  (no source info available)
V  [jvm.dll+0x730d0a]  (no source info available)
V  [jvm.dll+0x39ea4a]  (no source info available)
V  [jvm.dll+0x3a6746]  (no source info available)
V  [jvm.dll+0x392fce]  (no source info available)
V  [jvm.dll+0x393288]  (no source info available)
V  [jvm.dll+0x369fcc]  (no source info available)
V  [jvm.dll+0x36ac8d]  (no source info available)
V  [jvm.dll+0x94069f]  (no source info available)
V  [jvm.dll+0x4077ad]  (no source info available)
V  [jvm.dll+0x928b1e]  (no source info available)
V  [jvm.dll+0x4a2c4e]  (no source info available)
V  [jvm.dll+0x4a4b81]  (no source info available)
C  [jli.dll+0x52a1]  (no source info available)
C  [ucrtbase.dll+0x37b0]  (no source info available)
C  [KERNEL32.DLL+0x2e8d7]  (no source info available)
C  [ntdll.dll+0x3c34c]  (no source info available)

Lock stack of current Java thread (top to bottom):


---------------  P R O C E S S  ---------------

Threads class SMR info:
_java_thread_list=0x00007ffa635bbf58, length=0, elements={
}

Java Threads: ( => current thread )
Total: 0

Other Threads:
  0x00000226b8ff1af0 WorkerThread "GC Thread#0"                     [id=228, stack(0x0000007e18000000,0x0000007e18100000) (1024K)]
  0x00000226b9044f80 ConcurrentGCThread "G1 Main Marker"            [id=5768, stack(0x0000007e18100000,0x0000007e18200000) (1024K)]
  0x00000226b90470e0 WorkerThread "G1 Conc#0"                       [id=23596, stack(0x0000007e18200000,0x0000007e18300000) (1024K)]

[error occurred during error reporting (printing all threads), id 0xc0000005, EXCEPTION_ACCESS_VIOLATION (0xc0000005) at pc=0x00007ffa62c2efaa]
VM state: not at safepoint (not fully initialized)

VM Mutex/Monitor currently owned by a thread:  ([mutex/lock_event])
[0x00007ffa636450c8] Heap_lock - owner thread: 0x00000226b6aada50

Heap address: 0x0000000705200000, size: 4014 MB, Compressed Oops mode: Zero based, Oop shift amount: 3

CDS archive(s) mapped at: [0x0000000000000000-0x0000000000000000-0x0000000000000000), size 0, SharedBaseAddress: 0x0000000800000000, ArchiveRelocationMode: 1.
UseCompressedClassPointers 1, UseCompactObjectHeaders 0
Narrow klass pointer bits 32, Max shift 3
Narrow klass base: 0xffffffffffffffff, Narrow klass shift: -1
Encoding Range: [0xffffffffffffffff - 0x000000007fffffff), (2147483648 bytes)
Klass Range:    [0x0000000000000000 - 0x0000000000000000), (0 bytes)
Klass ID Range:  [4294967295 - 0) (1)

GC Precious Log:
 CardTable entry size: 512
 Card Set container configuration: InlinePtr #cards 4 size 8 Array Of Cards #cards 16 size 48 Howl #buckets 8 coarsen threshold 3686 Howl Bitmap #cards 512 size 80 coarsen threshold 460 Card regions per heap region 1 cards per card region 4096

Heap:
 garbage-first heap   total reserved 4110336K, committed 0K, used 0K [0x0000000705200000, 0x0000000800000000)
  region size 2048K, 0 young (0K), 0 survivors (0K)

[error occurred during error reporting (printing heap information), id 0xc0000005, EXCEPTION_ACCESS_VIOLATION (0xc0000005) at pc=0x00007ffa6304f8e9]
GC Heap History (0 events):
No events

Dll operation events (1 events):
Event: 0.013 Loaded shared library C:\Program Files\Apache NetBeans\jdk\bin\java.dll

Deoptimization events (0 events):
No events

Classes loaded (0 events):
No events

Classes unloaded (0 events):
No events

Classes redefined (0 events):
No events

Internal exceptions (0 events):
No events

VM Operations (0 events):
No events

Memory protections (0 events):
No events

Nmethod flushes (0 events):
No events

Events (0 events):
No events


Dynamic libraries:
0x00007ff7009d0000 - 0x00007ff7009de000 	C:\Program Files\Apache NetBeans\jdk\bin\java.exe
0x00007ffb2d1e0000 - 0x00007ffb2d447000 	C:\WINDOWS\SYSTEM32\ntdll.dll
0x00007ffb2bfd0000 - 0x00007ffb2c099000 	C:\WINDOWS\System32\KERNEL32.DLL
0x00007ffb2a460000 - 0x00007ffb2a850000 	C:\WINDOWS\System32\KERNELBASE.dll
0x00007ffb2a310000 - 0x00007ffb2a45b000 	C:\WINDOWS\System32\ucrtbase.dll
0x00007ffb20910000 - 0x00007ffb20926000 	C:\Program Files\Apache NetBeans\jdk\bin\jli.dll
0x00007ffb21e80000 - 0x00007ffb21e9e000 	C:\Program Files\Apache NetBeans\jdk\bin\VCRUNTIME140.dll
0x00007ffb2c860000 - 0x00007ffb2ca25000 	C:\WINDOWS\System32\USER32.dll
0x00007ffb2a910000 - 0x00007ffb2a937000 	C:\WINDOWS\System32\win32u.dll
0x00007ffb2ca30000 - 0x00007ffb2ca5b000 	C:\WINDOWS\System32\GDI32.dll
0x00007ffb08a20000 - 0x00007ffb08cba000 	C:\WINDOWS\WinSxS\amd64_microsoft.windows.common-controls_6595b64144ccf1df_6.0.26100.4768_none_3e0c112ce331287c\COMCTL32.dll
0x00007ffb2ac10000 - 0x00007ffb2ad48000 	C:\WINDOWS\System32\gdi32full.dll
0x00007ffb2d070000 - 0x00007ffb2d119000 	C:\WINDOWS\System32\msvcrt.dll
0x00007ffb2a860000 - 0x00007ffb2a903000 	C:\WINDOWS\System32\msvcp_win.dll
0x00007ffb2d030000 - 0x00007ffb2d05f000 	C:\WINDOWS\System32\IMM32.DLL
0x00007ffb21f40000 - 0x00007ffb21f4c000 	C:\Program Files\Apache NetBeans\jdk\bin\vcruntime140_1.dll
0x00007ffab7f90000 - 0x00007ffab801d000 	C:\Program Files\Apache NetBeans\jdk\bin\msvcp140.dll
0x00007ffa628b0000 - 0x00007ffa6372c000 	C:\Program Files\Apache NetBeans\jdk\bin\server\jvm.dll
0x00007ffb2cf60000 - 0x00007ffb2d014000 	C:\WINDOWS\System32\ADVAPI32.dll
0x00007ffb2b9f0000 - 0x00007ffb2ba96000 	C:\WINDOWS\System32\sechost.dll
0x00007ffb2c340000 - 0x00007ffb2c458000 	C:\WINDOWS\System32\RPCRT4.dll
0x00007ffb2d120000 - 0x00007ffb2d194000 	C:\WINDOWS\System32\WS2_32.dll
0x00007ffb29bf0000 - 0x00007ffb29c4e000 	C:\WINDOWS\SYSTEM32\POWRPROF.dll
0x00007ffb1e690000 - 0x00007ffb1e6c5000 	C:\WINDOWS\SYSTEM32\WINMM.dll
0x00007ffb1fa30000 - 0x00007ffb1fa3b000 	C:\WINDOWS\SYSTEM32\VERSION.dll
0x00007ffb29bd0000 - 0x00007ffb29be4000 	C:\WINDOWS\SYSTEM32\UMPDC.dll
0x00007ffb29090000 - 0x00007ffb290ab000 	C:\WINDOWS\SYSTEM32\kernel.appcore.dll
0x00007ffb21dc0000 - 0x00007ffb21dca000 	C:\Program Files\Apache NetBeans\jdk\bin\jimage.dll
0x00007ffb278c0000 - 0x00007ffb27b01000 	C:\WINDOWS\SYSTEM32\DBGHELP.DLL
0x00007ffb2c460000 - 0x00007ffb2c7e5000 	C:\WINDOWS\System32\combase.dll
0x00007ffb2bde0000 - 0x00007ffb2bec0000 	C:\WINDOWS\System32\OLEAUT32.dll
0x00007ffb02730000 - 0x00007ffb02773000 	C:\WINDOWS\SYSTEM32\dbgcore.DLL
0x00007ffb2ad50000 - 0x00007ffb2ade9000 	C:\WINDOWS\System32\bcryptPrimitives.dll
0x00007ffb093e0000 - 0x00007ffb0941c000 	C:\Program Files\Apache NetBeans\jdk\bin\jdwp.dll
0x00007ffb20eb0000 - 0x00007ffb20ece000 	C:\Program Files\Apache NetBeans\jdk\bin\java.dll
0x00007ffb2c0a0000 - 0x00007ffb2c240000 	C:\WINDOWS\System32\ole32.dll
0x00007ffb2b0b0000 - 0x00007ffb2b7fd000 	C:\WINDOWS\System32\SHELL32.dll
0x00007ffb2adf0000 - 0x00007ffb2af63000 	C:\WINDOWS\System32\wintypes.dll

JVMTI agents:
jdwp path:none, loaded, not initialized, options:transport=dt_shmem,address=javadebug

dbghelp: loaded successfully - version: 4.0.5 - missing functions: none
symbol engine: initialized successfully - sym options: 0x614 - pdb path: .;C:\Program Files\Apache NetBeans\jdk\bin;C:\WINDOWS\SYSTEM32;C:\WINDOWS\WinSxS\amd64_microsoft.windows.common-controls_6595b64144ccf1df_6.0.26100.4768_none_3e0c112ce331287c;C:\Program Files\Apache NetBeans\jdk\bin\server

VM Arguments:
jvm_args: -Dfile.encoding=UTF-8 -agentlib:jdwp=transport=dt_shmem,address=javadebug --module-path=C:\Users\Piyush\Documents\NetBeansProjects\Travel Management System\build\classes 
java_command: travel.management.system.Login
java_class_path (initial): C:\Users\Piyush\Documents\NetBeansProjects\Travel Management System\build\classes
Launcher Type: SUN_STANDARD

[Global flags]
     intx CICompilerCount                          = 4                                         {product} {ergonomic}
     uint ConcGCThreads                            = 3                                         {product} {ergonomic}
     uint G1ConcRefinementThreads                  = 10                                        {product} {ergonomic}
   size_t G1HeapRegionSize                         = 2097152                                   {product} {ergonomic}
   size_t InitialHeapSize                          = 264241152                                 {product} {ergonomic}
   size_t MarkStackSize                            = 4194304                                   {product} {ergonomic}
   size_t MarkStackSizeMax                         = 536870912                                 {product} {ergonomic}
   size_t MaxHeapSize                              = 4208984064                                {product} {ergonomic}
   size_t MinHeapDeltaBytes                        = 2097152                                   {product} {ergonomic}
   size_t MinHeapSize                              = 8388608                                   {product} {ergonomic}
    uintx NonNMethodCodeHeapSize                   = 5832704                                {pd product} {ergonomic}
    uintx NonProfiledCodeHeapSize                  = 122945536                              {pd product} {ergonomic}
    uintx ProfiledCodeHeapSize                     = 122880000                              {pd product} {ergonomic}
    uintx ReservedCodeCacheSize                    = 251658240                              {pd product} {ergonomic}
     bool SegmentedCodeCache                       = true                                      {product} {ergonomic}
   size_t SoftMaxHeapSize                          = 4208984064                             {manageable} {ergonomic}
     bool UseCompressedOops                        = true                           {product lp64_product} {ergonomic}
     bool UseG1GC                                  = true                                      {product} {ergonomic}
     bool UseLargePagesIndividualAllocation        = false                                  {pd product} {ergonomic}

Logging:
Log output configuration:
 #0: stdout all=warning uptime,level,tags foldmultilines=false
 #1: stderr all=off uptime,level,tags foldmultilines=false

Environment Variables:
PATH=C:\Program Files\Common Files\Oracle\Java\javapath;C:\Program Files (x86)\Common Files\Oracle\Java\javapath;C:\windows\system32;C:\windows;C:\windows\System32\Wbem;C:\windows\System32\WindowsPowerShell\v1.0\;C:\windows\System32\OpenSSH\;C:\Program Files (x86)\NVIDIA Corporation\PhysX\Common;C:\Program Files\NVIDIA Corporation\NVIDIA NvDLISR;C:\Program Files\MySQL\MySQL Server 8.0\bin;C:\MinGW\bin;C:\Users\Piyush\AppData\Roaming\Microsoft\Windows\Start Menu\Programs\Python 3.11;C:\Program Files\Git\cmd;C:\Program Files\Git\mingw64\bin;C:\Program Files\Git\usr\bin;C:\Program Files\Docker\Docker\resources\bin;C:\WINDOWS\system32;C:\WINDOWS;C:\WINDOWS\System32\Wbem;C:\WINDOWS\System32\WindowsPowerShell\v1.0\;C:\WINDOWS\System32\OpenSSH\;C:\Users\Piyush\AppData\Local\Programs\Python\Python312\Scripts\;C:\Users\Piyush\AppData\Local\Programs\Python\Python312\;C:\Users\Piyush\AppData\Local\Programs\Python\Launcher\;C:\Program Files\MySQL\MySQL Shell 8.0\bin\;C:\Users\Piyush\AppData\Local\Microsoft\WindowsApps;C:\Users\Piyush\AppData\Local\Programs\Microsoft VS Code\bin;;C:\Program Files\JetBrains\IntelliJ IDEA Community Edition 2024.3.4\bin;
USERNAME=Piyush
OS=Windows_NT
PROCESSOR_IDENTIFIER=Intel64 Family 6 Model 154 Stepping 3, GenuineIntel
TMP=C:\Users\Piyush\AppData\Local\Temp
TEMP=C:\Users\Piyush\AppData\Local\Temp




Periodic native trim disabled

---------------  S Y S T E M  ---------------

OS:
 Windows 11 , 64 bit Build 26100 (10.0.26100.4768)
OS uptime: 4 days 7:45 hours
Hyper-V role detected

CPU: total 12 (initial active 12) (6 cores per cpu, 2 threads per core) family 6 model 154 stepping 3 microcode 0x434, cx8, cmov, fxsr, ht, mmx, 3dnowpref, sse, sse2, sse3, ssse3, sse4.1, sse4.2, popcnt, lzcnt, tsc, tscinvbit, avx, avx2, aes, erms, clmul, bmi1, bmi2, adx, sha, fma, vzeroupper, clflush, clflushopt, clwb, hv, serialize, rdtscp, rdpid, fsrm, gfni, f16c, cet_ibt, cet_ss
Processor Information for processor 0
  Max Mhz: 2000, Current Mhz: 2000, Mhz Limit: 2000
Processor Information for processor 1
  Max Mhz: 2000, Current Mhz: 2000, Mhz Limit: 2000
Processor Information for processor 2
  Max Mhz: 2000, Current Mhz: 2000, Mhz Limit: 2000
Processor Information for processor 3
  Max Mhz: 2000, Current Mhz: 2000, Mhz Limit: 2000
Processor Information for processor 4
  Max Mhz: 2000, Current Mhz: 2000, Mhz Limit: 2000
Processor Information for processor 5
  Max Mhz: 2000, Current Mhz: 2000, Mhz Limit: 2000
Processor Information for processor 6
  Max Mhz: 2000, Current Mhz: 2000, Mhz Limit: 2000
Processor Information for processor 7
  Max Mhz: 2000, Current Mhz: 2000, Mhz Limit: 2000
Processor Information for processor 8
  Max Mhz: 2000, Current Mhz: 1466, Mhz Limit: 2000
Processor Information for processor 9
  Max Mhz: 2000, Current Mhz: 2000, Mhz Limit: 2000
Processor Information for processor 10
  Max Mhz: 2000, Current Mhz: 1466, Mhz Limit: 2000
Processor Information for processor 11
  Max Mhz: 2000, Current Mhz: 2000, Mhz Limit: 2000

Memory: 4k page, system-wide physical 16052M (5438M free)
TotalPageFile size 21856M (AvailPageFile size 211M)
current process WorkingSet (physical memory assigned to process): 14M, peak: 14M
current process commit charge ("private bytes"): 65M, peak: 317M

vm_info: OpenJDK 64-Bit Server VM (24.0.1+9) for windows-amd64 JRE (24.0.1+9) (Zulu24.30+11-CA), built on 2025-03-21T13:52:34Z with MS VC++ 17.1 (VS2022)

END.
