#
# There is insufficient memory for the Java Runtime Environment to continue.
# Native memory allocation (mmap) failed to map 165675008 bytes. Error detail: G1 virtual space
# Possible reasons:
#   The system is out of physical RAM or swap space
#   This process is running with CompressedOops enabled, and the Java Heap may be blocking the growth of the native heap
# Possible solutions:
#   Reduce memory load on the system
#   Increase physical memory or swap space
#   Check if swap backing store is full
#   Decrease Java heap size (-Xmx/-Xms)
#   Decrease number of Java threads
#   Decrease Java thread stack sizes (-Xss)
#   Set larger code cache with -XX:ReservedCodeCacheSize=
#   JVM is running with Zero Based Compressed Oops mode in which the Java heap is
#     placed in the first 32GB address space. The Java Heap base address is the
#     maximum limit for the native heap growth. Please use -XX:HeapBaseMinAddress
#     to set the Java Heap base and to place the Java Heap above 32GB virtual address.
# This output file may be truncated or incomplete.
#
#  Out of Memory Error (os_windows.cpp:3564), pid=21792, tid=2436
#
# JRE version: OpenJDK Runtime Environment Zulu24.30+11-CA (24.0.1+9) (build 24.0.1+9)
# Java VM: OpenJDK 64-Bit Server VM Zulu24.30+11-CA (24.0.1+9, mixed mode, sharing, tiered, compressed oops, compressed class ptrs, g1 gc, windows-amd64)
# No core dump will be written. Minidumps are not enabled by default on client versions of Windows
#

---------------  S U M M A R Y ------------

Command Line: -Dfile.encoding=UTF-8 --module-path=C:\Users\Piyush\Documents\NetBeansProjects\Travel Management System\build\classes travel.management.system.Signup

Host: 12th Gen Intel(R) Core(TM) i5-12450H, 12 cores, 15G,  Windows 11 , 64 bit Build 26100 (10.0.26100.5074)
Time: Fri Sep 12 22:20:20 2025 India Standard Time elapsed time: 1417.919842 seconds (0d 0h 23m 37s)

---------------  T H R E A D  ---------------

Current thread (0x000001b762214db0):  VMThread "VM Thread"          [id=2436, stack(0x0000008265100000,0x0000008265200000) (1024K)]

Stack: [0x0000008265100000,0x0000008265200000]
Native frames: (J=compiled Java code, j=interpreted, Vv=VM code, C=native code)
V  [jvm.dll+0x7410c9]  (no source info available)
V  [jvm.dll+0x97def3]  (no source info available)
V  [jvm.dll+0x98021d]  (no source info available)
V  [jvm.dll+0x980893]  (no source info available)
V  [jvm.dll+0x2b5b16]  (no source info available)
V  [jvm.dll+0x73d535]  (no source info available)
V  [jvm.dll+0x730d0a]  (no source info available)
V  [jvm.dll+0x39ea4a]  (no source info available)
V  [jvm.dll+0x3a6746]  (no source info available)
V  [jvm.dll+0x392fce]  (no source info available)
V  [jvm.dll+0x393288]  (no source info available)
V  [jvm.dll+0x369fcc]  (no source info available)
V  [jvm.dll+0x36cd29]  (no source info available)
V  [jvm.dll+0x3786f1]  (no source info available)
V  [jvm.dll+0x3b5ad5]  (no source info available)
V  [jvm.dll+0x986a9a]  (no source info available)
V  [jvm.dll+0x987ddc]  (no source info available)
V  [jvm.dll+0x988348]  (no source info available)
V  [jvm.dll+0x9885e3]  (no source info available)
V  [jvm.dll+0x920928]  (no source info available)
V  [jvm.dll+0x73f855]  (no source info available)
C  [ucrtbase.dll+0x37b0]  (no source info available)
C  [KERNEL32.DLL+0x2e8d7]  (no source info available)
C  [ntdll.dll+0x8d9c]  (no source info available)

VM_Operation (0x0000008264cff660): G1PauseRemark, mode: safepoint, requested by thread 0x000001b742764760


---------------  P R O C E S S  ---------------

Threads class SMR info:
_java_thread_list=0x000001b7a90d9a10, length=19, elements={
0x000001b7622288e0, 0x000001b76222bda0, 0x000001b762230cc0, 0x000001b762231680,
0x000001b762232d20, 0x000001b7622343c0, 0x000001b762241510, 0x000001b76224acc0,
0x000001b76230d460, 0x000001b762430560, 0x000001b76283ec00, 0x000001b76283f340,
0x000001b76283fa80, 0x000001b762d08e30, 0x000001b74021c990, 0x000001b762ce4850,
0x000001b7624c1060, 0x000001b7a8a3bfb0, 0x000001b7a8a3d5a0
}

Java Threads: ( => current thread )
  0x000001b7622288e0 JavaThread "Reference Handler"          daemon [_thread_blocked, id=24384, stack(0x0000008265200000,0x0000008265300000) (1024K)]
  0x000001b76222bda0 JavaThread "Finalizer"                  daemon [_thread_blocked, id=23440, stack(0x0000008265300000,0x0000008265400000) (1024K)]
  0x000001b762230cc0 JavaThread "Signal Dispatcher"          daemon [_thread_blocked, id=4704, stack(0x0000008265400000,0x0000008265500000) (1024K)]
  0x000001b762231680 JavaThread "Attach Listener"            daemon [_thread_blocked, id=1808, stack(0x0000008265500000,0x0000008265600000) (1024K)]
  0x000001b762232d20 JavaThread "Service Thread"             daemon [_thread_blocked, id=24440, stack(0x0000008265600000,0x0000008265700000) (1024K)]
  0x000001b7622343c0 JavaThread "Monitor Deflation Thread"   daemon [_thread_blocked, id=1396, stack(0x0000008265700000,0x0000008265800000) (1024K)]
  0x000001b762241510 JavaThread "C2 CompilerThread0"         daemon [_thread_blocked, id=18240, stack(0x0000008265800000,0x0000008265900000) (1024K)]
  0x000001b76224acc0 JavaThread "C1 CompilerThread0"         daemon [_thread_blocked, id=2696, stack(0x0000008265900000,0x0000008265a00000) (1024K)]
  0x000001b76230d460 JavaThread "Common-Cleaner"             daemon [_thread_blocked, id=26080, stack(0x0000008265a00000,0x0000008265b00000) (1024K)]
  0x000001b762430560 JavaThread "Notification Thread"        daemon [_thread_blocked, id=25468, stack(0x0000008265b00000,0x0000008265c00000) (1024K)]
  0x000001b76283ec00 JavaThread "Java2D Disposer"            daemon [_thread_blocked, id=13956, stack(0x0000008265d00000,0x0000008265e00000) (1024K)]
  0x000001b76283f340 JavaThread "AWT-Shutdown"                      [_thread_blocked, id=6536, stack(0x0000008265e00000,0x0000008265f00000) (1024K)]
  0x000001b76283fa80 JavaThread "AWT-Windows"                daemon [_thread_blocked, id=16816, stack(0x0000008265f00000,0x0000008266000000) (1024K)]
  0x000001b762d08e30 JavaThread "AWT-EventQueue-0"                  [_thread_blocked, id=6348, stack(0x0000008266100000,0x0000008266200000) (1024K)]
  0x000001b74021c990 JavaThread "DestroyJavaVM"                     [_thread_blocked, id=23976, stack(0x0000008264a00000,0x0000008264b00000) (1024K)]
  0x000001b762ce4850 JavaThread "TimerQueue"                 daemon [_thread_blocked, id=26496, stack(0x0000008266700000,0x0000008266800000) (1024K)]
  0x000001b7624c1060 JavaThread "mysql-cj-abandoned-connection-cleanup" daemon [_thread_blocked, id=17656, stack(0x0000008264700000,0x0000008264800000) (1024K)]
  0x000001b7a8a3bfb0 JavaThread "Image Fetcher 0"            daemon [_thread_blocked, id=18204, stack(0x0000008266000000,0x0000008266100000) (1024K)]
  0x000001b7a8a3d5a0 JavaThread "Image Fetcher 1"            daemon [_thread_blocked, id=2864, stack(0x0000008266400000,0x0000008266500000) (1024K)]
Total: 19

Other Threads:
=>0x000001b762214db0 VMThread "VM Thread"                           [id=2436, stack(0x0000008265100000,0x0000008265200000) (1024K)]
  0x000001b7622070c0 WatcherThread "VM Periodic Task Thread"        [id=26512, stack(0x0000008265000000,0x0000008265100000) (1024K)]
  0x000001b74274fd90 WorkerThread "GC Thread#0"                     [id=14772, stack(0x0000008264b00000,0x0000008264c00000) (1024K)]
  0x000001b762adaac0 WorkerThread "GC Thread#1"                     [id=22920, stack(0x0000008266600000,0x0000008266700000) (1024K)]
  0x000001b762653650 WorkerThread "GC Thread#2"                     [id=4884, stack(0x0000008266800000,0x0000008266900000) (1024K)]
  0x000001b762653a00 WorkerThread "GC Thread#3"                     [id=3624, stack(0x0000008266900000,0x0000008266a00000) (1024K)]
  0x000001b762654d20 WorkerThread "GC Thread#4"                     [id=22792, stack(0x0000008266a00000,0x0000008266b00000) (1024K)]
  0x000001b762654210 WorkerThread "GC Thread#5"                     [id=8496, stack(0x0000008266b00000,0x0000008266c00000) (1024K)]
  0x000001b762655480 WorkerThread "GC Thread#6"                     [id=13608, stack(0x0000008266c00000,0x0000008266d00000) (1024K)]
  0x000001b762654970 WorkerThread "GC Thread#7"                     [id=21860, stack(0x0000008266d00000,0x0000008266e00000) (1024K)]
  0x000001b762655830 WorkerThread "GC Thread#8"                     [id=19108, stack(0x0000008266e00000,0x0000008266f00000) (1024K)]
  0x000001b762655be0 WorkerThread "GC Thread#9"                     [id=25248, stack(0x0000008266f00000,0x0000008267000000) (1024K)]
  0x000001b742764760 ConcurrentGCThread "G1 Main Marker"            [id=22884, stack(0x0000008264c00000,0x0000008264d00000) (1024K)]
  0x000001b742766900 WorkerThread "G1 Conc#0"                       [id=25100, stack(0x0000008264d00000,0x0000008264e00000) (1024K)]
  0x000001b76298fd30 WorkerThread "G1 Conc#1"                       [id=26404, stack(0x0000008264900000,0x0000008264a00000) (1024K)]
  0x000001b762991700 WorkerThread "G1 Conc#2"                       [id=8724, stack(0x0000008266200000,0x0000008266300000) (1024K)]
  0x000001b7427ae3d0 ConcurrentGCThread "G1 Refine#0"               [id=25184, stack(0x0000008264e00000,0x0000008264f00000) (1024K)]
  0x000001b7620bf1c0 ConcurrentGCThread "G1 Service"                [id=2672, stack(0x0000008264f00000,0x0000008265000000) (1024K)]
Total: 18

Threads with active compile tasks:
Total: 0

VM state: at safepoint (normal execution)

VM Mutex/Monitor currently owned by a thread:  ([mutex/lock_event])
[0x00007ffc98c04fc8] Threads_lock - owner thread: 0x000001b762214db0
[0x00007ffc98c050c8] Heap_lock - owner thread: 0x000001b742764760

Heap address: 0x0000000705200000, size: 4014 MB, Compressed Oops mode: Zero based, Oop shift amount: 3

CDS archive(s) mapped at: [0x000001b763000000-0x000001b763d40000-0x000001b763d40000), size 13893632, SharedBaseAddress: 0x000001b763000000, ArchiveRelocationMode: 1.
Compressed class space mapped at: 0x000001b764000000-0x000001b7a4000000, reserved size: 1073741824
UseCompressedClassPointers 1, UseCompactObjectHeaders 0
Narrow klass pointer bits 32, Max shift 3
Narrow klass base: 0x000001b763000000, Narrow klass shift: 0
Encoding Range: [0x000001b763000000 - 0x000001b863000000), (4294967296 bytes)
Klass Range:    [0x000001b763000000 - 0x000001b7a4000000), (1090519040 bytes)
Klass ID Range:  [8 - 1090519033) (1090519025)

GC Precious Log:
 CardTable entry size: 512
 Card Set container configuration: InlinePtr #cards 4 size 8 Array Of Cards #cards 16 size 48 Howl #buckets 8 coarsen threshold 3686 Howl Bitmap #cards 512 size 80 coarsen threshold 460 Card regions per heap region 1 cards per card region 4096
 CPUs: 12 total, 12 available
 Memory: 16052M
 Large Page Support: Disabled
 NUMA Support: Disabled
 Compressed Oops: Enabled (Zero based)
 Heap Region Size: 2M
 Heap Min Capacity: 8M
 Heap Initial Capacity: 252M
 Heap Max Capacity: 4014M
 Pre-touch: Disabled
 Parallel Workers: 10
 Concurrent Workers: 3
 Concurrent Refinement Workers: 10
 Periodic GC: Disabled

Heap:
 garbage-first heap   total reserved 4110336K, committed 432128K, used 352677K [0x0000000705200000, 0x0000000800000000)
  region size 2048K, 2 young (4096K), 1 survivors (2048K)
 Metaspace       used 21933K, committed 22272K, reserved 1114112K
  class space    used 2034K, committed 2176K, reserved 1048576K

Heap Regions: E=young(eden), S=young(survivor), O=old, HS=humongous(starts), HC=humongous(continues), CS=collection set, F=free, TAMS=top-at-mark-start, PB=parsable bottom
|   0|0x0000000705200000, 0x0000000705400000, 0x0000000705400000|100%|HS|  |TAMS 0x0000000705400000| PB 0x0000000705200000| Complete |  0
|   1|0x0000000705400000, 0x0000000705600000, 0x0000000705600000|100%|HC|  |TAMS 0x0000000705600000| PB 0x0000000705400000| Complete |  0
|   2|0x0000000705600000, 0x0000000705800000, 0x0000000705800000|100%|HS|  |TAMS 0x0000000705800000| PB 0x0000000705600000| Complete |  0
|   3|0x0000000705800000, 0x0000000705a00000, 0x0000000705a00000|100%|HC|  |TAMS 0x0000000705a00000| PB 0x0000000705800000| Complete |  0
|   4|0x0000000705a00000, 0x0000000705c00000, 0x0000000705c00000|100%|HS|  |TAMS 0x0000000705c00000| PB 0x0000000705a00000| Complete |  0
|   5|0x0000000705c00000, 0x0000000705e00000, 0x0000000705e00000|100%|HC|  |TAMS 0x0000000705e00000| PB 0x0000000705c00000| Complete |  0
|   6|0x0000000705e00000, 0x0000000705f9d3e0, 0x0000000706000000| 80%| O|  |TAMS 0x0000000705f9d3e0| PB 0x0000000705f9d3e0| Untracked |  0
|   7|0x0000000706000000, 0x0000000706200000, 0x0000000706200000|100%|HS|  |TAMS 0x0000000706200000| PB 0x0000000706000000| Complete |  0
|   8|0x0000000706200000, 0x0000000706400000, 0x0000000706400000|100%|HC|  |TAMS 0x0000000706400000| PB 0x0000000706200000| Complete |  0
|   9|0x0000000706400000, 0x0000000706600000, 0x0000000706600000|100%|HC|  |TAMS 0x0000000706600000| PB 0x0000000706400000| Complete |  0
|  10|0x0000000706600000, 0x0000000706800000, 0x0000000706800000|100%|HC|  |TAMS 0x0000000706800000| PB 0x0000000706600000| Complete |  0
|  11|0x0000000706800000, 0x0000000706a00000, 0x0000000706a00000|100%|HC|  |TAMS 0x0000000706a00000| PB 0x0000000706800000| Complete |  0
|  12|0x0000000706a00000, 0x0000000706c00000, 0x0000000706c00000|100%|HC|  |TAMS 0x0000000706c00000| PB 0x0000000706a00000| Complete |  0
|  13|0x0000000706c00000, 0x0000000706e00000, 0x0000000706e00000|100%|HC|  |TAMS 0x0000000706e00000| PB 0x0000000706c00000| Complete |  0
|  14|0x0000000706e00000, 0x0000000707000000, 0x0000000707000000|100%|HC|  |TAMS 0x0000000707000000| PB 0x0000000706e00000| Complete |  0
|  15|0x0000000707000000, 0x0000000707200000, 0x0000000707200000|100%|HC|  |TAMS 0x0000000707200000| PB 0x0000000707000000| Complete |  0
|  16|0x0000000707200000, 0x0000000707400000, 0x0000000707400000|100%|HC|  |TAMS 0x0000000707400000| PB 0x0000000707200000| Complete |  0
|  17|0x0000000707400000, 0x0000000707600000, 0x0000000707600000|100%|HS|  |TAMS 0x0000000707600000| PB 0x0000000707400000| Complete |  0
|  18|0x0000000707600000, 0x0000000707800000, 0x0000000707800000|100%|HC|  |TAMS 0x0000000707800000| PB 0x0000000707600000| Complete |  0
|  19|0x0000000707800000, 0x0000000707a00000, 0x0000000707a00000|100%|HC|  |TAMS 0x0000000707a00000| PB 0x0000000707800000| Complete |  0
|  20|0x0000000707a00000, 0x0000000707c00000, 0x0000000707c00000|100%|HC|  |TAMS 0x0000000707c00000| PB 0x0000000707a00000| Complete |  0
|  21|0x0000000707c00000, 0x0000000707e00000, 0x0000000707e00000|100%|HS|  |TAMS 0x0000000707e00000| PB 0x0000000707c00000| Complete |  0
|  22|0x0000000707e00000, 0x0000000708000000, 0x0000000708000000|100%|HC|  |TAMS 0x0000000708000000| PB 0x0000000707e00000| Complete |  0
|  23|0x0000000708000000, 0x0000000708200000, 0x0000000708200000|100%|HC|  |TAMS 0x0000000708200000| PB 0x0000000708000000| Complete |  0
|  24|0x0000000708200000, 0x0000000708400000, 0x0000000708400000|100%|HC|  |TAMS 0x0000000708400000| PB 0x0000000708200000| Complete |  0
|  25|0x0000000708400000, 0x0000000708600000, 0x0000000708600000|100%|HS|  |TAMS 0x0000000708600000| PB 0x0000000708400000| Complete |  0
|  26|0x0000000708600000, 0x0000000708800000, 0x0000000708800000|100%|HC|  |TAMS 0x0000000708800000| PB 0x0000000708600000| Complete |  0
|  27|0x0000000708800000, 0x0000000708a00000, 0x0000000708a00000|100%|HS|  |TAMS 0x0000000708a00000| PB 0x0000000708800000| Complete |  0
|  28|0x0000000708a00000, 0x0000000708c00000, 0x0000000708c00000|100%|HC|  |TAMS 0x0000000708c00000| PB 0x0000000708a00000| Complete |  0
|  29|0x0000000708c00000, 0x0000000708e00000, 0x0000000708e00000|100%|HS|  |TAMS 0x0000000708e00000| PB 0x0000000708c00000| Complete |  0
|  30|0x0000000708e00000, 0x0000000709000000, 0x0000000709000000|100%|HC|  |TAMS 0x0000000709000000| PB 0x0000000708e00000| Complete |  0
|  31|0x0000000709000000, 0x0000000709200000, 0x0000000709200000|100%|HS|  |TAMS 0x0000000709200000| PB 0x0000000709000000| Complete |  0
|  32|0x0000000709200000, 0x0000000709400000, 0x0000000709400000|100%|HS|  |TAMS 0x0000000709400000| PB 0x0000000709200000| Complete |  0
|  33|0x0000000709400000, 0x0000000709600000, 0x0000000709600000|100%|HC|  |TAMS 0x0000000709600000| PB 0x0000000709400000| Complete |  0
|  34|0x0000000709600000, 0x0000000709800000, 0x0000000709800000|100%|HS|  |TAMS 0x0000000709800000| PB 0x0000000709600000| Complete |  0
|  35|0x0000000709800000, 0x0000000709a00000, 0x0000000709a00000|100%|HC|  |TAMS 0x0000000709a00000| PB 0x0000000709800000| Complete |  0
|  36|0x0000000709a00000, 0x0000000709c00000, 0x0000000709c00000|100%|HS|  |TAMS 0x0000000709c00000| PB 0x0000000709a00000| Complete |  0
|  37|0x0000000709c00000, 0x0000000709e00000, 0x0000000709e00000|100%|HC|  |TAMS 0x0000000709e00000| PB 0x0000000709c00000| Complete |  0
|  38|0x0000000709e00000, 0x000000070a000000, 0x000000070a000000|100%|HC|  |TAMS 0x000000070a000000| PB 0x0000000709e00000| Complete |  0
|  39|0x000000070a000000, 0x000000070a200000, 0x000000070a200000|100%|HC|  |TAMS 0x000000070a200000| PB 0x000000070a000000| Complete |  0
|  40|0x000000070a200000, 0x000000070a400000, 0x000000070a400000|100%|HS|  |TAMS 0x000000070a400000| PB 0x000000070a200000| Complete |  0
|  41|0x000000070a400000, 0x000000070a600000, 0x000000070a600000|100%|HC|  |TAMS 0x000000070a600000| PB 0x000000070a400000| Complete |  0
|  42|0x000000070a600000, 0x000000070a800000, 0x000000070a800000|100%|HS|  |TAMS 0x000000070a800000| PB 0x000000070a600000| Complete |  0
|  43|0x000000070a800000, 0x000000070aa00000, 0x000000070aa00000|100%|HC|  |TAMS 0x000000070aa00000| PB 0x000000070a800000| Complete |  0
|  44|0x000000070aa00000, 0x000000070ac00000, 0x000000070ac00000|100%|HC|  |TAMS 0x000000070ac00000| PB 0x000000070aa00000| Complete |  0
|  45|0x000000070ac00000, 0x000000070ae00000, 0x000000070ae00000|100%|HC|  |TAMS 0x000000070ae00000| PB 0x000000070ac00000| Complete |  0
|  46|0x000000070ae00000, 0x000000070ae00000, 0x000000070b000000|  0%| F|  |TAMS 0x000000070ae00000| PB 0x000000070ae00000| Untracked |  0
|  47|0x000000070b000000, 0x000000070b000000, 0x000000070b200000|  0%| F|  |TAMS 0x000000070b000000| PB 0x000000070b000000| Untracked |  0
|  48|0x000000070b200000, 0x000000070b400000, 0x000000070b400000|100%|HS|  |TAMS 0x000000070b400000| PB 0x000000070b200000| Complete |  0
|  49|0x000000070b400000, 0x000000070b600000, 0x000000070b600000|100%|HC|  |TAMS 0x000000070b600000| PB 0x000000070b400000| Complete |  0
|  50|0x000000070b600000, 0x000000070b800000, 0x000000070b800000|100%|HC|  |TAMS 0x000000070b800000| PB 0x000000070b600000| Complete |  0
|  51|0x000000070b800000, 0x000000070ba00000, 0x000000070ba00000|100%|HC|  |TAMS 0x000000070ba00000| PB 0x000000070b800000| Complete |  0
|  52|0x000000070ba00000, 0x000000070bc00000, 0x000000070bc00000|100%|HS|  |TAMS 0x000000070bc00000| PB 0x000000070ba00000| Complete |  0
|  53|0x000000070bc00000, 0x000000070be00000, 0x000000070be00000|100%|HC|  |TAMS 0x000000070be00000| PB 0x000000070bc00000| Complete |  0
|  54|0x000000070be00000, 0x000000070c000000, 0x000000070c000000|100%|HS|  |TAMS 0x000000070c000000| PB 0x000000070be00000| Complete |  0
|  55|0x000000070c000000, 0x000000070c200000, 0x000000070c200000|100%|HC|  |TAMS 0x000000070c200000| PB 0x000000070c000000| Complete |  0
|  56|0x000000070c200000, 0x000000070c400000, 0x000000070c400000|100%|HC|  |TAMS 0x000000070c400000| PB 0x000000070c200000| Complete |  0
|  57|0x000000070c400000, 0x000000070c600000, 0x000000070c600000|100%|HC|  |TAMS 0x000000070c600000| PB 0x000000070c400000| Complete |  0
|  58|0x000000070c600000, 0x000000070c800000, 0x000000070c800000|100%|HS|  |TAMS 0x000000070c800000| PB 0x000000070c600000| Complete |  0
|  59|0x000000070c800000, 0x000000070ca00000, 0x000000070ca00000|100%|HC|  |TAMS 0x000000070ca00000| PB 0x000000070c800000| Complete |  0
|  60|0x000000070ca00000, 0x000000070cc00000, 0x000000070cc00000|100%|HS|  |TAMS 0x000000070cc00000| PB 0x000000070ca00000| Complete |  0
|  61|0x000000070cc00000, 0x000000070ce00000, 0x000000070ce00000|100%|HC|  |TAMS 0x000000070ce00000| PB 0x000000070cc00000| Complete |  0
|  62|0x000000070ce00000, 0x000000070d000000, 0x000000070d000000|100%|HC|  |TAMS 0x000000070d000000| PB 0x000000070ce00000| Complete |  0
|  63|0x000000070d000000, 0x000000070d200000, 0x000000070d200000|100%|HC|  |TAMS 0x000000070d200000| PB 0x000000070d000000| Complete |  0
|  64|0x000000070d200000, 0x000000070d400000, 0x000000070d400000|100%|HC|  |TAMS 0x000000070d400000| PB 0x000000070d200000| Complete |  0
|  65|0x000000070d400000, 0x000000070d600000, 0x000000070d600000|100%|HS|  |TAMS 0x000000070d600000| PB 0x000000070d400000| Complete |  0
|  66|0x000000070d600000, 0x000000070d800000, 0x000000070d800000|100%|HC|  |TAMS 0x000000070d800000| PB 0x000000070d600000| Complete |  0
|  67|0x000000070d800000, 0x000000070da00000, 0x000000070da00000|100%|HC|  |TAMS 0x000000070da00000| PB 0x000000070d800000| Complete |  0
|  68|0x000000070da00000, 0x000000070dc00000, 0x000000070dc00000|100%|HC|  |TAMS 0x000000070dc00000| PB 0x000000070da00000| Complete |  0
|  69|0x000000070dc00000, 0x000000070de00000, 0x000000070de00000|100%|HS|  |TAMS 0x000000070de00000| PB 0x000000070dc00000| Complete |  0
|  70|0x000000070de00000, 0x000000070e000000, 0x000000070e000000|100%|HC|  |TAMS 0x000000070e000000| PB 0x000000070de00000| Complete |  0
|  71|0x000000070e000000, 0x000000070e200000, 0x000000070e200000|100%|HS|  |TAMS 0x000000070e200000| PB 0x000000070e000000| Complete |  0
|  72|0x000000070e200000, 0x000000070e400000, 0x000000070e400000|100%|HC|  |TAMS 0x000000070e400000| PB 0x000000070e200000| Complete |  0
|  73|0x000000070e400000, 0x000000070e600000, 0x000000070e600000|100%|HS|  |TAMS 0x000000070e600000| PB 0x000000070e400000| Complete |  0
|  74|0x000000070e600000, 0x000000070e800000, 0x000000070e800000|100%|HC|  |TAMS 0x000000070e800000| PB 0x000000070e600000| Complete |  0
|  75|0x000000070e800000, 0x000000070ea00000, 0x000000070ea00000|100%|HS|  |TAMS 0x000000070ea00000| PB 0x000000070e800000| Complete |  0
|  76|0x000000070ea00000, 0x000000070ec00000, 0x000000070ec00000|100%|HC|  |TAMS 0x000000070ec00000| PB 0x000000070ea00000| Complete |  0
|  77|0x000000070ec00000, 0x000000070ee00000, 0x000000070ee00000|100%|HC|  |TAMS 0x000000070ee00000| PB 0x000000070ec00000| Complete |  0
|  78|0x000000070ee00000, 0x000000070f000000, 0x000000070f000000|100%|HC|  |TAMS 0x000000070f000000| PB 0x000000070ee00000| Complete |  0
|  79|0x000000070f000000, 0x000000070f200000, 0x000000070f200000|100%|HC|  |TAMS 0x000000070f200000| PB 0x000000070f000000| Complete |  0
|  80|0x000000070f200000, 0x000000070f400000, 0x000000070f400000|100%|HC|  |TAMS 0x000000070f400000| PB 0x000000070f200000| Complete |  0
|  81|0x000000070f400000, 0x000000070f600000, 0x000000070f600000|100%|HS|  |TAMS 0x000000070f600000| PB 0x000000070f400000| Complete |  0
|  82|0x000000070f600000, 0x000000070f800000, 0x000000070f800000|100%|HC|  |TAMS 0x000000070f800000| PB 0x000000070f600000| Complete |  0
|  83|0x000000070f800000, 0x000000070fa00000, 0x000000070fa00000|100%|HS|  |TAMS 0x000000070fa00000| PB 0x000000070f800000| Complete |  0
|  84|0x000000070fa00000, 0x000000070fc00000, 0x000000070fc00000|100%|HC|  |TAMS 0x000000070fc00000| PB 0x000000070fa00000| Complete |  0
|  85|0x000000070fc00000, 0x000000070fe00000, 0x000000070fe00000|100%|HC|  |TAMS 0x000000070fe00000| PB 0x000000070fc00000| Complete |  0
|  86|0x000000070fe00000, 0x0000000710000000, 0x0000000710000000|100%|HC|  |TAMS 0x0000000710000000| PB 0x000000070fe00000| Complete |  0
|  87|0x0000000710000000, 0x0000000710200000, 0x0000000710200000|100%|HC|  |TAMS 0x0000000710200000| PB 0x0000000710000000| Complete |  0
|  88|0x0000000710200000, 0x0000000710400000, 0x0000000710400000|100%|HS|  |TAMS 0x0000000710400000| PB 0x0000000710200000| Complete |  0
|  89|0x0000000710400000, 0x0000000710600000, 0x0000000710600000|100%|HC|  |TAMS 0x0000000710600000| PB 0x0000000710400000| Complete |  0
|  90|0x0000000710600000, 0x0000000710800000, 0x0000000710800000|100%| O|  |TAMS 0x0000000710800000| PB 0x0000000710800000| Untracked |  0
|  91|0x0000000710800000, 0x0000000710a00000, 0x0000000710a00000|100%| O|  |TAMS 0x0000000710a00000| PB 0x0000000710a00000| Untracked |  0
|  92|0x0000000710a00000, 0x0000000710a00000, 0x0000000710c00000|  0%| F|  |TAMS 0x0000000710a00000| PB 0x0000000710a00000| Untracked |  0
|  93|0x0000000710c00000, 0x0000000710e00000, 0x0000000710e00000|100%| O|  |TAMS 0x0000000710e00000| PB 0x0000000710e00000| Untracked |  0
|  94|0x0000000710e00000, 0x0000000711000000, 0x0000000711000000|100%|HS|  |TAMS 0x0000000711000000| PB 0x0000000710e00000| Complete |  0
|  95|0x0000000711000000, 0x0000000711200000, 0x0000000711200000|100%|HC|  |TAMS 0x0000000711200000| PB 0x0000000711000000| Complete |  0
|  96|0x0000000711200000, 0x0000000711400000, 0x0000000711400000|100%|HS|  |TAMS 0x0000000711400000| PB 0x0000000711200000| Complete |  0
|  97|0x0000000711400000, 0x0000000711600000, 0x0000000711600000|100%|HC|  |TAMS 0x0000000711600000| PB 0x0000000711400000| Complete |  0
|  98|0x0000000711600000, 0x0000000711800000, 0x0000000711800000|100%|HS|  |TAMS 0x0000000711800000| PB 0x0000000711600000| Complete |  0
|  99|0x0000000711800000, 0x0000000711a00000, 0x0000000711a00000|100%|HC|  |TAMS 0x0000000711a00000| PB 0x0000000711800000| Complete |  0
| 100|0x0000000711a00000, 0x0000000711c00000, 0x0000000711c00000|100%|HS|  |TAMS 0x0000000711c00000| PB 0x0000000711a00000| Complete |  0
| 101|0x0000000711c00000, 0x0000000711e00000, 0x0000000711e00000|100%|HC|  |TAMS 0x0000000711e00000| PB 0x0000000711c00000| Complete |  0
| 102|0x0000000711e00000, 0x0000000712000000, 0x0000000712000000|100%|HS|  |TAMS 0x0000000712000000| PB 0x0000000711e00000| Complete |  0
| 103|0x0000000712000000, 0x0000000712200000, 0x0000000712200000|100%|HC|  |TAMS 0x0000000712200000| PB 0x0000000712000000| Complete |  0
| 104|0x0000000712200000, 0x0000000712400000, 0x0000000712400000|100%|HS|  |TAMS 0x0000000712400000| PB 0x0000000712200000| Complete |  0
| 105|0x0000000712400000, 0x0000000712600000, 0x0000000712600000|100%|HC|  |TAMS 0x0000000712600000| PB 0x0000000712400000| Complete |  0
| 106|0x0000000712600000, 0x0000000712800000, 0x0000000712800000|100%|HS|  |TAMS 0x0000000712800000| PB 0x0000000712600000| Complete |  0
| 107|0x0000000712800000, 0x0000000712a00000, 0x0000000712a00000|100%|HC|  |TAMS 0x0000000712a00000| PB 0x0000000712800000| Complete |  0
| 108|0x0000000712a00000, 0x0000000712c00000, 0x0000000712c00000|100%|HS|  |TAMS 0x0000000712c00000| PB 0x0000000712a00000| Complete |  0
| 109|0x0000000712c00000, 0x0000000712e00000, 0x0000000712e00000|100%|HC|  |TAMS 0x0000000712e00000| PB 0x0000000712c00000| Complete |  0
| 110|0x0000000712e00000, 0x0000000713000000, 0x0000000713000000|100%|HS|  |TAMS 0x0000000713000000| PB 0x0000000712e00000| Complete |  0
| 111|0x0000000713000000, 0x0000000713200000, 0x0000000713200000|100%|HC|  |TAMS 0x0000000713200000| PB 0x0000000713000000| Complete |  0
| 112|0x0000000713200000, 0x0000000713400000, 0x0000000713400000|100%|HS|  |TAMS 0x0000000713400000| PB 0x0000000713200000| Complete |  0
| 113|0x0000000713400000, 0x0000000713600000, 0x0000000713600000|100%|HC|  |TAMS 0x0000000713600000| PB 0x0000000713400000| Complete |  0
| 114|0x0000000713600000, 0x0000000713800000, 0x0000000713800000|100%|HS|  |TAMS 0x0000000713800000| PB 0x0000000713600000| Complete |  0
| 115|0x0000000713800000, 0x0000000713a00000, 0x0000000713a00000|100%|HS|  |TAMS 0x0000000713a00000| PB 0x0000000713800000| Complete |  0
| 116|0x0000000713a00000, 0x0000000713c00000, 0x0000000713c00000|100%|HC|  |TAMS 0x0000000713c00000| PB 0x0000000713a00000| Complete |  0
| 117|0x0000000713c00000, 0x0000000713e00000, 0x0000000713e00000|100%|HS|  |TAMS 0x0000000713e00000| PB 0x0000000713c00000| Complete |  0
| 118|0x0000000713e00000, 0x0000000714000000, 0x0000000714000000|100%|HC|  |TAMS 0x0000000714000000| PB 0x0000000713e00000| Complete |  0
| 119|0x0000000714000000, 0x0000000714200000, 0x0000000714200000|100%|HC|  |TAMS 0x0000000714200000| PB 0x0000000714000000| Complete |  0
| 120|0x0000000714200000, 0x0000000714400000, 0x0000000714400000|100%|HC|  |TAMS 0x0000000714400000| PB 0x0000000714200000| Complete |  0
| 121|0x0000000714400000, 0x0000000714600000, 0x0000000714600000|100%|HC|  |TAMS 0x0000000714600000| PB 0x0000000714400000| Complete |  0
| 122|0x0000000714600000, 0x0000000714800000, 0x0000000714800000|100%|HC|  |TAMS 0x0000000714800000| PB 0x0000000714600000| Complete |  0
| 123|0x0000000714800000, 0x0000000714a00000, 0x0000000714a00000|100%|HS|  |TAMS 0x0000000714a00000| PB 0x0000000714800000| Complete |  0
| 124|0x0000000714a00000, 0x0000000714c00000, 0x0000000714c00000|100%|HC|  |TAMS 0x0000000714c00000| PB 0x0000000714a00000| Complete |  0
| 125|0x0000000714c00000, 0x0000000714e00000, 0x0000000714e00000|100%| O|  |TAMS 0x0000000714c00000| PB 0x0000000714c00000| Untracked |  0
| 126|0x0000000714e00000, 0x0000000715000000, 0x0000000715000000|100%|HS|  |TAMS 0x0000000715000000| PB 0x0000000714e00000| Complete |  0
| 127|0x0000000715000000, 0x0000000715200000, 0x0000000715200000|100%|HC|  |TAMS 0x0000000715200000| PB 0x0000000715000000| Complete |  0
| 128|0x0000000715200000, 0x0000000715400000, 0x0000000715400000|100%|HC|  |TAMS 0x0000000715400000| PB 0x0000000715200000| Complete |  0
| 129|0x0000000715400000, 0x0000000715600000, 0x0000000715600000|100%|HC|  |TAMS 0x0000000715600000| PB 0x0000000715400000| Complete |  0
| 130|0x0000000715600000, 0x0000000715800000, 0x0000000715800000|100%|HC|  |TAMS 0x0000000715800000| PB 0x0000000715600000| Complete |  0
| 131|0x0000000715800000, 0x0000000715a00000, 0x0000000715a00000|100%|HC|  |TAMS 0x0000000715a00000| PB 0x0000000715800000| Complete |  0
| 132|0x0000000715a00000, 0x0000000715c00000, 0x0000000715c00000|100%|HC|  |TAMS 0x0000000715c00000| PB 0x0000000715a00000| Complete |  0
| 133|0x0000000715c00000, 0x0000000715e00000, 0x0000000715e00000|100%|HC|  |TAMS 0x0000000715e00000| PB 0x0000000715c00000| Complete |  0
| 134|0x0000000715e00000, 0x0000000716000000, 0x0000000716000000|100%|HC|  |TAMS 0x0000000716000000| PB 0x0000000715e00000| Complete |  0
| 135|0x0000000716000000, 0x0000000716200000, 0x0000000716200000|100%|HC|  |TAMS 0x0000000716200000| PB 0x0000000716000000| Complete |  0
| 136|0x0000000716200000, 0x0000000716400000, 0x0000000716400000|100%|HC|  |TAMS 0x0000000716400000| PB 0x0000000716200000| Complete |  0
| 137|0x0000000716400000, 0x0000000716600000, 0x0000000716600000|100%|HC|  |TAMS 0x0000000716600000| PB 0x0000000716400000| Complete |  0
| 138|0x0000000716600000, 0x0000000716800000, 0x0000000716800000|100%|HC|  |TAMS 0x0000000716800000| PB 0x0000000716600000| Complete |  0
| 139|0x0000000716800000, 0x0000000716a00000, 0x0000000716a00000|100%|HC|  |TAMS 0x0000000716a00000| PB 0x0000000716800000| Complete |  0
| 140|0x0000000716a00000, 0x0000000716c00000, 0x0000000716c00000|100%|HC|  |TAMS 0x0000000716c00000| PB 0x0000000716a00000| Complete |  0
| 141|0x0000000716c00000, 0x0000000716e00000, 0x0000000716e00000|100%|HC|  |TAMS 0x0000000716e00000| PB 0x0000000716c00000| Complete |  0
| 142|0x0000000716e00000, 0x0000000717000000, 0x0000000717000000|100%|HC|  |TAMS 0x0000000717000000| PB 0x0000000716e00000| Complete |  0
| 143|0x0000000717000000, 0x0000000717200000, 0x0000000717200000|100%|HC|  |TAMS 0x0000000717200000| PB 0x0000000717000000| Complete |  0
| 144|0x0000000717200000, 0x0000000717400000, 0x0000000717400000|100%|HC|  |TAMS 0x0000000717400000| PB 0x0000000717200000| Complete |  0
| 145|0x0000000717400000, 0x0000000717600000, 0x0000000717600000|100%|HS|  |TAMS 0x0000000717600000| PB 0x0000000717400000| Complete |  0
| 146|0x0000000717600000, 0x0000000717800000, 0x0000000717800000|100%|HC|  |TAMS 0x0000000717800000| PB 0x0000000717600000| Complete |  0
| 147|0x0000000717800000, 0x0000000717a00000, 0x0000000717a00000|100%|HC|  |TAMS 0x0000000717a00000| PB 0x0000000717800000| Complete |  0
| 148|0x0000000717a00000, 0x0000000717c00000, 0x0000000717c00000|100%|HC|  |TAMS 0x0000000717c00000| PB 0x0000000717a00000| Complete |  0
| 149|0x0000000717c00000, 0x0000000717e00000, 0x0000000717e00000|100%|HC|  |TAMS 0x0000000717e00000| PB 0x0000000717c00000| Complete |  0
| 150|0x0000000717e00000, 0x0000000718000000, 0x0000000718000000|100%|HC|  |TAMS 0x0000000718000000| PB 0x0000000717e00000| Complete |  0
| 151|0x0000000718000000, 0x0000000718200000, 0x0000000718200000|100%|HS|  |TAMS 0x0000000718200000| PB 0x0000000718000000| Complete |  0
| 152|0x0000000718200000, 0x0000000718400000, 0x0000000718400000|100%|HC|  |TAMS 0x0000000718400000| PB 0x0000000718200000| Complete |  0
| 153|0x0000000718400000, 0x0000000718600000, 0x0000000718600000|100%|HS|  |TAMS 0x0000000718600000| PB 0x0000000718400000| Complete |  0
| 154|0x0000000718600000, 0x0000000718800000, 0x0000000718800000|100%|HC|  |TAMS 0x0000000718800000| PB 0x0000000718600000| Complete |  0
| 155|0x0000000718800000, 0x0000000718a00000, 0x0000000718a00000|100%|HS|  |TAMS 0x0000000718a00000| PB 0x0000000718800000| Complete |  0
| 156|0x0000000718a00000, 0x0000000718c00000, 0x0000000718c00000|100%|HC|  |TAMS 0x0000000718c00000| PB 0x0000000718a00000| Complete |  0
| 157|0x0000000718c00000, 0x0000000718e00000, 0x0000000718e00000|100%|HS|  |TAMS 0x0000000718e00000| PB 0x0000000718c00000| Complete |  0
| 158|0x0000000718e00000, 0x0000000719000000, 0x0000000719000000|100%|HC|  |TAMS 0x0000000719000000| PB 0x0000000718e00000| Complete |  0
| 159|0x0000000719000000, 0x0000000719200000, 0x0000000719200000|100%| O|  |TAMS 0x0000000719000000| PB 0x0000000719000000| Untracked |  0
| 160|0x0000000719200000, 0x00000007192c3510, 0x0000000719400000| 38%| O|  |TAMS 0x0000000719200000| PB 0x0000000719200000| Untracked |  0
| 161|0x0000000719400000, 0x0000000719600000, 0x0000000719600000|100%|HS|  |TAMS 0x0000000719400000| PB 0x0000000719400000| Complete |  0
| 162|0x0000000719600000, 0x0000000719800000, 0x0000000719800000|100%|HC|  |TAMS 0x0000000719600000| PB 0x0000000719600000| Complete |  0
| 163|0x0000000719800000, 0x0000000719800000, 0x0000000719a00000|  0%| F|  |TAMS 0x0000000719800000| PB 0x0000000719800000| Untracked |  0
| 164|0x0000000719a00000, 0x0000000719a00000, 0x0000000719c00000|  0%| F|  |TAMS 0x0000000719a00000| PB 0x0000000719a00000| Untracked |  0
| 165|0x0000000719c00000, 0x0000000719c00000, 0x0000000719e00000|  0%| F|  |TAMS 0x0000000719c00000| PB 0x0000000719c00000| Untracked |  0
| 166|0x0000000719e00000, 0x0000000719e00000, 0x000000071a000000|  0%| F|  |TAMS 0x0000000719e00000| PB 0x0000000719e00000| Untracked |  0
| 167|0x000000071a000000, 0x000000071a000000, 0x000000071a200000|  0%| F|  |TAMS 0x000000071a000000| PB 0x000000071a000000| Untracked |  0
| 168|0x000000071a200000, 0x000000071a200000, 0x000000071a400000|  0%| F|  |TAMS 0x000000071a200000| PB 0x000000071a200000| Untracked |  0
| 169|0x000000071a400000, 0x000000071a400000, 0x000000071a600000|  0%| F|  |TAMS 0x000000071a400000| PB 0x000000071a400000| Untracked |  0
| 170|0x000000071a600000, 0x000000071a600000, 0x000000071a800000|  0%| F|  |TAMS 0x000000071a600000| PB 0x000000071a600000| Untracked |  0
| 171|0x000000071a800000, 0x000000071a800000, 0x000000071aa00000|  0%| F|  |TAMS 0x000000071a800000| PB 0x000000071a800000| Untracked |  0
| 172|0x000000071aa00000, 0x000000071aa00000, 0x000000071ac00000|  0%| F|  |TAMS 0x000000071aa00000| PB 0x000000071aa00000| Untracked |  0
| 173|0x000000071ac00000, 0x000000071ac00000, 0x000000071ae00000|  0%| F|  |TAMS 0x000000071ac00000| PB 0x000000071ac00000| Untracked |  0
| 174|0x000000071ae00000, 0x000000071ae00000, 0x000000071b000000|  0%| F|  |TAMS 0x000000071ae00000| PB 0x000000071ae00000| Untracked |  0
| 175|0x000000071b000000, 0x000000071b000000, 0x000000071b200000|  0%| F|  |TAMS 0x000000071b000000| PB 0x000000071b000000| Untracked |  0
| 176|0x000000071b200000, 0x000000071b200000, 0x000000071b400000|  0%| F|  |TAMS 0x000000071b200000| PB 0x000000071b200000| Untracked |  0
| 177|0x000000071b400000, 0x000000071b400000, 0x000000071b600000|  0%| F|  |TAMS 0x000000071b400000| PB 0x000000071b400000| Untracked |  0
| 178|0x000000071b600000, 0x000000071b600000, 0x000000071b800000|  0%| F|  |TAMS 0x000000071b600000| PB 0x000000071b600000| Untracked |  0
| 179|0x000000071b800000, 0x000000071b800000, 0x000000071ba00000|  0%| F|  |TAMS 0x000000071b800000| PB 0x000000071b800000| Untracked |  0
| 180|0x000000071ba00000, 0x000000071ba00000, 0x000000071bc00000|  0%| F|  |TAMS 0x000000071ba00000| PB 0x000000071ba00000| Untracked |  0
| 181|0x000000071bc00000, 0x000000071bc00000, 0x000000071be00000|  0%| F|  |TAMS 0x000000071bc00000| PB 0x000000071bc00000| Untracked |  0
| 182|0x000000071be00000, 0x000000071be00000, 0x000000071c000000|  0%| F|  |TAMS 0x000000071be00000| PB 0x000000071be00000| Untracked |  0
| 183|0x000000071c000000, 0x000000071c000000, 0x000000071c200000|  0%| F|  |TAMS 0x000000071c000000| PB 0x000000071c000000| Untracked |  0
| 184|0x000000071c200000, 0x000000071c200000, 0x000000071c400000|  0%| F|  |TAMS 0x000000071c200000| PB 0x000000071c200000| Untracked |  0
| 185|0x000000071c400000, 0x000000071c400000, 0x000000071c600000|  0%| F|  |TAMS 0x000000071c400000| PB 0x000000071c400000| Untracked |  0
| 186|0x000000071c600000, 0x000000071c600000, 0x000000071c800000|  0%| F|  |TAMS 0x000000071c600000| PB 0x000000071c600000| Untracked |  0
| 187|0x000000071c800000, 0x000000071c800000, 0x000000071ca00000|  0%| F|  |TAMS 0x000000071c800000| PB 0x000000071c800000| Untracked |  0
| 188|0x000000071ca00000, 0x000000071ca00000, 0x000000071cc00000|  0%| F|  |TAMS 0x000000071ca00000| PB 0x000000071ca00000| Untracked |  0
| 189|0x000000071cc00000, 0x000000071cc00000, 0x000000071ce00000|  0%| F|  |TAMS 0x000000071cc00000| PB 0x000000071cc00000| Untracked |  0
| 190|0x000000071ce00000, 0x000000071ce00000, 0x000000071d000000|  0%| F|  |TAMS 0x000000071ce00000| PB 0x000000071ce00000| Untracked |  0
| 191|0x000000071d000000, 0x000000071d200000, 0x000000071d200000|100%|HS|  |TAMS 0x000000071d200000| PB 0x000000071d000000| Complete |  0
| 192|0x000000071d200000, 0x000000071d400000, 0x000000071d400000|100%|HC|  |TAMS 0x000000071d400000| PB 0x000000071d200000| Complete |  0
| 193|0x000000071d400000, 0x000000071d600000, 0x000000071d600000|100%|HC|  |TAMS 0x000000071d600000| PB 0x000000071d400000| Complete |  0
| 194|0x000000071d600000, 0x000000071d800000, 0x000000071d800000|100%|HC|  |TAMS 0x000000071d800000| PB 0x000000071d600000| Complete |  0
| 195|0x000000071d800000, 0x000000071d800000, 0x000000071da00000|  0%| F|  |TAMS 0x000000071d800000| PB 0x000000071d800000| Untracked |  0
| 196|0x000000071da00000, 0x000000071da00000, 0x000000071dc00000|  0%| F|  |TAMS 0x000000071da00000| PB 0x000000071da00000| Untracked |  0
| 197|0x000000071dc00000, 0x000000071dc00000, 0x000000071de00000|  0%| F|  |TAMS 0x000000071dc00000| PB 0x000000071dc00000| Untracked |  0
| 198|0x000000071de00000, 0x000000071de00000, 0x000000071e000000|  0%| F|  |TAMS 0x000000071de00000| PB 0x000000071de00000| Untracked |  0
|1995|0x00000007fe800000, 0x00000007fea00000, 0x00000007fea00000|100%| O|  |TAMS 0x00000007fe87ae18| PB 0x00000007fe87ae18| Untracked |  0
|1996|0x00000007fea00000, 0x00000007fec00000, 0x00000007fec00000|100%| O|Cm|TAMS 0x00000007fec00000| PB 0x00000007fec00000| Updating |  0
|1997|0x00000007fec00000, 0x00000007fec00000, 0x00000007fee00000|  0%| F|  |TAMS 0x00000007fec00000| PB 0x00000007fec00000| Untracked |  0
|1998|0x00000007fee00000, 0x00000007fee08dc0, 0x00000007ff000000|  1%| S|CS|TAMS 0x00000007fee00000| PB 0x00000007fee00000| Complete |  0
|1999|0x00000007ff000000, 0x00000007ff200000, 0x00000007ff200000|100%| O|  |TAMS 0x00000007ff200000| PB 0x00000007ff200000| Untracked |  0
|2000|0x00000007ff200000, 0x00000007ff400000, 0x00000007ff400000|100%| O|  |TAMS 0x00000007ff400000| PB 0x00000007ff400000| Untracked |  0
|2001|0x00000007ff400000, 0x00000007ff600000, 0x00000007ff600000|100%| O|  |TAMS 0x00000007ff600000| PB 0x00000007ff600000| Untracked |  0
|2002|0x00000007ff600000, 0x00000007ff800000, 0x00000007ff800000|100%| O|  |TAMS 0x00000007ff800000| PB 0x00000007ff800000| Untracked |  0
|2003|0x00000007ff800000, 0x00000007ffa00000, 0x00000007ffa00000|100%| O|  |TAMS 0x00000007ffa00000| PB 0x00000007ffa00000| Untracked |  0
|2004|0x00000007ffa00000, 0x00000007ffc00000, 0x00000007ffc00000|100%| O|  |TAMS 0x00000007ffc00000| PB 0x00000007ffc00000| Untracked |  0
|2005|0x00000007ffc00000, 0x00000007ffe00000, 0x00000007ffe00000|100%| O|  |TAMS 0x00000007ffe00000| PB 0x00000007ffe00000| Untracked |  0
|2006|0x00000007ffe00000, 0x00000007ffeb2f60, 0x0000000800000000| 34%| E|  |TAMS 0x00000007ffe00000| PB 0x00000007ffe00000| Complete |  0

Card table byte_map: [0x000001b75af20000,0x000001b75b700000] _byte_map_base: 0x000001b7576f7000

Marking Bits: (CMBitMap*) 0x000001b7427504a0
 Bits: [0x000001b75b700000, 0x000001b75f5b8000)

Polling page: 0x000001b740510000

Metaspace:

Usage:
  Non-class:     19.43 MB used.
      Class:      1.99 MB used.
       Both:     21.42 MB used.

Virtual space:
  Non-class space:       64.00 MB reserved,      19.62 MB ( 31%) committed,  1 nodes.
      Class space:        1.00 GB reserved,       2.12 MB ( <1%) committed,  1 nodes.
             Both:        1.06 GB reserved,      21.75 MB (  2%) committed. 

Chunk freelists:
   Non-Class:  12.35 MB
       Class:  13.70 MB
        Both:  26.06 MB

MaxMetaspaceSize: unlimited
CompressedClassSpaceSize: 1.00 GB
Initial GC threshold: 21.00 MB
Current GC threshold: 35.88 MB
CDS: on
 - commit_granule_bytes: 65536.
 - commit_granule_words: 8192.
 - virtual_space_node_default_size: 8388608.
 - enlarge_chunks_in_place: 1.
UseCompressedClassPointers 1, UseCompactObjectHeaders 0
Narrow klass pointer bits 32, Max shift 3
Narrow klass base: 0x000001b763000000, Narrow klass shift: 0
Encoding Range: [0x000001b763000000 - 0x000001b863000000), (4294967296 bytes)
Klass Range:    [0x000001b763000000 - 0x000001b7a4000000), (1090519040 bytes)
Klass ID Range:  [8 - 1090519033) (1090519025)


Internal statistics:

num_allocs_failed_limit: 3.
num_arena_births: 218.
num_arena_deaths: 0.
num_vsnodes_births: 2.
num_vsnodes_deaths: 0.
num_space_committed: 348.
num_space_uncommitted: 0.
num_chunks_returned_to_freelist: 3.
num_chunks_taken_from_freelist: 456.
num_chunk_merges: 0.
num_chunk_splits: 262.
num_chunks_enlarged: 145.
num_inconsistent_stats: 0.

CodeHeap 'non-profiled nmethods': size=120064Kb used=1756Kb max_used=1921Kb free=118307Kb
 bounds [0x000001b752cb0000, 0x000001b752f20000, 0x000001b75a1f0000]
CodeHeap 'profiled nmethods': size=120000Kb used=6471Kb max_used=7682Kb free=113528Kb
 bounds [0x000001b74b1f0000, 0x000001b74b980000, 0x000001b752720000]
CodeHeap 'non-nmethods': size=5696Kb used=1666Kb max_used=1756Kb free=4029Kb
 bounds [0x000001b752720000, 0x000001b752990000, 0x000001b752cb0000]
CodeCache: size=245760Kb, used=9893Kb, max_used=11359Kb, free=235864Kb
 total_blobs=4925, nmethods=4090, adapters=737, full_count=0
Compilation: enabled, stopped_count=0, restarted_count=0

Compilation events (20 events):
Event: 1415.262 Thread 0x000001b76224acc0 nmethod 4751 0x000001b74b3e1488 code [0x000001b74b3e1600, 0x000001b74b3e1c98]
Event: 1415.277 Thread 0x000001b76224acc0 4752  s    3       sun.awt.image.ImageWatched::addWatcher (41 bytes)
Event: 1415.278 Thread 0x000001b76224acc0 nmethod 4752 0x000001b74b482d88 code [0x000001b74b482f20, 0x000001b74b483ad0]
Event: 1415.278 Thread 0x000001b76224acc0 4753       3       java.nio.CharBuffer::array (35 bytes)
Event: 1415.278 Thread 0x000001b76224acc0 nmethod 4753 0x000001b74b3a3c88 code [0x000001b74b3a3dc0, 0x000001b74b3a4088]
Event: 1415.371 Thread 0x000001b762241510 nmethod 4744 0x000001b752dbc188 code [0x000001b752dbc740, 0x000001b752dc3628]
Event: 1415.371 Thread 0x000001b76224acc0 4754       3       java.nio.CharBuffer::hasArray (20 bytes)
Event: 1415.371 Thread 0x000001b76224acc0 nmethod 4754 0x000001b74b5d4f88 code [0x000001b74b5d50a0, 0x000001b74b5d5230]
Event: 1415.372 Thread 0x000001b76224acc0 4755       3       sun.util.calendar.BaseCalendar$Date::setCache (20 bytes)
Event: 1415.372 Thread 0x000001b76224acc0 nmethod 4755 0x000001b74b5dd908 code [0x000001b74b5dda20, 0x000001b74b5ddb38]
Event: 1415.606 Thread 0x000001b76224acc0 4756       3       java.nio.charset.CoderResult::isError (14 bytes)
Event: 1415.606 Thread 0x000001b76224acc0 nmethod 4756 0x000001b74b5e5888 code [0x000001b74b5e59a0, 0x000001b74b5e5af8]
Event: 1415.617 Thread 0x000001b76224acc0 4757       3       java.awt.image.SinglePixelPackedSampleModel::<init> (243 bytes)
Event: 1415.618 Thread 0x000001b76224acc0 nmethod 4757 0x000001b74b2d0f88 code [0x000001b74b2d11a0, 0x000001b74b2d1eb0]
Event: 1415.665 Thread 0x000001b762241510 4758       4       java.io.BufferedInputStream::fill (204 bytes)
Event: 1415.685 Thread 0x000001b762241510 nmethod 4758 0x000001b752dba808 code [0x000001b752dbaa20, 0x000001b752dbc060]
Event: 1415.770 Thread 0x000001b76224acc0 4759  s    3       java.awt.MediaTracker::statusID (48 bytes)
Event: 1415.770 Thread 0x000001b76224acc0 nmethod 4759 0x000001b74b426e88 code [0x000001b74b426fc0, 0x000001b74b427480]
Event: 1415.770 Thread 0x000001b76224acc0 4760  s    3       java.awt.ImageMediaEntry::getStatus (80 bytes)
Event: 1415.771 Thread 0x000001b76224acc0 nmethod 4760 0x000001b74b31f288 code [0x000001b74b31f440, 0x000001b74b3203d0]

GC Heap History (16 events):
Event: 378.742 GC heap before
{Heap before GC invocations=0 (full 0):
 garbage-first heap   total reserved 4110336K, committed 260096K, used 60528K [0x0000000705200000, 0x0000000800000000)
  region size 2048K, 24 young (49152K), 0 survivors (0K)
 Metaspace       used 19224K, committed 19456K, reserved 1114112K
  class space    used 1731K, committed 1856K, reserved 1048576K
}
Event: 378.751 GC heap after
{Heap after GC invocations=1 (full 0):
 garbage-first heap   total reserved 4110336K, committed 260096K, used 21221K [0x0000000705200000, 0x0000000800000000)
  region size 2048K, 3 young (6144K), 3 survivors (6144K)
 Metaspace       used 19224K, committed 19456K, reserved 1114112K
  class space    used 1731K, committed 1856K, reserved 1048576K
}
Event: 820.355 GC heap before
{Heap before GC invocations=1 (full 0):
 garbage-first heap   total reserved 4110336K, committed 260096K, used 121573K [0x0000000705200000, 0x0000000800000000)
  region size 2048K, 33 young (67584K), 3 survivors (6144K)
 Metaspace       used 21304K, committed 21504K, reserved 1114112K
  class space    used 1966K, committed 2048K, reserved 1048576K
}
Event: 820.366 GC heap after
{Heap after GC invocations=2 (full 0):
 garbage-first heap   total reserved 4110336K, committed 260096K, used 69826K [0x0000000705200000, 0x0000000800000000)
  region size 2048K, 7 young (14336K), 7 survivors (14336K)
 Metaspace       used 21304K, committed 21504K, reserved 1114112K
  class space    used 1966K, committed 2048K, reserved 1048576K
}
Event: 1017.994 GC heap before
{Heap before GC invocations=3 (full 0):
 garbage-first heap   total reserved 4110336K, committed 243712K, used 239810K [0x0000000705200000, 0x0000000800000000)
  region size 2048K, 51 young (104448K), 7 survivors (14336K)
 Metaspace       used 21735K, committed 22016K, reserved 1114112K
  class space    used 2016K, committed 2176K, reserved 1048576K
}
Event: 1018.004 GC heap after
{Heap after GC invocations=4 (full 0):
 garbage-first heap   total reserved 4110336K, committed 264192K, used 156289K [0x0000000705200000, 0x0000000800000000)
  region size 2048K, 6 young (12288K), 6 survivors (12288K)
 Metaspace       used 21735K, committed 22016K, reserved 1114112K
  class space    used 2016K, committed 2176K, reserved 1048576K
}
Event: 1018.384 GC heap before
{Heap before GC invocations=4 (full 0):
 garbage-first heap   total reserved 4110336K, committed 303104K, used 299649K [0x0000000705200000, 0x0000000800000000)
  region size 2048K, 32 young (65536K), 6 survivors (12288K)
 Metaspace       used 21741K, committed 22016K, reserved 1114112K
  class space    used 2016K, committed 2176K, reserved 1048576K
}
Event: 1018.392 GC heap after
{Heap after GC invocations=5 (full 0):
 garbage-first heap   total reserved 4110336K, committed 319488K, used 250898K [0x0000000705200000, 0x0000000800000000)
  region size 2048K, 2 young (4096K), 2 survivors (4096K)
 Metaspace       used 21741K, committed 22016K, reserved 1114112K
  class space    used 2016K, committed 2176K, reserved 1048576K
}
Event: 1018.509 GC heap before
{Heap before GC invocations=5 (full 0):
 garbage-first heap   total reserved 4110336K, committed 319488K, used 279570K [0x0000000705200000, 0x0000000800000000)
  region size 2048K, 17 young (34816K), 2 survivors (4096K)
 Metaspace       used 21741K, committed 22016K, reserved 1114112K
  class space    used 2016K, committed 2176K, reserved 1048576K
}
Event: 1018.511 GC heap after
{Heap after GC invocations=6 (full 0):
 garbage-first heap   total reserved 4110336K, committed 319488K, used 254280K [0x0000000705200000, 0x0000000800000000)
  region size 2048K, 1 young (2048K), 1 survivors (2048K)
 Metaspace       used 21741K, committed 22016K, reserved 1114112K
  class space    used 2016K, committed 2176K, reserved 1048576K
}
Event: 1192.488 GC heap before
{Heap before GC invocations=7 (full 0):
 garbage-first heap   total reserved 4110336K, committed 413696K, used 323912K [0x0000000705200000, 0x0000000800000000)
  region size 2048K, 19 young (38912K), 1 survivors (2048K)
 Metaspace       used 21831K, committed 22144K, reserved 1114112K
  class space    used 2021K, committed 2176K, reserved 1048576K
}
Event: 1192.491 GC heap after
{Heap after GC invocations=8 (full 0):
 garbage-first heap   total reserved 4110336K, committed 413696K, used 285114K [0x0000000705200000, 0x0000000800000000)
  region size 2048K, 1 young (2048K), 1 survivors (2048K)
 Metaspace       used 21831K, committed 22144K, reserved 1114112K
  class space    used 2021K, committed 2176K, reserved 1048576K
}
Event: 1415.863 GC heap before
{Heap before GC invocations=8 (full 0):
 garbage-first heap   total reserved 4110336K, committed 421888K, used 416186K [0x0000000705200000, 0x0000000800000000)
  region size 2048K, 35 young (71680K), 1 survivors (2048K)
 Metaspace       used 21933K, committed 22272K, reserved 1114112K
  class space    used 2034K, committed 2176K, reserved 1048576K
}
Event: 1415.870 GC heap after
{Heap after GC invocations=9 (full 0):
 garbage-first heap   total reserved 4110336K, committed 432128K, used 355218K [0x0000000705200000, 0x0000000800000000)
  region size 2048K, 4 young (8192K), 4 survivors (8192K)
 Metaspace       used 21933K, committed 22272K, reserved 1114112K
  class space    used 2034K, committed 2176K, reserved 1048576K
}
Event: 1415.874 GC heap before
{Heap before GC invocations=9 (full 0):
 garbage-first heap   total reserved 4110336K, committed 432128K, used 355218K [0x0000000705200000, 0x0000000800000000)
  region size 2048K, 5 young (10240K), 4 survivors (8192K)
 Metaspace       used 21933K, committed 22272K, reserved 1114112K
  class space    used 2034K, committed 2176K, reserved 1048576K
}
Event: 1415.880 GC heap after
{Heap after GC invocations=10 (full 0):
 garbage-first heap   total reserved 4110336K, committed 432128K, used 354725K [0x0000000705200000, 0x0000000800000000)
  region size 2048K, 1 young (2048K), 1 survivors (2048K)
 Metaspace       used 21933K, committed 22272K, reserved 1114112K
  class space    used 2034K, committed 2176K, reserved 1048576K
}

Dll operation events (12 events):
Event: 0.012 Loaded shared library C:\Program Files\Apache NetBeans\jdk\bin\java.dll
Event: 0.046 Loaded shared library C:\Program Files\Apache NetBeans\jdk\bin\jsvml.dll
Event: 0.080 Loaded shared library C:\Program Files\Apache NetBeans\jdk\bin\net.dll
Event: 0.082 Loaded shared library C:\Program Files\Apache NetBeans\jdk\bin\nio.dll
Event: 0.111 Loaded shared library C:\Program Files\Apache NetBeans\jdk\bin\zip.dll
Event: 0.147 Loaded shared library C:\Program Files\Apache NetBeans\jdk\bin\jimage.dll
Event: 0.161 Loaded shared library C:\Program Files\Apache NetBeans\jdk\bin\awt.dll
Event: 0.484 Loaded shared library C:\Program Files\Apache NetBeans\jdk\bin\freetype.dll
Event: 0.485 Loaded shared library C:\Program Files\Apache NetBeans\jdk\bin\fontmanager.dll
Event: 85.138 Loaded shared library C:\Program Files\Apache NetBeans\jdk\bin\extnet.dll
Event: 85.396 Loaded shared library C:\Program Files\Apache NetBeans\jdk\bin\sunmscapi.dll
Event: 383.454 Loaded shared library C:\Program Files\Apache NetBeans\jdk\bin\javajpeg.dll

Deoptimization events (20 events):
Event: 1036.451 Thread 0x000001b762d08e30 Uncommon trap: trap_request=0xffffffc6 fr.pc=0x000001b752e6eadc relative=0x000000000000267c
Event: 1036.451 Thread 0x000001b762d08e30 Uncommon trap: reason=bimorphic_or_optimized_type_check action=maybe_recompile pc=0x000001b752e6eadc method=java.awt.Component.dispatchEventImpl(Ljava/awt/AWTEvent;)V @ 214 c2
Event: 1036.451 Thread 0x000001b762d08e30 DEOPT PACKING pc=0x000001b752e6eadc sp=0x00000082661ff450
Event: 1036.451 Thread 0x000001b762d08e30 DEOPT UNPACKING pc=0x000001b752836302 sp=0x00000082661ff408 mode 2
Event: 1036.524 Thread 0x000001b762d08e30 Uncommon trap: trap_request=0xffffffc6 fr.pc=0x000001b752e6eadc relative=0x000000000000267c
Event: 1036.524 Thread 0x000001b762d08e30 Uncommon trap: reason=bimorphic_or_optimized_type_check action=maybe_recompile pc=0x000001b752e6eadc method=java.awt.Component.dispatchEventImpl(Ljava/awt/AWTEvent;)V @ 214 c2
Event: 1036.524 Thread 0x000001b762d08e30 DEOPT PACKING pc=0x000001b752e6eadc sp=0x00000082661ff310
Event: 1036.524 Thread 0x000001b762d08e30 DEOPT UNPACKING pc=0x000001b752836302 sp=0x00000082661ff2c8 mode 2
Event: 1036.524 Thread 0x000001b762d08e30 Uncommon trap: trap_request=0xffffffc6 fr.pc=0x000001b752e6eadc relative=0x000000000000267c
Event: 1036.524 Thread 0x000001b762d08e30 Uncommon trap: reason=bimorphic_or_optimized_type_check action=maybe_recompile pc=0x000001b752e6eadc method=java.awt.Component.dispatchEventImpl(Ljava/awt/AWTEvent;)V @ 214 c2
Event: 1036.524 Thread 0x000001b762d08e30 DEOPT PACKING pc=0x000001b752e6eadc sp=0x00000082661ff450
Event: 1036.524 Thread 0x000001b762d08e30 DEOPT UNPACKING pc=0x000001b752836302 sp=0x00000082661ff408 mode 2
Event: 1192.414 Thread 0x000001b762d08e30 DEOPT PACKING pc=0x000001b74b468643 sp=0x00000082661fd950
Event: 1192.414 Thread 0x000001b762d08e30 DEOPT UNPACKING pc=0x000001b752775722 sp=0x00000082661fcdd0 mode 0
Event: 1192.418 Thread 0x000001b762d08e30 DEOPT PACKING pc=0x000001b74b6b24ca sp=0x00000082661fdd30
Event: 1192.418 Thread 0x000001b762d08e30 DEOPT UNPACKING pc=0x000001b752775722 sp=0x00000082661fd1f0 mode 0
Event: 1192.450 Thread 0x000001b762d08e30 DEOPT PACKING pc=0x000001b74b680f6b sp=0x00000082661fd8b0
Event: 1192.450 Thread 0x000001b762d08e30 DEOPT UNPACKING pc=0x000001b752775722 sp=0x00000082661fcd30 mode 0
Event: 1343.212 Thread 0x000001b762d08e30 DEOPT PACKING pc=0x000001b74b833a54 sp=0x00000082661fbf20
Event: 1343.212 Thread 0x000001b762d08e30 DEOPT UNPACKING pc=0x000001b752775722 sp=0x00000082661fb390 mode 0

Classes loaded (20 events):
Event: 820.534 Loading class jdk/internal/foreign/Utils$BaseAndScale
Event: 820.534 Loading class jdk/internal/foreign/Utils$BaseAndScale done
Event: 820.534 Loading class jdk/internal/foreign/HeapMemorySegmentImpl$OfByte
Event: 820.534 Loading class jdk/internal/foreign/HeapMemorySegmentImpl
Event: 820.534 Loading class jdk/internal/foreign/HeapMemorySegmentImpl done
Event: 820.534 Loading class jdk/internal/foreign/HeapMemorySegmentImpl$OfByte done
Event: 820.535 Loading class jdk/internal/foreign/GlobalSession$HeapSession
Event: 820.535 Loading class jdk/internal/foreign/GlobalSession$HeapSession done
Event: 973.839 Loading class java/util/concurrent/atomic/AtomicReferenceFieldUpdater
Event: 973.840 Loading class java/util/concurrent/atomic/AtomicReferenceFieldUpdater done
Event: 973.840 Loading class java/util/concurrent/atomic/AtomicReferenceFieldUpdater$AtomicReferenceFieldUpdaterImpl
Event: 973.840 Loading class java/util/concurrent/atomic/AtomicReferenceFieldUpdater$AtomicReferenceFieldUpdaterImpl done
Event: 973.840 Loading class sun/reflect/misc/ReflectUtil
Event: 973.840 Loading class sun/reflect/misc/ReflectUtil done
Event: 973.840 Loading class java/lang/Throwable$WrappedPrintStream
Event: 973.841 Loading class java/lang/Throwable$PrintStreamOrWriter
Event: 973.841 Loading class java/lang/Throwable$PrintStreamOrWriter done
Event: 973.841 Loading class java/lang/Throwable$WrappedPrintStream done
Event: 973.842 Loading class java/lang/StackTraceElement$HashedModules
Event: 973.843 Loading class java/lang/StackTraceElement$HashedModules done

Classes unloaded (0 events):
No events

Classes redefined (0 events):
No events

Internal exceptions (20 events):
Event: 85.293 Thread 0x000001b762d08e30 Exception <a 'sun/nio/fs/WindowsException'{0x00000007132d15b8}> (0x00000007132d15b8) 
thrown [s\src\hotspot\share\prims\jni.cpp, line 518]
Event: 85.337 Thread 0x000001b762d08e30 Exception <a 'java/lang/NoSuchMethodError'{0x000000071337ace0}: 'java.lang.Object java.lang.invoke.DirectMethodHandle$Holder.invokeStaticInit(java.lang.Object, int, int, int, int)'> (0x000000071337ace0) 
thrown [s\src\hotspot\share\interpreter\linkResolver.cpp, line 805]
Event: 85.370 Thread 0x000001b762d08e30 Exception <a 'java/lang/NoSuchMethodError'{0x0000000713053790}: 'java.lang.Object java.lang.invoke.DirectMethodHandle$Holder.invokeStaticInit(java.lang.Object, java.lang.Object, int, int, int, int)'> (0x0000000713053790) 
thrown [s\src\hotspot\share\interpreter\linkResolver.cpp, line 805]
Event: 85.577 Thread 0x000001b762d08e30 Exception <a 'java/lang/NoSuchMethodError'{0x0000000712e21378}: 'java.lang.Object java.lang.invoke.Invokers$Holder.invoke_MT(java.lang.Object, java.lang.Object, java.lang.Object, java.lang.Object, java.lang.Object, java.lang.Object)'> (0x0000000712e21378) 
thrown [s\src\hotspot\share\interpreter\linkResolver.cpp, line 805]
Event: 85.578 Thread 0x000001b762d08e30 Exception <a 'java/lang/NoSuchMethodError'{0x0000000712e2a2f8}: 'java.lang.Object java.lang.invoke.DirectMethodHandle$Holder.invokeStatic(java.lang.Object, java.lang.Object, int)'> (0x0000000712e2a2f8) 
thrown [s\src\hotspot\share\interpreter\linkResolver.cpp, line 805]
Event: 85.582 Thread 0x000001b762d08e30 Exception <a 'java/lang/NoSuchMethodError'{0x0000000712e4bc08}: 'void java.lang.invoke.DelegatingMethodHandle$Holder.delegate(java.lang.Object, java.lang.Object, int, java.lang.Object)'> (0x0000000712e4bc08) 
thrown [s\src\hotspot\share\interpreter\linkResolver.cpp, line 805]
Event: 85.582 Thread 0x000001b762d08e30 Exception <a 'java/lang/NoSuchMethodError'{0x0000000712e54758}: 'int java.lang.invoke.DirectMethodHandle$Holder.invokeSpecial(java.lang.Object, java.lang.Object, java.lang.Object)'> (0x0000000712e54758) 
thrown [s\src\hotspot\share\interpreter\linkResolver.cpp, line 805]
Event: 85.689 Thread 0x000001b762d08e30 Exception <a 'java/lang/NoSuchMethodError'{0x0000000712f4e4c0}: 'int java.lang.invoke.DirectMethodHandle$Holder.invokeStatic(java.lang.Object)'> (0x0000000712f4e4c0) 
thrown [s\src\hotspot\share\interpreter\linkResolver.cpp, line 805]
Event: 204.177 Thread 0x000001b762dc36e0 Implicit null exception at 0x000001b752d6f97c to 0x000001b752d72588
Event: 378.521 Thread 0x000001b762d08e30 Exception <a 'java/io/FileNotFoundException'{0x00000007125d0100}> (0x00000007125d0100) 
thrown [s\src\hotspot\share\prims\jni.cpp, line 518]
Event: 378.525 Thread 0x000001b762d08e30 Exception <a 'java/io/FileNotFoundException'{0x00000007125d64b8}> (0x00000007125d64b8) 
thrown [s\src\hotspot\share\prims\jni.cpp, line 518]
Event: 378.525 Thread 0x000001b762d08e30 Exception <a 'java/io/FileNotFoundException'{0x00000007125d76a0}> (0x00000007125d76a0) 
thrown [s\src\hotspot\share\prims\jni.cpp, line 518]
Event: 378.531 Thread 0x000001b762d08e30 Exception <a 'java/io/FileNotFoundException'{0x00000007125f5cb0}> (0x00000007125f5cb0) 
thrown [s\src\hotspot\share\prims\jni.cpp, line 518]
Event: 378.533 Thread 0x000001b762d08e30 Exception <a 'java/io/FileNotFoundException'{0x00000007125fdbb8}> (0x00000007125fdbb8) 
thrown [s\src\hotspot\share\prims\jni.cpp, line 518]
Event: 378.533 Thread 0x000001b762d08e30 Exception <a 'java/io/FileNotFoundException'{0x00000007125feda0}> (0x00000007125feda0) 
thrown [s\src\hotspot\share\prims\jni.cpp, line 518]
Event: 378.753 Thread 0x000001b7624c1060 Implicit null exception at 0x000001b752dcfb75 to 0x000001b752dcfc28
Event: 378.789 Thread 0x000001b762d08e30 Exception <a 'java/lang/NoSuchMethodError'{0x000000071494afe8}: 'int java.lang.invoke.DelegatingMethodHandle$Holder.reinvoke_L(java.lang.Object, java.lang.Object, java.lang.Object, java.lang.Object, long, long)'> (0x000000071494afe8) 
thrown [s\src\hotspot\share\interpreter\linkResolver.cpp, line 805]
Event: 383.420 Thread 0x000001b7a8a3bfb0 Implicit null exception at 0x000001b752dbc818 to 0x000001b752dbef8c
Event: 383.437 Thread 0x000001b7a8a3bfb0 Implicit null exception at 0x000001b752dbc818 to 0x000001b752dbef8c
Event: 820.526 Thread 0x000001b762d08e30 Exception <a 'java/lang/NoSuchMethodError'{0x0000000714c3b408}: 'long java.lang.invoke.DelegatingMethodHandle$Holder.reinvoke_L(java.lang.Object, java.lang.Object, java.lang.Object, java.lang.Object, long, long)'> (0x0000000714c3b408) 
thrown [s\src\hotspot\share\interpreter\linkResolver.cpp, line 805]

VM Operations (20 events):
Event: 1022.574 Executing VM operation: RendezvousGCThreads done
Event: 1082.708 Executing VM operation: HandshakeAllThreads (HandshakeForDeflation)
Event: 1082.708 Executing VM operation: HandshakeAllThreads (HandshakeForDeflation) done
Event: 1082.708 Executing VM operation: RendezvousGCThreads
Event: 1082.708 Executing VM operation: RendezvousGCThreads done
Event: 1192.488 Executing VM operation: G1CollectForAllocation (G1 Evacuation Pause)
Event: 1192.491 Executing VM operation: G1CollectForAllocation (G1 Evacuation Pause) done
Event: 1202.982 Executing VM operation: HandshakeAllThreads (HandshakeForDeflation)
Event: 1202.982 Executing VM operation: HandshakeAllThreads (HandshakeForDeflation) done
Event: 1202.982 Executing VM operation: RendezvousGCThreads
Event: 1202.982 Executing VM operation: RendezvousGCThreads done
Event: 1383.387 Executing VM operation: HandshakeAllThreads (HandshakeForDeflation)
Event: 1383.387 Executing VM operation: HandshakeAllThreads (HandshakeForDeflation) done
Event: 1383.387 Executing VM operation: RendezvousGCThreads
Event: 1383.387 Executing VM operation: RendezvousGCThreads done
Event: 1415.863 Executing VM operation: G1CollectForAllocation (G1 Evacuation Pause)
Event: 1415.870 Executing VM operation: G1CollectForAllocation (G1 Evacuation Pause) done
Event: 1415.874 Executing VM operation: G1TryInitiateConcMark (G1 Humongous Allocation)
Event: 1415.880 Executing VM operation: G1TryInitiateConcMark (G1 Humongous Allocation) done
Event: 1415.892 Executing VM operation: G1PauseRemark

Memory protections (0 events):
No events

Nmethod flushes (20 events):
Event: 1415.895 Thread 0x000001b762214db0 flushing  nmethod 0x000001b74b815a88
Event: 1415.895 Thread 0x000001b762214db0 flushing  nmethod 0x000001b74b2c1e08
Event: 1415.895 Thread 0x000001b762214db0 flushing  nmethod 0x000001b74b2c2308
Event: 1415.895 Thread 0x000001b762214db0 flushing  nmethod 0x000001b74b30dd08
Event: 1415.895 Thread 0x000001b762214db0 flushing  nmethod 0x000001b74b336008
Event: 1415.895 Thread 0x000001b762214db0 flushing  nmethod 0x000001b74b269108
Event: 1415.895 Thread 0x000001b762214db0 flushing  nmethod 0x000001b74b269508
Event: 1415.895 Thread 0x000001b762214db0 flushing  nmethod 0x000001b74b3f8a08
Event: 1415.895 Thread 0x000001b762214db0 flushing  nmethod 0x000001b74b3f8e08
Event: 1415.895 Thread 0x000001b762214db0 flushing  nmethod 0x000001b74b3fa088
Event: 1415.895 Thread 0x000001b762214db0 flushing  nmethod 0x000001b74b411f08
Event: 1415.895 Thread 0x000001b762214db0 flushing  nmethod 0x000001b74b467688
Event: 1415.895 Thread 0x000001b762214db0 flushing  nmethod 0x000001b74b6a4708
Event: 1415.895 Thread 0x000001b762214db0 flushing  nmethod 0x000001b74b74c688
Event: 1415.895 Thread 0x000001b762214db0 flushing  nmethod 0x000001b74b7e5d88
Event: 1415.895 Thread 0x000001b762214db0 flushing  nmethod 0x000001b74b402088
Event: 1415.895 Thread 0x000001b762214db0 flushing  nmethod 0x000001b74b57de08
Event: 1415.895 Thread 0x000001b762214db0 flushing  nmethod 0x000001b74b772488
Event: 1415.895 Thread 0x000001b762214db0 flushing  nmethod 0x000001b74b851888
Event: 1415.895 Thread 0x000001b762214db0 flushing  nmethod 0x000001b74b85cd08

Events (20 events):
Event: 973.767 Thread 0x000001b762d08e30 Thread added: 0x000001b7a8a3bfb0
Event: 978.803 Thread 0x000001b7a8a3bfb0 Thread exited: 0x000001b7a8a3bfb0
Event: 1017.458 Thread 0x000001b762d08e30 Thread added: 0x000001b7a8a3bfb0
Event: 1017.500 Thread 0x000001b762d08e30 Thread added: 0x000001b7a8a3c700
Event: 1018.650 Thread 0x000001b762d08e30 Thread added: 0x000001b7a8a3d5a0
Event: 1023.509 Thread 0x000001b7a8a3bfb0 Thread exited: 0x000001b7a8a3bfb0
Event: 1023.649 Thread 0x000001b7a8a3c700 Thread exited: 0x000001b7a8a3c700
Event: 1046.703 Thread 0x000001b7a8a3d5a0 Thread exited: 0x000001b7a8a3d5a0
Event: 1161.041 Thread 0x000001b762d08e30 Thread added: 0x000001b7a8a3bfb0
Event: 1161.762 Thread 0x000001b762d08e30 Thread added: 0x000001b7a8a3c700
Event: 1166.762 Thread 0x000001b7a8a3bfb0 Thread exited: 0x000001b7a8a3bfb0
Event: 1189.953 Thread 0x000001b7a8a3c700 Thread exited: 0x000001b7a8a3c700
Event: 1192.467 Thread 0x000001b762d08e30 Thread added: 0x000001b7a8a3bfb0
Event: 1197.504 Thread 0x000001b7a8a3bfb0 Thread exited: 0x000001b7a8a3bfb0
Event: 1390.323 Thread 0x000001b762d08e30 Thread added: 0x000001b7a8a3bfb0
Event: 1395.336 Thread 0x000001b7a8a3bfb0 Thread exited: 0x000001b7a8a3bfb0
Event: 1415.046 Thread 0x000001b762d08e30 Thread added: 0x000001b7a8a3bfb0
Event: 1415.209 Thread 0x000001b762d08e30 Thread added: 0x000001b7a8a3d5a0
Event: 1415.238 Thread 0x000001b76224acc0 Thread added: 0x000001b7623179e0
Event: 1415.371 Thread 0x000001b7623179e0 Thread exited: 0x000001b7623179e0


Dynamic libraries:
0x00007ff7e0b50000 - 0x00007ff7e0b5e000 	C:\Program Files\Apache NetBeans\jdk\bin\java.exe
0x00007ffd52bc0000 - 0x00007ffd52e29000 	C:\WINDOWS\SYSTEM32\ntdll.dll
0x00007ffd51710000 - 0x00007ffd517d9000 	C:\WINDOWS\System32\KERNEL32.DLL
0x00007ffd50590000 - 0x00007ffd50983000 	C:\WINDOWS\System32\KERNELBASE.dll
0x00007ffd4ff80000 - 0x00007ffd500cb000 	C:\WINDOWS\System32\ucrtbase.dll
0x00007ffd14850000 - 0x00007ffd14866000 	C:\Program Files\Apache NetBeans\jdk\bin\jli.dll
0x00007ffd2b370000 - 0x00007ffd2b38e000 	C:\Program Files\Apache NetBeans\jdk\bin\VCRUNTIME140.dll
0x00007ffd529b0000 - 0x00007ffd52b74000 	C:\WINDOWS\System32\USER32.dll
0x00007ffd4fe90000 - 0x00007ffd4feb7000 	C:\WINDOWS\System32\win32u.dll
0x00007ffd2cce0000 - 0x00007ffd2cf73000 	C:\WINDOWS\WinSxS\amd64_microsoft.windows.common-controls_6595b64144ccf1df_6.0.26100.5074_none_3e0d6f78e32fd63f\COMCTL32.dll
0x00007ffd50aa0000 - 0x00007ffd50acb000 	C:\WINDOWS\System32\GDI32.dll
0x00007ffd50ad0000 - 0x00007ffd50b79000 	C:\WINDOWS\System32\msvcrt.dll
0x00007ffd50170000 - 0x00007ffd5029d000 	C:\WINDOWS\System32\gdi32full.dll
0x00007ffd4fd50000 - 0x00007ffd4fdf3000 	C:\WINDOWS\System32\msvcp_win.dll
0x00007ffd516d0000 - 0x00007ffd516ff000 	C:\WINDOWS\System32\IMM32.DLL
0x00007ffd2acb0000 - 0x00007ffd2acbc000 	C:\Program Files\Apache NetBeans\jdk\bin\vcruntime140_1.dll
0x00007ffca5b60000 - 0x00007ffca5bed000 	C:\Program Files\Apache NetBeans\jdk\bin\msvcp140.dll
0x00007ffc97e70000 - 0x00007ffc98cec000 	C:\Program Files\Apache NetBeans\jdk\bin\server\jvm.dll
0x00007ffd50be0000 - 0x00007ffd50c94000 	C:\WINDOWS\System32\ADVAPI32.dll
0x00007ffd520e0000 - 0x00007ffd52186000 	C:\WINDOWS\System32\sechost.dll
0x00007ffd51870000 - 0x00007ffd51988000 	C:\WINDOWS\System32\RPCRT4.dll
0x00007ffd52250000 - 0x00007ffd522c4000 	C:\WINDOWS\System32\WS2_32.dll
0x00007ffd43e20000 - 0x00007ffd43e55000 	C:\WINDOWS\SYSTEM32\WINMM.dll
0x00007ffd455b0000 - 0x00007ffd455bb000 	C:\WINDOWS\SYSTEM32\VERSION.dll
0x00007ffd4f4e0000 - 0x00007ffd4f53e000 	C:\WINDOWS\SYSTEM32\POWRPROF.dll
0x00007ffd4f4c0000 - 0x00007ffd4f4d4000 	C:\WINDOWS\SYSTEM32\UMPDC.dll
0x00007ffd4eb30000 - 0x00007ffd4eb4b000 	C:\WINDOWS\SYSTEM32\kernel.appcore.dll
0x00007ffd24820000 - 0x00007ffd2482a000 	C:\Program Files\Apache NetBeans\jdk\bin\jimage.dll
0x00007ffd4d3b0000 - 0x00007ffd4d5f2000 	C:\WINDOWS\SYSTEM32\DBGHELP.DLL
0x00007ffd522f0000 - 0x00007ffd5266b000 	C:\WINDOWS\System32\combase.dll
0x00007ffd50e20000 - 0x00007ffd50ef7000 	C:\WINDOWS\System32\OLEAUT32.dll
0x00007ffd25b90000 - 0x00007ffd25bcd000 	C:\WINDOWS\SYSTEM32\dbgcore.DLL
0x00007ffd500d0000 - 0x00007ffd50169000 	C:\WINDOWS\System32\bcryptPrimitives.dll
0x00007ffd1d540000 - 0x00007ffd1d55e000 	C:\Program Files\Apache NetBeans\jdk\bin\java.dll
0x00007ffd510a0000 - 0x00007ffd51238000 	C:\WINDOWS\System32\ole32.dll
0x00007ffd51990000 - 0x00007ffd520dd000 	C:\WINDOWS\System32\SHELL32.dll
0x00007ffd502a0000 - 0x00007ffd5040c000 	C:\WINDOWS\System32\wintypes.dll
0x00007ffd4d950000 - 0x00007ffd4e1a9000 	C:\WINDOWS\SYSTEM32\windows.storage.dll
0x00007ffd50ca0000 - 0x00007ffd50d90000 	C:\WINDOWS\System32\SHCORE.dll
0x00007ffd50db0000 - 0x00007ffd50e12000 	C:\WINDOWS\System32\shlwapi.dll
0x00007ffd4fc70000 - 0x00007ffd4fc99000 	C:\WINDOWS\SYSTEM32\profapi.dll
0x00007ffcbd160000 - 0x00007ffcbd237000 	C:\Program Files\Apache NetBeans\jdk\bin\jsvml.dll
0x00007ffd23710000 - 0x00007ffd23720000 	C:\Program Files\Apache NetBeans\jdk\bin\net.dll
0x00007ffd4f120000 - 0x00007ffd4f18b000 	C:\WINDOWS\system32\mswsock.dll
0x00007ffd14690000 - 0x00007ffd146a6000 	C:\Program Files\Apache NetBeans\jdk\bin\nio.dll
0x00007ffd147e0000 - 0x00007ffd147f7000 	C:\Program Files\Apache NetBeans\jdk\bin\zip.dll
0x00007ffc9a8e0000 - 0x00007ffc9aa5e000 	C:\Program Files\Apache NetBeans\jdk\bin\awt.dll
0x00007ffd4ca10000 - 0x00007ffd4caae000 	C:\WINDOWS\SYSTEM32\apphelp.dll
0x00007ffd4cd70000 - 0x00007ffd4cd9b000 	C:\WINDOWS\system32\DWMAPI.DLL
0x00007ffd4cc30000 - 0x00007ffd4ccd8000 	C:\WINDOWS\system32\uxtheme.dll
0x00007ffc9a6d0000 - 0x00007ffc9a7dc000 	C:\WINDOWS\system32\opengl32.dll
0x00007ffcfac10000 - 0x00007ffcfac3d000 	C:\WINDOWS\SYSTEM32\GLU32.dll
0x00007ffd4cda0000 - 0x00007ffd4cde4000 	C:\WINDOWS\SYSTEM32\dxcore.dll
0x00007ffd50f30000 - 0x00007ffd51088000 	C:\WINDOWS\System32\MSCTF.dll
0x00007ffc9cf40000 - 0x00007ffc9cfc7000 	C:\Program Files\Apache NetBeans\jdk\bin\freetype.dll
0x00007ffc99e60000 - 0x00007ffc99f39000 	C:\Program Files\Apache NetBeans\jdk\bin\fontmanager.dll
0x00007ffd52190000 - 0x00007ffd52241000 	C:\WINDOWS\System32\clbcatq.dll
0x00007ffd4b050000 - 0x00007ffd4b27f000 	C:\WINDOWS\SYSTEM32\WindowsCodecs.dll
0x00007ffd1cd50000 - 0x00007ffd1cdaa000 	C:\WINDOWS\system32\dataexchange.dll
0x00007ffd3b5c0000 - 0x00007ffd3b7f9000 	C:\WINDOWS\system32\twinapi.appcore.dll
0x00007ffd2b970000 - 0x00007ffd2bab9000 	C:\WINDOWS\SYSTEM32\textinputframework.dll
0x00007ffd116b0000 - 0x00007ffd11ac9000 	C:\WINDOWS\system32\UIAutomationCore.DLL
0x00007ffd0f240000 - 0x00007ffd0f256000 	C:\Windows\System32\threadpoolwinrt.dll
0x00007ffd4c420000 - 0x00007ffd4c545000 	C:\WINDOWS\SYSTEM32\CoreMessaging.dll
0x00007ffd43280000 - 0x00007ffd43563000 	C:\WINDOWS\SYSTEM32\CoreUIComponents.dll
0x00007ffd4f3e0000 - 0x00007ffd4f3ec000 	C:\WINDOWS\SYSTEM32\CRYPTBASE.DLL
0x00007ffd44060000 - 0x00007ffd440d8000 	C:\WINDOWS\system32\OLEACC.dll
0x00007ffd4e580000 - 0x00007ffd4e6a6000 	C:\WINDOWS\SYSTEM32\DNSAPI.dll
0x00007ffd4e4f0000 - 0x00007ffd4e524000 	C:\WINDOWS\SYSTEM32\IPHLPAPI.DLL
0x00007ffd51090000 - 0x00007ffd5109a000 	C:\WINDOWS\System32\NSI.dll
0x00007ffd46610000 - 0x00007ffd4661b000 	C:\Windows\System32\rasadhlp.dll
0x00007ffd47990000 - 0x00007ffd47a16000 	C:\WINDOWS\System32\fwpuclnt.dll
0x00007ffd19930000 - 0x00007ffd19939000 	C:\Program Files\Apache NetBeans\jdk\bin\extnet.dll
0x00007ffd4f3c0000 - 0x00007ffd4f3db000 	C:\WINDOWS\SYSTEM32\CRYPTSP.dll
0x00007ffd4ea90000 - 0x00007ffd4eacb000 	C:\WINDOWS\system32\rsaenh.dll
0x00007ffd4f1c0000 - 0x00007ffd4f1eb000 	C:\WINDOWS\SYSTEM32\USERENV.dll
0x00007ffd4fc40000 - 0x00007ffd4fc66000 	C:\WINDOWS\SYSTEM32\bcrypt.dll
0x00007ffd47eb0000 - 0x00007ffd47ebe000 	C:\Program Files\Apache NetBeans\jdk\bin\sunmscapi.dll
0x00007ffd50410000 - 0x00007ffd50587000 	C:\WINDOWS\System32\CRYPT32.dll
0x00007ffd4f690000 - 0x00007ffd4f6c0000 	C:\WINDOWS\SYSTEM32\ncrypt.dll
0x00007ffd4f640000 - 0x00007ffd4f67f000 	C:\WINDOWS\SYSTEM32\NTASN1.dll
0x00007ffd43a70000 - 0x00007ffd43a9e000 	C:\Program Files\Apache NetBeans\jdk\bin\javajpeg.dll

JVMTI agents: none

dbghelp: loaded successfully - version: 4.0.5 - missing functions: none
symbol engine: initialized successfully - sym options: 0x614 - pdb path: .;C:\Program Files\Apache NetBeans\jdk\bin;C:\WINDOWS\SYSTEM32;C:\WINDOWS\WinSxS\amd64_microsoft.windows.common-controls_6595b64144ccf1df_6.0.26100.5074_none_3e0d6f78e32fd63f;C:\Program Files\Apache NetBeans\jdk\bin\server

VM Arguments:
jvm_args: -Dfile.encoding=UTF-8 --module-path=C:\Users\Piyush\Documents\NetBeansProjects\Travel Management System\build\classes 
java_command: travel.management.system.Signup
java_class_path (initial): C:\Users\Piyush\Downloads\mysql-connector-java-8.0.28.jar;C:\Users\Piyush\Documents\NetBeansProjects\Travel Management System\build\classes
Launcher Type: SUN_STANDARD

[Global flags]
     intx CICompilerCount                          = 4                                         {product} {ergonomic}
     uint ConcGCThreads                            = 3                                         {product} {ergonomic}
     uint G1ConcRefinementThreads                  = 10                                        {product} {ergonomic}
   size_t G1HeapRegionSize                         = 2097152                                   {product} {ergonomic}
   size_t InitialHeapSize                          = 264241152                                 {product} {ergonomic}
   size_t MarkStackSize                            = 4194304                                   {product} {ergonomic}
   size_t MarkStackSizeMax                         = 536870912                                 {product} {ergonomic}
   size_t MaxHeapSize                              = 4208984064                                {product} {ergonomic}
   size_t MaxNewSize                               = 2524971008                                {product} {ergonomic}
   size_t MinHeapDeltaBytes                        = 2097152                                   {product} {ergonomic}
   size_t MinHeapSize                              = 8388608                                   {product} {ergonomic}
    uintx NonNMethodCodeHeapSize                   = 5832704                                {pd product} {ergonomic}
    uintx NonProfiledCodeHeapSize                  = 122945536                              {pd product} {ergonomic}
    uintx ProfiledCodeHeapSize                     = 122880000                              {pd product} {ergonomic}
    uintx ReservedCodeCacheSize                    = 251658240                              {pd product} {ergonomic}
     bool SegmentedCodeCache                       = true                                      {product} {ergonomic}
   size_t SoftMaxHeapSize                          = 4208984064                             {manageable} {ergonomic}
     bool UseCompressedOops                        = true                           {product lp64_product} {ergonomic}
     bool UseG1GC                                  = true                                      {product} {ergonomic}
     bool UseLargePagesIndividualAllocation        = false                                  {pd product} {ergonomic}

Logging:
Log output configuration:
 #0: stdout all=warning uptime,level,tags foldmultilines=false
 #1: stderr all=off uptime,level,tags foldmultilines=false

Environment Variables:
PATH=C:\Program Files\Common Files\Oracle\Java\javapath;C:\Program Files (x86)\Common Files\Oracle\Java\javapath;C:\windows\system32;C:\windows;C:\windows\System32\Wbem;C:\windows\System32\WindowsPowerShell\v1.0\;C:\windows\System32\OpenSSH\;C:\Program Files (x86)\NVIDIA Corporation\PhysX\Common;C:\Program Files\NVIDIA Corporation\NVIDIA NvDLISR;C:\Program Files\MySQL\MySQL Server 8.0\bin;C:\MinGW\bin;C:\Users\Piyush\AppData\Roaming\Microsoft\Windows\Start Menu\Programs\Python 3.11;C:\Program Files\Git\cmd;C:\Program Files\Git\mingw64\bin;C:\Program Files\Git\usr\bin;C:\Program Files\Docker\Docker\resources\bin;C:\WINDOWS\system32;C:\WINDOWS;C:\WINDOWS\System32\Wbem;C:\WINDOWS\System32\WindowsPowerShell\v1.0\;C:\WINDOWS\System32\OpenSSH\;C:\Users\Piyush\AppData\Local\Programs\Python\Python312\Scripts\;C:\Users\Piyush\AppData\Local\Programs\Python\Python312\;C:\Users\Piyush\AppData\Local\Programs\Python\Launcher\;C:\Program Files\MySQL\MySQL Shell 8.0\bin\;C:\Users\Piyush\AppData\Local\Microsoft\WindowsApps;C:\Users\Piyush\AppData\Local\Programs\Microsoft VS Code\bin;;C:\Program Files\JetBrains\IntelliJ IDEA Community Edition 2024.3.4\bin;
USERNAME=Piyush
OS=Windows_NT
PROCESSOR_IDENTIFIER=Intel64 Family 6 Model 154 Stepping 3, GenuineIntel
TMP=C:\Users\Piyush\AppData\Local\Temp
TEMP=C:\Users\Piyush\AppData\Local\Temp




Periodic native trim disabled

---------------  S Y S T E M  ---------------

OS:
 Windows 11 , 64 bit Build 26100 (10.0.26100.5074)
OS uptime: 0 days 4:07 hours
Hyper-V role detected

CPU: total 12 (initial active 12) (6 cores per cpu, 2 threads per core) family 6 model 154 stepping 3 microcode 0x434, cx8, cmov, fxsr, ht, mmx, 3dnowpref, sse, sse2, sse3, ssse3, sse4.1, sse4.2, popcnt, lzcnt, tsc, tscinvbit, avx, avx2, aes, erms, clmul, bmi1, bmi2, adx, sha, fma, vzeroupper, clflush, clflushopt, clwb, hv, serialize, rdtscp, rdpid, fsrm, gfni, f16c, cet_ibt, cet_ss
Processor Information for processor 0
  Max Mhz: 2000, Current Mhz: 2000, Mhz Limit: 2000
Processor Information for processor 1
  Max Mhz: 2000, Current Mhz: 1520, Mhz Limit: 2000
Processor Information for processor 2
  Max Mhz: 2000, Current Mhz: 2000, Mhz Limit: 2000
Processor Information for processor 3
  Max Mhz: 2000, Current Mhz: 1520, Mhz Limit: 2000
Processor Information for processor 4
  Max Mhz: 2000, Current Mhz: 2000, Mhz Limit: 2000
Processor Information for processor 5
  Max Mhz: 2000, Current Mhz: 1520, Mhz Limit: 2000
Processor Information for processor 6
  Max Mhz: 2000, Current Mhz: 2000, Mhz Limit: 2000
Processor Information for processor 7
  Max Mhz: 2000, Current Mhz: 1520, Mhz Limit: 2000
Processor Information for processor 8
  Max Mhz: 2000, Current Mhz: 1466, Mhz Limit: 2000
Processor Information for processor 9
  Max Mhz: 2000, Current Mhz: 1466, Mhz Limit: 2000
Processor Information for processor 10
  Max Mhz: 2000, Current Mhz: 1466, Mhz Limit: 2000
Processor Information for processor 11
  Max Mhz: 2000, Current Mhz: 1466, Mhz Limit: 2000

Memory: 4k page, system-wide physical 16052M (4123M free)
TotalPageFile size 21856M (AvailPageFile size 127M)
current process WorkingSet (physical memory assigned to process): 554M, peak: 554M
current process commit charge ("private bytes"): 620M, peak: 777M

vm_info: OpenJDK 64-Bit Server VM (24.0.1+9) for windows-amd64 JRE (24.0.1+9) (Zulu24.30+11-CA), built on 2025-03-21T13:52:34Z with MS VC++ 17.1 (VS2022)

END.
