#
# There is insufficient memory for the Java Runtime Environment to continue.
# Native memory allocation (mmap) failed to map 65536 bytes. Error detail: Failed to commit metaspace.
# Possible reasons:
#   The system is out of physical RAM or swap space
#   This process is running with CompressedOops enabled, and the Java Heap may be blocking the growth of the native heap
# Possible solutions:
#   Reduce memory load on the system
#   Increase physical memory or swap space
#   Check if swap backing store is full
#   Decrease Java heap size (-Xmx/-Xms)
#   Decrease number of Java threads
#   Decrease Java thread stack sizes (-Xss)
#   Set larger code cache with -XX:ReservedCodeCacheSize=
#   JVM is running with Zero Based Compressed Oops mode in which the Java heap is
#     placed in the first 32GB address space. The Java Heap base address is the
#     maximum limit for the native heap growth. Please use -XX:HeapBaseMinAddress
#     to set the Java Heap base and to place the Java Heap above 32GB virtual address.
# This output file may be truncated or incomplete.
#
#  Out of Memory Error (virtualSpaceNode.cpp:113), pid=24572, tid=21440
#
# JRE version: OpenJDK Runtime Environment Zulu24.30+11-CA (24.0.1+9) (build 24.0.1+9)
# Java VM: OpenJDK 64-Bit Server VM Zulu24.30+11-CA (24.0.1+9, mixed mode, tiered, compressed oops, compressed class ptrs, g1 gc, windows-amd64)
# No core dump will be written. Minidumps are not enabled by default on client versions of Windows
#

---------------  S U M M A R Y ------------

Command Line: -Dfile.encoding=UTF-8 --module-path=C:\Users\Piyush\Documents\NetBeansProjects\Travel Management System\build\classes travel.management.system.BookPackage

Host: 12th Gen Intel(R) Core(TM) i5-12450H, 12 cores, 15G,  Windows 11 , 64 bit Build 26100 (10.0.26100.5074)
Time: Sun Aug 31 17:28:32 2025 India Standard Time elapsed time: 4.462349 seconds (0d 0h 0m 4s)

---------------  T H R E A D  ---------------

Current thread (0x000002ed5164ff80):  JavaThread "main"             [_thread_in_vm, id=21440, stack(0x000000f90b400000,0x000000f90b500000) (1024K)]

Stack: [0x000000f90b400000,0x000000f90b500000]
Native frames: (J=compiled Java code, j=interpreted, Vv=VM code, C=native code)
V  [jvm.dll+0x7410c9]  (no source info available)
V  [jvm.dll+0x97def3]  (no source info available)
V  [jvm.dll+0x98021d]  (no source info available)
V  [jvm.dll+0x980893]  (no source info available)
V  [jvm.dll+0x2b5b16]  (no source info available)
V  [jvm.dll+0x979b6e]  (no source info available)
V  [jvm.dll+0x6db675]  (no source info available)
V  [jvm.dll+0x6db6da]  (no source info available)
V  [jvm.dll+0x6de0d2]  (no source info available)
V  [jvm.dll+0x6dde37]  (no source info available)
V  [jvm.dll+0x25686c]  (no source info available)
V  [jvm.dll+0x6dc098]  (no source info available)
V  [jvm.dll+0x29a4ff]  (no source info available)
V  [jvm.dll+0x6e7234]  (no source info available)
V  [jvm.dll+0x244cae]  (no source info available)
V  [jvm.dll+0x245175]  (no source info available)
V  [jvm.dll+0x245b54]  (no source info available)
V  [jvm.dll+0x23b5a4]  (no source info available)
V  [jvm.dll+0x60e0f3]  (no source info available)
V  [jvm.dll+0x24d94d]  (no source info available)
V  [jvm.dll+0x8ed88e]  (no source info available)
V  [jvm.dll+0x8ee9a8]  (no source info available)
V  [jvm.dll+0x8eeee2]  (no source info available)
V  [jvm.dll+0x8eec36]  (no source info available)
V  [jvm.dll+0x29e758]  (no source info available)
V  [jvm.dll+0x420dce]  (no source info available)
C  0x000002ed63a2a204  (no source info available)

The last pc belongs to new (printed below).
Java frames: (J=compiled Java code, j=interpreted, Vv=VM code)
j  java.io.DefaultFileSystem.getFileSystem()Ljava/io/FileSystem;+0 java.base
j  java.io.File.<clinit>()V+16 java.base
v  ~StubRoutines::call_stub 0x000002ed63a10fcd
j  jdk.internal.module.ModuleBootstrap.initModulePatcher()Ljdk/internal/module/ModulePatcher;+3 java.base
j  jdk.internal.module.ModuleBootstrap.<clinit>()V+28 java.base
v  ~StubRoutines::call_stub 0x000002ed63a10fcd
j  java.lang.System.initPhase2(ZZ)I+0 java.base
v  ~StubRoutines::call_stub 0x000002ed63a10fcd
Lock stack of current Java thread (top to bottom):

new  187 new  [0x000002ed63a2a0c0, 0x000002ed63a2a278]  440 bytes
[MachCode]
  0x000002ed63a2a0c0: 4883 ec08 | c5fa 1104 | 24eb 1f48 | 83ec 10c5 | fb11 0424 | eb14 4883 | ec10 4889 | 0424 48c7 
  0x000002ed63a2a0e0: 4424 0800 | 0000 00eb | 0150 410f | b755 010f | cac1 ea10 | 488b 4de8 | 488b 4908 | 488b 4908 
  0x000002ed63a2a100: 488b 4108 | 807c 1004 | 070f 8583 | 0000 0066 | 8b54 d148 | 488b 4928 | 488b 4cd1 | 0851 80b9 
  0x000002ed63a2a120: 4001 0000 | 040f 840d | 0000 004c | 3bb9 4801 | 0000 0f85 | 5900 0000 | 8b51 08f6 | c201 0f85 
  0x000002ed63a2a140: 4d00 0000 | 498b 87c8 | 0100 0048 | 8d1c 1049 | 3b9f d801 | 0000 0f87 | 3500 0000 | 4989 9fc8 
  0x000002ed63a2a160: 0100 0048 | 83ea 100f | 840f 0000 | 0033 c9c1 | ea03 4889 | 4cd0 0848 | ffca 75f6 | 48c7 0001 
  0x000002ed63a2a180: 0000 0059 | 33f6 8970 | 0c89 4808 | e9cb 0000 | 0059 488b | 55e8 488b | 5208 488b | 5208 450f 
  0x000002ed63a2a1a0: b745 0141 | 0fc8 41c1 | e810 e805 | 0000 00e9 | a800 0000 | 488d 4424 | 084c 896d | c049 8bcf 
  0x000002ed63a2a1c0: c5f8 7749 | 89af b803 | 0000 4989 | 87a8 0300 | 0048 83ec | 2040 f6c4 | 0f0f 8419 | 0000 0048 
  0x000002ed63a2a1e0: 83ec 0848 | b880 0dc4 | 64fa 7f00 | 00ff d048 | 83c4 08e9 | 0c00 0000 | 48b8 800d | c464 fa7f 
  0x000002ed63a2a200: 0000 ffd0 | 4883 c420 | 49c7 87a8 | 0300 0000 | 0000 0049 | c787 b803 | 0000 0000 | 0000 49c7 
  0x000002ed63a2a220: 87b0 0300 | 0000 0000 | 00c5 f877 | 4983 7f08 | 000f 8405 | 0000 00e9 | 846c feff | 498b 8700 
  0x000002ed63a2a240: 0400 0049 | c787 0004 | 0000 0000 | 0000 4c8b | 6dc0 4c8b | 75c8 4e8d | 74f5 00c3 | 410f b65d 
  0x000002ed63a2a260: 0349 83c5 | 0349 ba10 | 965c 65fa | 7f00 0041 | ff24 da0f | 1f44 0000 
[/MachCode]

---------------  P R O C E S S  ---------------

Threads class SMR info:
_java_thread_list=0x000002ed73535bf0, length=9, elements={
0x000002ed5164ff80, 0x000002ed04025200, 0x000002ed04026bc0, 0x000002ed04035a30,
0x000002ed04036560, 0x000002ed04037c00, 0x000002ed04038860, 0x000002ed7355e600,
0x000002ed04044050
}

Java Threads: ( => current thread )
=>0x000002ed5164ff80 JavaThread "main"                              [_thread_in_vm, id=21440, stack(0x000000f90b400000,0x000000f90b500000) (1024K)]
  0x000002ed04025200 JavaThread "Reference Handler"          daemon [_thread_blocked, id=17588, stack(0x000000f90bc00000,0x000000f90bd00000) (1024K)]
  0x000002ed04026bc0 JavaThread "Finalizer"                  daemon [_thread_blocked, id=13192, stack(0x000000f90bd00000,0x000000f90be00000) (1024K)]
  0x000002ed04035a30 JavaThread "Signal Dispatcher"          daemon [_thread_blocked, id=18780, stack(0x000000f90be00000,0x000000f90bf00000) (1024K)]
  0x000002ed04036560 JavaThread "Attach Listener"            daemon [_thread_blocked, id=5744, stack(0x000000f90bf00000,0x000000f90c000000) (1024K)]
  0x000002ed04037c00 JavaThread "Service Thread"             daemon [_thread_blocked, id=22852, stack(0x000000f90c000000,0x000000f90c100000) (1024K)]
  0x000002ed04038860 JavaThread "Monitor Deflation Thread"   daemon [_thread_blocked, id=21704, stack(0x000000f90c100000,0x000000f90c200000) (1024K)]
  0x000002ed7355e600 JavaThread "C2 CompilerThread0"         daemon [_thread_blocked, id=15932, stack(0x000000f90c200000,0x000000f90c300000) (1024K)]
  0x000002ed04044050 JavaThread "C1 CompilerThread0"         daemon [_thread_blocked, id=17692, stack(0x000000f90c300000,0x000000f90c400000) (1024K)]
Total: 9

Other Threads:
  0x000002ed73518000 VMThread "VM Thread"                           [id=9032, stack(0x000000f90bb00000,0x000000f90bc00000) (1024K)]
  0x000002ed734f4a40 WatcherThread "VM Periodic Task Thread"        [id=8416, stack(0x000000f90ba00000,0x000000f90bb00000) (1024K)]
  0x000002ed53a432c0 WorkerThread "GC Thread#0"                     [id=13796, stack(0x000000f90b500000,0x000000f90b600000) (1024K)]
  0x000002ed53a58ae0 ConcurrentGCThread "G1 Main Marker"            [id=5124, stack(0x000000f90b600000,0x000000f90b700000) (1024K)]
  0x000002ed53a59d90 WorkerThread "G1 Conc#0"                       [id=21000, stack(0x000000f90b700000,0x000000f90b800000) (1024K)]
  0x000002ed733bf5c0 ConcurrentGCThread "G1 Refine#0"               [id=7056, stack(0x000000f90b800000,0x000000f90b900000) (1024K)]
  0x000002ed733c0140 ConcurrentGCThread "G1 Service"                [id=25416, stack(0x000000f90b900000,0x000000f90ba00000) (1024K)]
Total: 7

Threads with active compile tasks:
Total: 0

VM state: not at safepoint (normal execution)

VM Mutex/Monitor currently owned by a thread:  ([mutex/lock_event])
[0x00007ffa655b2fc8] Metaspace_lock - owner thread: 0x000002ed5164ff80

Heap address: 0x0000000705200000, size: 4014 MB, Compressed Oops mode: Zero based, Oop shift amount: 3

CDS archive(s) not mapped
Compressed class space mapped at: 0x00000000bc000000-0x00000000fc000000, reserved size: 1073741824
UseCompressedClassPointers 1, UseCompactObjectHeaders 0
Narrow klass pointer bits 32, Max shift 3
Narrow klass base: 0x0000000000000000, Narrow klass shift: 0
Encoding Range: [0x0000000000000000 - 0x0000000100000000), (4294967296 bytes)
Klass Range:    [0x00000000bc000000 - 0x00000000fc000000), (1073741824 bytes)
Klass ID Range:  [3154116608 - 4227858425) (1073741817)

GC Precious Log:
 CardTable entry size: 512
 Card Set container configuration: InlinePtr #cards 4 size 8 Array Of Cards #cards 16 size 48 Howl #buckets 8 coarsen threshold 3686 Howl Bitmap #cards 512 size 80 coarsen threshold 460 Card regions per heap region 1 cards per card region 4096
 CPUs: 12 total, 12 available
 Memory: 16052M
 Large Page Support: Disabled
 NUMA Support: Disabled
 Compressed Oops: Enabled (Zero based)
 Heap Region Size: 2M
 Heap Min Capacity: 8M
 Heap Initial Capacity: 252M
 Heap Max Capacity: 4014M
 Pre-touch: Disabled
 Parallel Workers: 10
 Concurrent Workers: 3
 Concurrent Refinement Workers: 10
 Periodic GC: Disabled

Heap:
 garbage-first heap   total reserved 4110336K, committed 258048K, used 0K [0x0000000705200000, 0x0000000800000000)
  region size 2048K, 1 young (2048K), 0 survivors (0K)
 Metaspace       used 3123K, committed 3136K, reserved 1114112K
  class space    used 179K, committed 192K, reserved 1048576K

Heap Regions: E=young(eden), S=young(survivor), O=old, HS=humongous(starts), HC=humongous(continues), CS=collection set, F=free, TAMS=top-at-mark-start, PB=parsable bottom
|   0|0x0000000705200000, 0x0000000705200000, 0x0000000705400000|  0%| F|  |TAMS 0x0000000705200000| PB 0x0000000705200000| Untracked |  0
|   1|0x0000000705400000, 0x0000000705400000, 0x0000000705600000|  0%| F|  |TAMS 0x0000000705400000| PB 0x0000000705400000| Untracked |  0
|   2|0x0000000705600000, 0x0000000705600000, 0x0000000705800000|  0%| F|  |TAMS 0x0000000705600000| PB 0x0000000705600000| Untracked |  0
|   3|0x0000000705800000, 0x0000000705800000, 0x0000000705a00000|  0%| F|  |TAMS 0x0000000705800000| PB 0x0000000705800000| Untracked |  0
|   4|0x0000000705a00000, 0x0000000705a00000, 0x0000000705c00000|  0%| F|  |TAMS 0x0000000705a00000| PB 0x0000000705a00000| Untracked |  0
|   5|0x0000000705c00000, 0x0000000705c00000, 0x0000000705e00000|  0%| F|  |TAMS 0x0000000705c00000| PB 0x0000000705c00000| Untracked |  0
|   6|0x0000000705e00000, 0x0000000705e00000, 0x0000000706000000|  0%| F|  |TAMS 0x0000000705e00000| PB 0x0000000705e00000| Untracked |  0
|   7|0x0000000706000000, 0x0000000706000000, 0x0000000706200000|  0%| F|  |TAMS 0x0000000706000000| PB 0x0000000706000000| Untracked |  0
|   8|0x0000000706200000, 0x0000000706200000, 0x0000000706400000|  0%| F|  |TAMS 0x0000000706200000| PB 0x0000000706200000| Untracked |  0
|   9|0x0000000706400000, 0x0000000706400000, 0x0000000706600000|  0%| F|  |TAMS 0x0000000706400000| PB 0x0000000706400000| Untracked |  0
|  10|0x0000000706600000, 0x0000000706600000, 0x0000000706800000|  0%| F|  |TAMS 0x0000000706600000| PB 0x0000000706600000| Untracked |  0
|  11|0x0000000706800000, 0x0000000706800000, 0x0000000706a00000|  0%| F|  |TAMS 0x0000000706800000| PB 0x0000000706800000| Untracked |  0
|  12|0x0000000706a00000, 0x0000000706a00000, 0x0000000706c00000|  0%| F|  |TAMS 0x0000000706a00000| PB 0x0000000706a00000| Untracked |  0
|  13|0x0000000706c00000, 0x0000000706c00000, 0x0000000706e00000|  0%| F|  |TAMS 0x0000000706c00000| PB 0x0000000706c00000| Untracked |  0
|  14|0x0000000706e00000, 0x0000000706e00000, 0x0000000707000000|  0%| F|  |TAMS 0x0000000706e00000| PB 0x0000000706e00000| Untracked |  0
|  15|0x0000000707000000, 0x0000000707000000, 0x0000000707200000|  0%| F|  |TAMS 0x0000000707000000| PB 0x0000000707000000| Untracked |  0
|  16|0x0000000707200000, 0x0000000707200000, 0x0000000707400000|  0%| F|  |TAMS 0x0000000707200000| PB 0x0000000707200000| Untracked |  0
|  17|0x0000000707400000, 0x0000000707400000, 0x0000000707600000|  0%| F|  |TAMS 0x0000000707400000| PB 0x0000000707400000| Untracked |  0
|  18|0x0000000707600000, 0x0000000707600000, 0x0000000707800000|  0%| F|  |TAMS 0x0000000707600000| PB 0x0000000707600000| Untracked |  0
|  19|0x0000000707800000, 0x0000000707800000, 0x0000000707a00000|  0%| F|  |TAMS 0x0000000707800000| PB 0x0000000707800000| Untracked |  0
|  20|0x0000000707a00000, 0x0000000707a00000, 0x0000000707c00000|  0%| F|  |TAMS 0x0000000707a00000| PB 0x0000000707a00000| Untracked |  0
|  21|0x0000000707c00000, 0x0000000707c00000, 0x0000000707e00000|  0%| F|  |TAMS 0x0000000707c00000| PB 0x0000000707c00000| Untracked |  0
|  22|0x0000000707e00000, 0x0000000707e00000, 0x0000000708000000|  0%| F|  |TAMS 0x0000000707e00000| PB 0x0000000707e00000| Untracked |  0
|  23|0x0000000708000000, 0x0000000708000000, 0x0000000708200000|  0%| F|  |TAMS 0x0000000708000000| PB 0x0000000708000000| Untracked |  0
|  24|0x0000000708200000, 0x0000000708200000, 0x0000000708400000|  0%| F|  |TAMS 0x0000000708200000| PB 0x0000000708200000| Untracked |  0
|  25|0x0000000708400000, 0x0000000708400000, 0x0000000708600000|  0%| F|  |TAMS 0x0000000708400000| PB 0x0000000708400000| Untracked |  0
|  26|0x0000000708600000, 0x0000000708600000, 0x0000000708800000|  0%| F|  |TAMS 0x0000000708600000| PB 0x0000000708600000| Untracked |  0
|  27|0x0000000708800000, 0x0000000708800000, 0x0000000708a00000|  0%| F|  |TAMS 0x0000000708800000| PB 0x0000000708800000| Untracked |  0
|  28|0x0000000708a00000, 0x0000000708a00000, 0x0000000708c00000|  0%| F|  |TAMS 0x0000000708a00000| PB 0x0000000708a00000| Untracked |  0
|  29|0x0000000708c00000, 0x0000000708c00000, 0x0000000708e00000|  0%| F|  |TAMS 0x0000000708c00000| PB 0x0000000708c00000| Untracked |  0
|  30|0x0000000708e00000, 0x0000000708e00000, 0x0000000709000000|  0%| F|  |TAMS 0x0000000708e00000| PB 0x0000000708e00000| Untracked |  0
|  31|0x0000000709000000, 0x0000000709000000, 0x0000000709200000|  0%| F|  |TAMS 0x0000000709000000| PB 0x0000000709000000| Untracked |  0
|  32|0x0000000709200000, 0x0000000709200000, 0x0000000709400000|  0%| F|  |TAMS 0x0000000709200000| PB 0x0000000709200000| Untracked |  0
|  33|0x0000000709400000, 0x0000000709400000, 0x0000000709600000|  0%| F|  |TAMS 0x0000000709400000| PB 0x0000000709400000| Untracked |  0
|  34|0x0000000709600000, 0x0000000709600000, 0x0000000709800000|  0%| F|  |TAMS 0x0000000709600000| PB 0x0000000709600000| Untracked |  0
|  35|0x0000000709800000, 0x0000000709800000, 0x0000000709a00000|  0%| F|  |TAMS 0x0000000709800000| PB 0x0000000709800000| Untracked |  0
|  36|0x0000000709a00000, 0x0000000709a00000, 0x0000000709c00000|  0%| F|  |TAMS 0x0000000709a00000| PB 0x0000000709a00000| Untracked |  0
|  37|0x0000000709c00000, 0x0000000709c00000, 0x0000000709e00000|  0%| F|  |TAMS 0x0000000709c00000| PB 0x0000000709c00000| Untracked |  0
|  38|0x0000000709e00000, 0x0000000709e00000, 0x000000070a000000|  0%| F|  |TAMS 0x0000000709e00000| PB 0x0000000709e00000| Untracked |  0
|  39|0x000000070a000000, 0x000000070a000000, 0x000000070a200000|  0%| F|  |TAMS 0x000000070a000000| PB 0x000000070a000000| Untracked |  0
|  40|0x000000070a200000, 0x000000070a200000, 0x000000070a400000|  0%| F|  |TAMS 0x000000070a200000| PB 0x000000070a200000| Untracked |  0
|  41|0x000000070a400000, 0x000000070a400000, 0x000000070a600000|  0%| F|  |TAMS 0x000000070a400000| PB 0x000000070a400000| Untracked |  0
|  42|0x000000070a600000, 0x000000070a600000, 0x000000070a800000|  0%| F|  |TAMS 0x000000070a600000| PB 0x000000070a600000| Untracked |  0
|  43|0x000000070a800000, 0x000000070a800000, 0x000000070aa00000|  0%| F|  |TAMS 0x000000070a800000| PB 0x000000070a800000| Untracked |  0
|  44|0x000000070aa00000, 0x000000070aa00000, 0x000000070ac00000|  0%| F|  |TAMS 0x000000070aa00000| PB 0x000000070aa00000| Untracked |  0
|  45|0x000000070ac00000, 0x000000070ac00000, 0x000000070ae00000|  0%| F|  |TAMS 0x000000070ac00000| PB 0x000000070ac00000| Untracked |  0
|  46|0x000000070ae00000, 0x000000070ae00000, 0x000000070b000000|  0%| F|  |TAMS 0x000000070ae00000| PB 0x000000070ae00000| Untracked |  0
|  47|0x000000070b000000, 0x000000070b000000, 0x000000070b200000|  0%| F|  |TAMS 0x000000070b000000| PB 0x000000070b000000| Untracked |  0
|  48|0x000000070b200000, 0x000000070b200000, 0x000000070b400000|  0%| F|  |TAMS 0x000000070b200000| PB 0x000000070b200000| Untracked |  0
|  49|0x000000070b400000, 0x000000070b400000, 0x000000070b600000|  0%| F|  |TAMS 0x000000070b400000| PB 0x000000070b400000| Untracked |  0
|  50|0x000000070b600000, 0x000000070b600000, 0x000000070b800000|  0%| F|  |TAMS 0x000000070b600000| PB 0x000000070b600000| Untracked |  0
|  51|0x000000070b800000, 0x000000070b800000, 0x000000070ba00000|  0%| F|  |TAMS 0x000000070b800000| PB 0x000000070b800000| Untracked |  0
|  52|0x000000070ba00000, 0x000000070ba00000, 0x000000070bc00000|  0%| F|  |TAMS 0x000000070ba00000| PB 0x000000070ba00000| Untracked |  0
|  53|0x000000070bc00000, 0x000000070bc00000, 0x000000070be00000|  0%| F|  |TAMS 0x000000070bc00000| PB 0x000000070bc00000| Untracked |  0
|  54|0x000000070be00000, 0x000000070be00000, 0x000000070c000000|  0%| F|  |TAMS 0x000000070be00000| PB 0x000000070be00000| Untracked |  0
|  55|0x000000070c000000, 0x000000070c000000, 0x000000070c200000|  0%| F|  |TAMS 0x000000070c000000| PB 0x000000070c000000| Untracked |  0
|  56|0x000000070c200000, 0x000000070c200000, 0x000000070c400000|  0%| F|  |TAMS 0x000000070c200000| PB 0x000000070c200000| Untracked |  0
|  57|0x000000070c400000, 0x000000070c400000, 0x000000070c600000|  0%| F|  |TAMS 0x000000070c400000| PB 0x000000070c400000| Untracked |  0
|  58|0x000000070c600000, 0x000000070c600000, 0x000000070c800000|  0%| F|  |TAMS 0x000000070c600000| PB 0x000000070c600000| Untracked |  0
|  59|0x000000070c800000, 0x000000070c800000, 0x000000070ca00000|  0%| F|  |TAMS 0x000000070c800000| PB 0x000000070c800000| Untracked |  0
|  60|0x000000070ca00000, 0x000000070ca00000, 0x000000070cc00000|  0%| F|  |TAMS 0x000000070ca00000| PB 0x000000070ca00000| Untracked |  0
|  61|0x000000070cc00000, 0x000000070cc00000, 0x000000070ce00000|  0%| F|  |TAMS 0x000000070cc00000| PB 0x000000070cc00000| Untracked |  0
|  62|0x000000070ce00000, 0x000000070ce00000, 0x000000070d000000|  0%| F|  |TAMS 0x000000070ce00000| PB 0x000000070ce00000| Untracked |  0
|  63|0x000000070d000000, 0x000000070d000000, 0x000000070d200000|  0%| F|  |TAMS 0x000000070d000000| PB 0x000000070d000000| Untracked |  0
|  64|0x000000070d200000, 0x000000070d200000, 0x000000070d400000|  0%| F|  |TAMS 0x000000070d200000| PB 0x000000070d200000| Untracked |  0
|  65|0x000000070d400000, 0x000000070d400000, 0x000000070d600000|  0%| F|  |TAMS 0x000000070d400000| PB 0x000000070d400000| Untracked |  0
|  66|0x000000070d600000, 0x000000070d600000, 0x000000070d800000|  0%| F|  |TAMS 0x000000070d600000| PB 0x000000070d600000| Untracked |  0
|  67|0x000000070d800000, 0x000000070d800000, 0x000000070da00000|  0%| F|  |TAMS 0x000000070d800000| PB 0x000000070d800000| Untracked |  0
|  68|0x000000070da00000, 0x000000070da00000, 0x000000070dc00000|  0%| F|  |TAMS 0x000000070da00000| PB 0x000000070da00000| Untracked |  0
|  69|0x000000070dc00000, 0x000000070dc00000, 0x000000070de00000|  0%| F|  |TAMS 0x000000070dc00000| PB 0x000000070dc00000| Untracked |  0
|  70|0x000000070de00000, 0x000000070de00000, 0x000000070e000000|  0%| F|  |TAMS 0x000000070de00000| PB 0x000000070de00000| Untracked |  0
|  71|0x000000070e000000, 0x000000070e000000, 0x000000070e200000|  0%| F|  |TAMS 0x000000070e000000| PB 0x000000070e000000| Untracked |  0
|  72|0x000000070e200000, 0x000000070e200000, 0x000000070e400000|  0%| F|  |TAMS 0x000000070e200000| PB 0x000000070e200000| Untracked |  0
|  73|0x000000070e400000, 0x000000070e400000, 0x000000070e600000|  0%| F|  |TAMS 0x000000070e400000| PB 0x000000070e400000| Untracked |  0
|  74|0x000000070e600000, 0x000000070e600000, 0x000000070e800000|  0%| F|  |TAMS 0x000000070e600000| PB 0x000000070e600000| Untracked |  0
|  75|0x000000070e800000, 0x000000070e800000, 0x000000070ea00000|  0%| F|  |TAMS 0x000000070e800000| PB 0x000000070e800000| Untracked |  0
|  76|0x000000070ea00000, 0x000000070ea00000, 0x000000070ec00000|  0%| F|  |TAMS 0x000000070ea00000| PB 0x000000070ea00000| Untracked |  0
|  77|0x000000070ec00000, 0x000000070ec00000, 0x000000070ee00000|  0%| F|  |TAMS 0x000000070ec00000| PB 0x000000070ec00000| Untracked |  0
|  78|0x000000070ee00000, 0x000000070ee00000, 0x000000070f000000|  0%| F|  |TAMS 0x000000070ee00000| PB 0x000000070ee00000| Untracked |  0
|  79|0x000000070f000000, 0x000000070f000000, 0x000000070f200000|  0%| F|  |TAMS 0x000000070f000000| PB 0x000000070f000000| Untracked |  0
|  80|0x000000070f200000, 0x000000070f200000, 0x000000070f400000|  0%| F|  |TAMS 0x000000070f200000| PB 0x000000070f200000| Untracked |  0
|  81|0x000000070f400000, 0x000000070f400000, 0x000000070f600000|  0%| F|  |TAMS 0x000000070f400000| PB 0x000000070f400000| Untracked |  0
|  82|0x000000070f600000, 0x000000070f600000, 0x000000070f800000|  0%| F|  |TAMS 0x000000070f600000| PB 0x000000070f600000| Untracked |  0
|  83|0x000000070f800000, 0x000000070f800000, 0x000000070fa00000|  0%| F|  |TAMS 0x000000070f800000| PB 0x000000070f800000| Untracked |  0
|  84|0x000000070fa00000, 0x000000070fa00000, 0x000000070fc00000|  0%| F|  |TAMS 0x000000070fa00000| PB 0x000000070fa00000| Untracked |  0
|  85|0x000000070fc00000, 0x000000070fc00000, 0x000000070fe00000|  0%| F|  |TAMS 0x000000070fc00000| PB 0x000000070fc00000| Untracked |  0
|  86|0x000000070fe00000, 0x000000070fe00000, 0x0000000710000000|  0%| F|  |TAMS 0x000000070fe00000| PB 0x000000070fe00000| Untracked |  0
|  87|0x0000000710000000, 0x0000000710000000, 0x0000000710200000|  0%| F|  |TAMS 0x0000000710000000| PB 0x0000000710000000| Untracked |  0
|  88|0x0000000710200000, 0x0000000710200000, 0x0000000710400000|  0%| F|  |TAMS 0x0000000710200000| PB 0x0000000710200000| Untracked |  0
|  89|0x0000000710400000, 0x0000000710400000, 0x0000000710600000|  0%| F|  |TAMS 0x0000000710400000| PB 0x0000000710400000| Untracked |  0
|  90|0x0000000710600000, 0x0000000710600000, 0x0000000710800000|  0%| F|  |TAMS 0x0000000710600000| PB 0x0000000710600000| Untracked |  0
|  91|0x0000000710800000, 0x0000000710800000, 0x0000000710a00000|  0%| F|  |TAMS 0x0000000710800000| PB 0x0000000710800000| Untracked |  0
|  92|0x0000000710a00000, 0x0000000710a00000, 0x0000000710c00000|  0%| F|  |TAMS 0x0000000710a00000| PB 0x0000000710a00000| Untracked |  0
|  93|0x0000000710c00000, 0x0000000710c00000, 0x0000000710e00000|  0%| F|  |TAMS 0x0000000710c00000| PB 0x0000000710c00000| Untracked |  0
|  94|0x0000000710e00000, 0x0000000710e00000, 0x0000000711000000|  0%| F|  |TAMS 0x0000000710e00000| PB 0x0000000710e00000| Untracked |  0
|  95|0x0000000711000000, 0x0000000711000000, 0x0000000711200000|  0%| F|  |TAMS 0x0000000711000000| PB 0x0000000711000000| Untracked |  0
|  96|0x0000000711200000, 0x0000000711200000, 0x0000000711400000|  0%| F|  |TAMS 0x0000000711200000| PB 0x0000000711200000| Untracked |  0
|  97|0x0000000711400000, 0x0000000711400000, 0x0000000711600000|  0%| F|  |TAMS 0x0000000711400000| PB 0x0000000711400000| Untracked |  0
|  98|0x0000000711600000, 0x0000000711600000, 0x0000000711800000|  0%| F|  |TAMS 0x0000000711600000| PB 0x0000000711600000| Untracked |  0
|  99|0x0000000711800000, 0x0000000711800000, 0x0000000711a00000|  0%| F|  |TAMS 0x0000000711800000| PB 0x0000000711800000| Untracked |  0
| 100|0x0000000711a00000, 0x0000000711a00000, 0x0000000711c00000|  0%| F|  |TAMS 0x0000000711a00000| PB 0x0000000711a00000| Untracked |  0
| 101|0x0000000711c00000, 0x0000000711c00000, 0x0000000711e00000|  0%| F|  |TAMS 0x0000000711c00000| PB 0x0000000711c00000| Untracked |  0
| 102|0x0000000711e00000, 0x0000000711e00000, 0x0000000712000000|  0%| F|  |TAMS 0x0000000711e00000| PB 0x0000000711e00000| Untracked |  0
| 103|0x0000000712000000, 0x0000000712000000, 0x0000000712200000|  0%| F|  |TAMS 0x0000000712000000| PB 0x0000000712000000| Untracked |  0
| 104|0x0000000712200000, 0x0000000712200000, 0x0000000712400000|  0%| F|  |TAMS 0x0000000712200000| PB 0x0000000712200000| Untracked |  0
| 105|0x0000000712400000, 0x0000000712400000, 0x0000000712600000|  0%| F|  |TAMS 0x0000000712400000| PB 0x0000000712400000| Untracked |  0
| 106|0x0000000712600000, 0x0000000712600000, 0x0000000712800000|  0%| F|  |TAMS 0x0000000712600000| PB 0x0000000712600000| Untracked |  0
| 107|0x0000000712800000, 0x0000000712800000, 0x0000000712a00000|  0%| F|  |TAMS 0x0000000712800000| PB 0x0000000712800000| Untracked |  0
| 108|0x0000000712a00000, 0x0000000712a00000, 0x0000000712c00000|  0%| F|  |TAMS 0x0000000712a00000| PB 0x0000000712a00000| Untracked |  0
| 109|0x0000000712c00000, 0x0000000712c00000, 0x0000000712e00000|  0%| F|  |TAMS 0x0000000712c00000| PB 0x0000000712c00000| Untracked |  0
| 110|0x0000000712e00000, 0x0000000712e00000, 0x0000000713000000|  0%| F|  |TAMS 0x0000000712e00000| PB 0x0000000712e00000| Untracked |  0
| 111|0x0000000713000000, 0x0000000713000000, 0x0000000713200000|  0%| F|  |TAMS 0x0000000713000000| PB 0x0000000713000000| Untracked |  0
| 112|0x0000000713200000, 0x0000000713200000, 0x0000000713400000|  0%| F|  |TAMS 0x0000000713200000| PB 0x0000000713200000| Untracked |  0
| 113|0x0000000713400000, 0x0000000713400000, 0x0000000713600000|  0%| F|  |TAMS 0x0000000713400000| PB 0x0000000713400000| Untracked |  0
| 114|0x0000000713600000, 0x0000000713600000, 0x0000000713800000|  0%| F|  |TAMS 0x0000000713600000| PB 0x0000000713600000| Untracked |  0
| 115|0x0000000713800000, 0x0000000713800000, 0x0000000713a00000|  0%| F|  |TAMS 0x0000000713800000| PB 0x0000000713800000| Untracked |  0
| 116|0x0000000713a00000, 0x0000000713a00000, 0x0000000713c00000|  0%| F|  |TAMS 0x0000000713a00000| PB 0x0000000713a00000| Untracked |  0
| 117|0x0000000713c00000, 0x0000000713c00000, 0x0000000713e00000|  0%| F|  |TAMS 0x0000000713c00000| PB 0x0000000713c00000| Untracked |  0
| 118|0x0000000713e00000, 0x0000000713e00000, 0x0000000714000000|  0%| F|  |TAMS 0x0000000713e00000| PB 0x0000000713e00000| Untracked |  0
| 119|0x0000000714000000, 0x0000000714000000, 0x0000000714200000|  0%| F|  |TAMS 0x0000000714000000| PB 0x0000000714000000| Untracked |  0
| 120|0x0000000714200000, 0x0000000714200000, 0x0000000714400000|  0%| F|  |TAMS 0x0000000714200000| PB 0x0000000714200000| Untracked |  0
| 121|0x0000000714400000, 0x0000000714400000, 0x0000000714600000|  0%| F|  |TAMS 0x0000000714400000| PB 0x0000000714400000| Untracked |  0
| 122|0x0000000714600000, 0x0000000714600000, 0x0000000714800000|  0%| F|  |TAMS 0x0000000714600000| PB 0x0000000714600000| Untracked |  0
| 123|0x0000000714800000, 0x0000000714800000, 0x0000000714a00000|  0%| F|  |TAMS 0x0000000714800000| PB 0x0000000714800000| Untracked |  0
| 124|0x0000000714a00000, 0x0000000714a00000, 0x0000000714c00000|  0%| F|  |TAMS 0x0000000714a00000| PB 0x0000000714a00000| Untracked |  0
| 125|0x0000000714c00000, 0x0000000714e00000, 0x0000000714e00000|100%| E|  |TAMS 0x0000000714c00000| PB 0x0000000714c00000| Complete |  0

Card table byte_map: [0x000002ed6c210000,0x000002ed6c9f0000] _byte_map_base: 0x000002ed689e7000

Marking Bits: (CMBitMap*) 0x000002ed53a439d0
 Bits: [0x000002ed6c9f0000, 0x000002ed708a8000)

Polling page: 0x000002ed517d0000

Metaspace:

Usage:
  Non-class:      2.87 MB used.
      Class:    179.46 KB used.
       Both:      3.05 MB used.

Virtual space:
  Non-class space:       64.00 MB reserved,       2.88 MB (  4%) committed,  1 nodes.
      Class space:        1.00 GB reserved,     192.00 KB ( <1%) committed,  1 nodes.
             Both:        1.06 GB reserved,       3.06 MB ( <1%) committed. 

Chunk freelists:
   Non-Class:  12.00 MB
       Class:  15.75 MB
        Both:  27.75 MB

MaxMetaspaceSize: unlimited
CompressedClassSpaceSize: 1.00 GB
Initial GC threshold: 21.00 MB
Current GC threshold: 21.00 MB
CDS: off
 - commit_granule_bytes: 65536.
 - commit_granule_words: 8192.
 - virtual_space_node_default_size: 8388608.
 - enlarge_chunks_in_place: 1.
UseCompressedClassPointers 1, UseCompactObjectHeaders 0
Narrow klass pointer bits 32, Max shift 3
Narrow klass base: 0x0000000000000000, Narrow klass shift: 0
Encoding Range: [0x0000000000000000 - 0x0000000100000000), (4294967296 bytes)
Klass Range:    [0x00000000bc000000 - 0x00000000fc000000), (1073741824 bytes)
Klass ID Range:  [3154116608 - 4227858425) (1073741817)


Internal statistics:

num_allocs_failed_limit: 0.
num_arena_births: 2.
num_arena_deaths: 0.
num_vsnodes_births: 2.
num_vsnodes_deaths: 0.
num_space_committed: 49.
num_space_uncommitted: 0.
num_chunks_returned_to_freelist: 0.
num_chunks_taken_from_freelist: 3.
num_chunk_merges: 0.
num_chunk_splits: 2.
num_chunks_enlarged: 0.
num_inconsistent_stats: 0.

CodeHeap 'non-profiled nmethods': size=120064Kb used=0Kb max_used=0Kb free=120064Kb
 bounds [0x000002ed63fa0000, 0x000002ed64210000, 0x000002ed6b4e0000]
CodeHeap 'profiled nmethods': size=120000Kb used=4Kb max_used=4Kb free=119995Kb
 bounds [0x000002ed5c4e0000, 0x000002ed5c750000, 0x000002ed63a10000]
CodeHeap 'non-nmethods': size=5696Kb used=1118Kb max_used=1132Kb free=4577Kb
 bounds [0x000002ed63a10000, 0x000002ed63c80000, 0x000002ed63fa0000]
CodeCache: size=245760Kb, used=1122Kb, max_used=1136Kb, free=244636Kb
 total_blobs=284, nmethods=4, adapters=187, full_count=0
Compilation: enabled, stopped_count=0, restarted_count=0

Compilation events (8 events):
Event: 2.455 Thread 0x000002ed04044050    1       3       java.lang.Byte::toUnsignedInt (6 bytes)
Event: 2.455 Thread 0x000002ed04044050 nmethod 1 0x000002ed5c4e0008 code [0x000002ed5c4e0120, 0x000002ed5c4e0210]
Event: 2.455 Thread 0x000002ed04044050    2       3       java.lang.String::charAt (25 bytes)
Event: 2.456 Thread 0x000002ed04044050 nmethod 2 0x000002ed5c4e0308 code [0x000002ed5c4e0480, 0x000002ed5c4e0a28]
Event: 2.456 Thread 0x000002ed04044050    3       3       java.lang.StringLatin1::charAt (15 bytes)
Event: 2.456 Thread 0x000002ed04044050 nmethod 3 0x000002ed5c4e0a88 code [0x000002ed5c4e0ba0, 0x000002ed5c4e0d68]
Event: 2.456 Thread 0x000002ed04044050    4       3       java.lang.Object::<init> (1 bytes)
Event: 2.456 Thread 0x000002ed04044050 nmethod 4 0x000002ed5c4e0e08 code [0x000002ed5c4e0f20, 0x000002ed5c4e1028]

GC Heap History (0 events):
No events

Dll operation events (2 events):
Event: 0.012 Loaded shared library C:\Program Files\Apache NetBeans\jdk\bin\java.dll
Event: 2.456 Loaded shared library C:\Program Files\Apache NetBeans\jdk\bin\jsvml.dll

Deoptimization events (0 events):
No events

Classes loaded (20 events):
Event: 2.458 Loading class java/lang/invoke/MethodHandles$Lookup done
Event: 2.458 Loading class java/lang/StrictMath
Event: 2.459 Loading class java/lang/StrictMath done
Event: 2.459 Loading class java/util/ImmutableCollections$MapN$1
Event: 2.459 Loading class java/util/ImmutableCollections$MapN$1 done
Event: 2.459 Loading class java/util/ImmutableCollections$MapN$MapNIterator
Event: 2.459 Loading class java/util/ImmutableCollections$MapN$MapNIterator done
Event: 2.459 Loading class java/util/KeyValueHolder
Event: 2.459 Loading class java/util/KeyValueHolder done
Event: 2.459 Loading class sun/invoke/util/VerifyAccess
Event: 2.459 Loading class sun/invoke/util/VerifyAccess done
Event: 2.459 Loading class java/lang/module/ModuleDescriptor$1
Event: 2.459 Loading class jdk/internal/access/JavaLangModuleAccess
Event: 2.459 Loading class jdk/internal/access/JavaLangModuleAccess done
Event: 2.459 Loading class java/lang/module/ModuleDescriptor$1 done
Event: 2.459 Loading class java/io/File
Event: 2.459 Loading class java/io/File done
Event: 2.460 Loading class java/io/DefaultFileSystem
Event: 2.460 Loading class java/io/DefaultFileSystem done
Event: 2.460 Loading class java/io/WinNTFileSystem

Classes unloaded (0 events):
No events

Classes redefined (0 events):
No events

Internal exceptions (0 events):
No events

VM Operations (0 events):
No events

Memory protections (0 events):
No events

Nmethod flushes (0 events):
No events

Events (9 events):
Event: 2.410 Thread 0x000002ed5164ff80 Thread added: 0x000002ed5164ff80
Event: 2.451 Thread 0x000002ed5164ff80 Thread added: 0x000002ed04025200
Event: 2.452 Thread 0x000002ed5164ff80 Thread added: 0x000002ed04026bc0
Event: 2.453 Thread 0x000002ed5164ff80 Thread added: 0x000002ed04035a30
Event: 2.453 Thread 0x000002ed5164ff80 Thread added: 0x000002ed04036560
Event: 2.453 Thread 0x000002ed5164ff80 Thread added: 0x000002ed04037c00
Event: 2.454 Thread 0x000002ed5164ff80 Thread added: 0x000002ed04038860
Event: 2.454 Thread 0x000002ed5164ff80 Thread added: 0x000002ed7355e600
Event: 2.454 Thread 0x000002ed5164ff80 Thread added: 0x000002ed04044050


Dynamic libraries:
0x00007ff7afce0000 - 0x00007ff7afcee000 	C:\Program Files\Apache NetBeans\jdk\bin\java.exe
0x00007ffadd840000 - 0x00007ffaddaa9000 	C:\WINDOWS\SYSTEM32\ntdll.dll
0x00007ffadb810000 - 0x00007ffadb8d9000 	C:\WINDOWS\System32\KERNEL32.DLL
0x00007ffadab30000 - 0x00007ffadaf23000 	C:\WINDOWS\System32\KERNELBASE.dll
0x00007ffadb410000 - 0x00007ffadb55b000 	C:\WINDOWS\System32\ucrtbase.dll
0x00007ffad1740000 - 0x00007ffad175e000 	C:\Program Files\Apache NetBeans\jdk\bin\VCRUNTIME140.dll
0x00007ffab9de0000 - 0x00007ffab9df6000 	C:\Program Files\Apache NetBeans\jdk\bin\jli.dll
0x00007ffadd3f0000 - 0x00007ffadd5b4000 	C:\WINDOWS\System32\USER32.dll
0x00007ffada9d0000 - 0x00007ffada9f7000 	C:\WINDOWS\System32\win32u.dll
0x00007ffab8ba0000 - 0x00007ffab8e33000 	C:\WINDOWS\WinSxS\amd64_microsoft.windows.common-controls_6595b64144ccf1df_6.0.26100.5074_none_3e0d6f78e32fd63f\COMCTL32.dll
0x00007ffadb8e0000 - 0x00007ffadb989000 	C:\WINDOWS\System32\msvcrt.dll
0x00007ffadb9e0000 - 0x00007ffadba0b000 	C:\WINDOWS\System32\GDI32.dll
0x00007ffadaa00000 - 0x00007ffadab2d000 	C:\WINDOWS\System32\gdi32full.dll
0x00007ffadb560000 - 0x00007ffadb603000 	C:\WINDOWS\System32\msvcp_win.dll
0x00007ffadd5c0000 - 0x00007ffadd5ef000 	C:\WINDOWS\System32\IMM32.DLL
0x00007ffad17d0000 - 0x00007ffad17dc000 	C:\Program Files\Apache NetBeans\jdk\bin\vcruntime140_1.dll
0x00007ffab2150000 - 0x00007ffab21dd000 	C:\Program Files\Apache NetBeans\jdk\bin\msvcp140.dll
0x00007ffa64820000 - 0x00007ffa6569c000 	C:\Program Files\Apache NetBeans\jdk\bin\server\jvm.dll
0x00007ffadd740000 - 0x00007ffadd7f4000 	C:\WINDOWS\System32\ADVAPI32.dll
0x00007ffadd690000 - 0x00007ffadd736000 	C:\WINDOWS\System32\sechost.dll
0x00007ffadb6e0000 - 0x00007ffadb7f8000 	C:\WINDOWS\System32\RPCRT4.dll
0x00007ffadba90000 - 0x00007ffadbb04000 	C:\WINDOWS\System32\WS2_32.dll
0x00007ffacfc40000 - 0x00007ffacfc4b000 	C:\WINDOWS\SYSTEM32\VERSION.dll
0x00007ffada160000 - 0x00007ffada1be000 	C:\WINDOWS\SYSTEM32\POWRPROF.dll
0x00007fface1c0000 - 0x00007fface1f5000 	C:\WINDOWS\SYSTEM32\WINMM.dll
0x00007ffada140000 - 0x00007ffada154000 	C:\WINDOWS\SYSTEM32\UMPDC.dll
0x00007ffad97b0000 - 0x00007ffad97cb000 	C:\WINDOWS\SYSTEM32\kernel.appcore.dll
0x00007ffad0e50000 - 0x00007ffad0e5a000 	C:\Program Files\Apache NetBeans\jdk\bin\jimage.dll
0x00007ffad8190000 - 0x00007ffad83d2000 	C:\WINDOWS\SYSTEM32\DBGHELP.DLL
0x00007ffadcbe0000 - 0x00007ffadcf5b000 	C:\WINDOWS\System32\combase.dll
0x00007ffadcff0000 - 0x00007ffadd0c7000 	C:\WINDOWS\System32\OLEAUT32.dll
0x00007ffaaf4c0000 - 0x00007ffaaf4fd000 	C:\WINDOWS\SYSTEM32\dbgcore.DLL
0x00007ffadb130000 - 0x00007ffadb1c9000 	C:\WINDOWS\System32\bcryptPrimitives.dll
0x00007ffad07a0000 - 0x00007ffad07be000 	C:\Program Files\Apache NetBeans\jdk\bin\java.dll
0x00007ffadc290000 - 0x00007ffadc428000 	C:\WINDOWS\System32\ole32.dll
0x00007ffadc490000 - 0x00007ffadcbdd000 	C:\WINDOWS\System32\SHELL32.dll
0x00007ffadaf30000 - 0x00007ffadb09c000 	C:\WINDOWS\System32\wintypes.dll
0x00007ffad85d0000 - 0x00007ffad8e29000 	C:\WINDOWS\SYSTEM32\windows.storage.dll
0x00007ffadc190000 - 0x00007ffadc280000 	C:\WINDOWS\System32\SHCORE.dll
0x00007ffadd620000 - 0x00007ffadd682000 	C:\WINDOWS\System32\shlwapi.dll
0x00007ffada8f0000 - 0x00007ffada919000 	C:\WINDOWS\SYSTEM32\profapi.dll
0x00007ffab6e20000 - 0x00007ffab6ef7000 	C:\Program Files\Apache NetBeans\jdk\bin\jsvml.dll

JVMTI agents: none

dbghelp: loaded successfully - version: 4.0.5 - missing functions: none
symbol engine: initialized successfully - sym options: 0x614 - pdb path: .;C:\Program Files\Apache NetBeans\jdk\bin;C:\WINDOWS\SYSTEM32;C:\WINDOWS\WinSxS\amd64_microsoft.windows.common-controls_6595b64144ccf1df_6.0.26100.5074_none_3e0d6f78e32fd63f;C:\Program Files\Apache NetBeans\jdk\bin\server

VM Arguments:
jvm_args: -Dfile.encoding=UTF-8 --module-path=C:\Users\Piyush\Documents\NetBeansProjects\Travel Management System\build\classes 
java_command: travel.management.system.BookPackage
java_class_path (initial): C:\Users\Piyush\Downloads\mysql-connector-java-8.0.28.jar;C:\Users\Piyush\Documents\NetBeansProjects\Travel Management System\build\classes
Launcher Type: SUN_STANDARD

[Global flags]
     intx CICompilerCount                          = 4                                         {product} {ergonomic}
     uint ConcGCThreads                            = 3                                         {product} {ergonomic}
     uint G1ConcRefinementThreads                  = 10                                        {product} {ergonomic}
   size_t G1HeapRegionSize                         = 2097152                                   {product} {ergonomic}
   size_t InitialHeapSize                          = 264241152                                 {product} {ergonomic}
   size_t MarkStackSize                            = 4194304                                   {product} {ergonomic}
   size_t MarkStackSizeMax                         = 536870912                                 {product} {ergonomic}
   size_t MaxHeapSize                              = 4208984064                                {product} {ergonomic}
   size_t MaxNewSize                               = 2524971008                                {product} {ergonomic}
   size_t MinHeapDeltaBytes                        = 2097152                                   {product} {ergonomic}
   size_t MinHeapSize                              = 8388608                                   {product} {ergonomic}
    uintx NonNMethodCodeHeapSize                   = 5832704                                {pd product} {ergonomic}
    uintx NonProfiledCodeHeapSize                  = 122945536                              {pd product} {ergonomic}
    uintx ProfiledCodeHeapSize                     = 122880000                              {pd product} {ergonomic}
    uintx ReservedCodeCacheSize                    = 251658240                              {pd product} {ergonomic}
     bool SegmentedCodeCache                       = true                                      {product} {ergonomic}
   size_t SoftMaxHeapSize                          = 4208984064                             {manageable} {ergonomic}
     bool UseCompressedOops                        = true                           {product lp64_product} {ergonomic}
     bool UseG1GC                                  = true                                      {product} {ergonomic}
     bool UseLargePagesIndividualAllocation        = false                                  {pd product} {ergonomic}

Logging:
Log output configuration:
 #0: stdout all=warning uptime,level,tags foldmultilines=false
 #1: stderr all=off uptime,level,tags foldmultilines=false

Environment Variables:
PATH=C:\Program Files\Common Files\Oracle\Java\javapath;C:\Program Files (x86)\Common Files\Oracle\Java\javapath;C:\windows\system32;C:\windows;C:\windows\System32\Wbem;C:\windows\System32\WindowsPowerShell\v1.0\;C:\windows\System32\OpenSSH\;C:\Program Files (x86)\NVIDIA Corporation\PhysX\Common;C:\Program Files\NVIDIA Corporation\NVIDIA NvDLISR;C:\Program Files\MySQL\MySQL Server 8.0\bin;C:\MinGW\bin;C:\Users\Piyush\AppData\Roaming\Microsoft\Windows\Start Menu\Programs\Python 3.11;C:\Program Files\Git\cmd;C:\Program Files\Git\mingw64\bin;C:\Program Files\Git\usr\bin;C:\Program Files\Docker\Docker\resources\bin;C:\WINDOWS\system32;C:\WINDOWS;C:\WINDOWS\System32\Wbem;C:\WINDOWS\System32\WindowsPowerShell\v1.0\;C:\WINDOWS\System32\OpenSSH\;C:\Users\Piyush\AppData\Local\Programs\Python\Python312\Scripts\;C:\Users\Piyush\AppData\Local\Programs\Python\Python312\;C:\Users\Piyush\AppData\Local\Programs\Python\Launcher\;C:\Program Files\MySQL\MySQL Shell 8.0\bin\;C:\Users\Piyush\AppData\Local\Microsoft\WindowsApps;C:\Users\Piyush\AppData\Local\Programs\Microsoft VS Code\bin;;C:\Program Files\JetBrains\IntelliJ IDEA Community Edition 2024.3.4\bin;
USERNAME=Piyush
OS=Windows_NT
PROCESSOR_IDENTIFIER=Intel64 Family 6 Model 154 Stepping 3, GenuineIntel
TMP=C:\Users\Piyush\AppData\Local\Temp
TEMP=C:\Users\Piyush\AppData\Local\Temp




Periodic native trim disabled

---------------  S Y S T E M  ---------------

OS:
 Windows 11 , 64 bit Build 26100 (10.0.26100.5074)
OS uptime: 0 days 5:00 hours
Hyper-V role detected

CPU: total 12 (initial active 12) (6 cores per cpu, 2 threads per core) family 6 model 154 stepping 3 microcode 0x434, cx8, cmov, fxsr, ht, mmx, 3dnowpref, sse, sse2, sse3, ssse3, sse4.1, sse4.2, popcnt, lzcnt, tsc, tscinvbit, avx, avx2, aes, erms, clmul, bmi1, bmi2, adx, sha, fma, vzeroupper, clflush, clflushopt, clwb, hv, serialize, rdtscp, rdpid, fsrm, gfni, f16c, cet_ibt, cet_ss
Processor Information for processor 0
  Max Mhz: 2000, Current Mhz: 1520, Mhz Limit: 2000
Processor Information for processor 1
  Max Mhz: 2000, Current Mhz: 2000, Mhz Limit: 2000
Processor Information for processor 2
  Max Mhz: 2000, Current Mhz: 2000, Mhz Limit: 2000
Processor Information for processor 3
  Max Mhz: 2000, Current Mhz: 2000, Mhz Limit: 2000
Processor Information for processor 4
  Max Mhz: 2000, Current Mhz: 2000, Mhz Limit: 2000
Processor Information for processor 5
  Max Mhz: 2000, Current Mhz: 2000, Mhz Limit: 2000
Processor Information for processor 6
  Max Mhz: 2000, Current Mhz: 2000, Mhz Limit: 2000
Processor Information for processor 7
  Max Mhz: 2000, Current Mhz: 2000, Mhz Limit: 2000
Processor Information for processor 8
  Max Mhz: 2000, Current Mhz: 1466, Mhz Limit: 2000
Processor Information for processor 9
  Max Mhz: 2000, Current Mhz: 1466, Mhz Limit: 2000
Processor Information for processor 10
  Max Mhz: 2000, Current Mhz: 2000, Mhz Limit: 2000
Processor Information for processor 11
  Max Mhz: 2000, Current Mhz: 1466, Mhz Limit: 2000

Memory: 4k page, system-wide physical 16052M (6657M free)
TotalPageFile size 21856M (AvailPageFile size 26M)
current process WorkingSet (physical memory assigned to process): 27M, peak: 27M
current process commit charge ("private bytes"): 329M, peak: 336M

vm_info: OpenJDK 64-Bit Server VM (24.0.1+9) for windows-amd64 JRE (24.0.1+9) (Zulu24.30+11-CA), built on 2025-03-21T13:52:34Z with MS VC++ 17.1 (VS2022)

END.
