#
# There is insufficient memory for the Java Runtime Environment to continue.
# Native memory allocation (malloc) failed to allocate 1135696 bytes. Error detail: Chunk::new
# Possible reasons:
#   The system is out of physical RAM or swap space
#   This process is running with CompressedOops enabled, and the Java Heap may be blocking the growth of the native heap
# Possible solutions:
#   Reduce memory load on the system
#   Increase physical memory or swap space
#   Check if swap backing store is full
#   Decrease Java heap size (-Xmx/-Xms)
#   Decrease number of Java threads
#   Decrease Java thread stack sizes (-Xss)
#   Set larger code cache with -XX:ReservedCodeCacheSize=
#   JVM is running with Zero Based Compressed Oops mode in which the Java heap is
#     placed in the first 32GB address space. The Java Heap base address is the
#     maximum limit for the native heap growth. Please use -XX:HeapBaseMinAddress
#     to set the Java Heap base and to place the Java Heap above 32GB virtual address.
# This output file may be truncated or incomplete.
#
#  Out of Memory Error (arena.cpp:162), pid=24124, tid=21944
#
# JRE version: OpenJDK Runtime Environment Zulu24.30+11-CA (24.0.1+9) (build 24.0.1+9)
# Java VM: OpenJDK 64-Bit Server VM Zulu24.30+11-CA (24.0.1+9, mixed mode, tiered, compressed oops, compressed class ptrs, g1 gc, windows-amd64)
# No core dump will be written. Minidumps are not enabled by default on client versions of Windows
#

---------------  S U M M A R Y ------------

Command Line: -Dfile.encoding=UTF-8 --module-path=C:\Users\Piyush\Documents\NetBeansProjects\Travel Management System\build\classes travel.management.system.CheckPackage

Host: 12th Gen Intel(R) Core(TM) i5-12450H, 12 cores, 15G,  Windows 11 , 64 bit Build 26100 (10.0.26100.5074)
Time: Sun Aug 31 15:48:06 2025 India Standard Time elapsed time: 7.717753 seconds (0d 0h 0m 7s)

---------------  T H R E A D  ---------------

Current thread (0x000001ffa68918b0):  JavaThread "C2 CompilerThread0" daemon [_thread_in_native, id=21944, stack(0x00000082c8400000,0x00000082c8500000) (1024K)]


Current CompileTask:
C2:7717  694       4       java.util.HashMap::put (13 bytes)

Stack: [0x00000082c8400000,0x00000082c8500000]
Native frames: (J=compiled Java code, j=interpreted, Vv=VM code, C=native code)
V  [jvm.dll+0x7410c9]  (no source info available)
V  [jvm.dll+0x97def3]  (no source info available)
V  [jvm.dll+0x98021d]  (no source info available)
V  [jvm.dll+0x980893]  (no source info available)
V  [jvm.dll+0x2b5b16]  (no source info available)
V  [jvm.dll+0xd019f]  (no source info available)
V  [jvm.dll+0xd03ff]  (no source info available)
V  [jvm.dll+0x15b8bf]  (no source info available)
V  [jvm.dll+0x74698f]  (no source info available)
V  [jvm.dll+0x27a528]  (no source info available)
V  [jvm.dll+0x279641]  (no source info available)
V  [jvm.dll+0x1f313a]  (no source info available)
V  [jvm.dll+0x288e35]  (no source info available)
V  [jvm.dll+0x2870ca]  (no source info available)
V  [jvm.dll+0x43df56]  (no source info available)
V  [jvm.dll+0x920928]  (no source info available)
V  [jvm.dll+0x73f855]  (no source info available)
C  [ucrtbase.dll+0x37b0]  (no source info available)
C  [KERNEL32.DLL+0x2e8d7]  (no source info available)
C  [ntdll.dll+0x8d9c]  (no source info available)

Lock stack of current Java thread (top to bottom):


---------------  P R O C E S S  ---------------

Threads class SMR info:
_java_thread_list=0x000001ffa7d38e10, length=15, elements={
0x000001ff8515e6c0, 0x000001ffa6864cc0, 0x000001ffa6865b10, 0x000001ffa6885370,
0x000001ffa6885ea0, 0x000001ffa6888b10, 0x000001ffa6883650, 0x000001ffa68918b0,
0x000001ffa68a2050, 0x000001ffa7365f40, 0x000001ffa74b69c0, 0x000001ffa7cc7430,
0x000001ffa7cc7f80, 0x000001ffa7bb53e0, 0x000001ffa7cdd580
}

Java Threads: ( => current thread )
  0x000001ff8515e6c0 JavaThread "main"                              [_thread_in_native, id=15136, stack(0x00000082c7600000,0x00000082c7700000) (1024K)]
  0x000001ffa6864cc0 JavaThread "Reference Handler"          daemon [_thread_blocked, id=24632, stack(0x00000082c7e00000,0x00000082c7f00000) (1024K)]
  0x000001ffa6865b10 JavaThread "Finalizer"                  daemon [_thread_blocked, id=23364, stack(0x00000082c7f00000,0x00000082c8000000) (1024K)]
  0x000001ffa6885370 JavaThread "Signal Dispatcher"          daemon [_thread_blocked, id=13516, stack(0x00000082c8000000,0x00000082c8100000) (1024K)]
  0x000001ffa6885ea0 JavaThread "Attach Listener"            daemon [_thread_blocked, id=23268, stack(0x00000082c8100000,0x00000082c8200000) (1024K)]
  0x000001ffa6888b10 JavaThread "Service Thread"             daemon [_thread_blocked, id=13368, stack(0x00000082c8200000,0x00000082c8300000) (1024K)]
  0x000001ffa6883650 JavaThread "Monitor Deflation Thread"   daemon [_thread_blocked, id=24604, stack(0x00000082c8300000,0x00000082c8400000) (1024K)]
=>0x000001ffa68918b0 JavaThread "C2 CompilerThread0"         daemon [_thread_in_native, id=21944, stack(0x00000082c8400000,0x00000082c8500000) (1024K)]
  0x000001ffa68a2050 JavaThread "C1 CompilerThread0"         daemon [_thread_blocked, id=15708, stack(0x00000082c8500000,0x00000082c8600000) (1024K)]
  0x000001ffa7365f40 JavaThread "Common-Cleaner"             daemon [_thread_blocked, id=22728, stack(0x00000082c8600000,0x00000082c8700000) (1024K)]
  0x000001ffa74b69c0 JavaThread "Notification Thread"        daemon [_thread_blocked, id=22688, stack(0x00000082c8800000,0x00000082c8900000) (1024K)]
  0x000001ffa7cc7430 JavaThread "Java2D Disposer"            daemon [_thread_blocked, id=23500, stack(0x00000082c8900000,0x00000082c8a00000) (1024K)]
  0x000001ffa7cc7f80 JavaThread "AWT-Shutdown"                      [_thread_blocked, id=23324, stack(0x00000082c8a00000,0x00000082c8b00000) (1024K)]
  0x000001ffa7bb53e0 JavaThread "AWT-Windows"                daemon [_thread_in_native, id=21588, stack(0x00000082c8b00000,0x00000082c8c00000) (1024K)]
  0x000001ffa7cdd580 JavaThread "AWT-EventQueue-0"                  [_thread_in_native, id=23388, stack(0x00000082c8700000,0x00000082c8800000) (1024K)]
Total: 15

Other Threads:
  0x000001ffa6825d50 VMThread "VM Thread"                           [id=22768, stack(0x00000082c7d00000,0x00000082c7e00000) (1024K)]
  0x000001ffa72019e0 WatcherThread "VM Periodic Task Thread"        [id=20468, stack(0x00000082c7c00000,0x00000082c7d00000) (1024K)]
  0x000001ff876301e0 WorkerThread "GC Thread#0"                     [id=21524, stack(0x00000082c7700000,0x00000082c7800000) (1024K)]
  0x000001ff87645aa0 ConcurrentGCThread "G1 Main Marker"            [id=18148, stack(0x00000082c7800000,0x00000082c7900000) (1024K)]
  0x000001ff87646d50 WorkerThread "G1 Conc#0"                       [id=21656, stack(0x00000082c7900000,0x00000082c7a00000) (1024K)]
  0x000001ff8768e990 ConcurrentGCThread "G1 Refine#0"               [id=3280, stack(0x00000082c7a00000,0x00000082c7b00000) (1024K)]
  0x000001ffa6755480 ConcurrentGCThread "G1 Service"                [id=22128, stack(0x00000082c7b00000,0x00000082c7c00000) (1024K)]
Total: 7

Threads with active compile tasks:
C2 CompilerThread0  7813  694       4       java.util.HashMap::put (13 bytes)
Total: 1

VM state: not at safepoint (normal execution)

VM Mutex/Monitor currently owned by a thread: None

Heap address: 0x0000000705200000, size: 4014 MB, Compressed Oops mode: Zero based, Oop shift amount: 3

CDS archive(s) not mapped
Compressed class space mapped at: 0x000000002e000000-0x000000006e000000, reserved size: 1073741824
UseCompressedClassPointers 1, UseCompactObjectHeaders 0
Narrow klass pointer bits 32, Max shift 3
Narrow klass base: 0x0000000000000000, Narrow klass shift: 0
Encoding Range: [0x0000000000000000 - 0x0000000100000000), (4294967296 bytes)
Klass Range:    [0x000000002e000000 - 0x000000006e000000), (1073741824 bytes)
Klass ID Range:  [771751936 - 1845493753) (1073741817)

GC Precious Log:
 CardTable entry size: 512
 Card Set container configuration: InlinePtr #cards 4 size 8 Array Of Cards #cards 16 size 48 Howl #buckets 8 coarsen threshold 3686 Howl Bitmap #cards 512 size 80 coarsen threshold 460 Card regions per heap region 1 cards per card region 4096
 CPUs: 12 total, 12 available
 Memory: 16052M
 Large Page Support: Disabled
 NUMA Support: Disabled
 Compressed Oops: Enabled (Zero based)
 Heap Region Size: 2M
 Heap Min Capacity: 8M
 Heap Initial Capacity: 252M
 Heap Max Capacity: 4014M
 Pre-touch: Disabled
 Parallel Workers: 10
 Concurrent Workers: 3
 Concurrent Refinement Workers: 10
 Periodic GC: Disabled

Heap:
 garbage-first heap   total reserved 4110336K, committed 258048K, used 10240K [0x0000000705200000, 0x0000000800000000)
  region size 2048K, 6 young (12288K), 0 survivors (0K)
 Metaspace       used 13504K, committed 13760K, reserved 1114112K
  class space    used 1052K, committed 1152K, reserved 1048576K

Heap Regions: E=young(eden), S=young(survivor), O=old, HS=humongous(starts), HC=humongous(continues), CS=collection set, F=free, TAMS=top-at-mark-start, PB=parsable bottom
|   0|0x0000000705200000, 0x0000000705200000, 0x0000000705400000|  0%| F|  |TAMS 0x0000000705200000| PB 0x0000000705200000| Untracked |  0
|   1|0x0000000705400000, 0x0000000705400000, 0x0000000705600000|  0%| F|  |TAMS 0x0000000705400000| PB 0x0000000705400000| Untracked |  0
|   2|0x0000000705600000, 0x0000000705600000, 0x0000000705800000|  0%| F|  |TAMS 0x0000000705600000| PB 0x0000000705600000| Untracked |  0
|   3|0x0000000705800000, 0x0000000705800000, 0x0000000705a00000|  0%| F|  |TAMS 0x0000000705800000| PB 0x0000000705800000| Untracked |  0
|   4|0x0000000705a00000, 0x0000000705a00000, 0x0000000705c00000|  0%| F|  |TAMS 0x0000000705a00000| PB 0x0000000705a00000| Untracked |  0
|   5|0x0000000705c00000, 0x0000000705c00000, 0x0000000705e00000|  0%| F|  |TAMS 0x0000000705c00000| PB 0x0000000705c00000| Untracked |  0
|   6|0x0000000705e00000, 0x0000000705e00000, 0x0000000706000000|  0%| F|  |TAMS 0x0000000705e00000| PB 0x0000000705e00000| Untracked |  0
|   7|0x0000000706000000, 0x0000000706000000, 0x0000000706200000|  0%| F|  |TAMS 0x0000000706000000| PB 0x0000000706000000| Untracked |  0
|   8|0x0000000706200000, 0x0000000706200000, 0x0000000706400000|  0%| F|  |TAMS 0x0000000706200000| PB 0x0000000706200000| Untracked |  0
|   9|0x0000000706400000, 0x0000000706400000, 0x0000000706600000|  0%| F|  |TAMS 0x0000000706400000| PB 0x0000000706400000| Untracked |  0
|  10|0x0000000706600000, 0x0000000706600000, 0x0000000706800000|  0%| F|  |TAMS 0x0000000706600000| PB 0x0000000706600000| Untracked |  0
|  11|0x0000000706800000, 0x0000000706800000, 0x0000000706a00000|  0%| F|  |TAMS 0x0000000706800000| PB 0x0000000706800000| Untracked |  0
|  12|0x0000000706a00000, 0x0000000706a00000, 0x0000000706c00000|  0%| F|  |TAMS 0x0000000706a00000| PB 0x0000000706a00000| Untracked |  0
|  13|0x0000000706c00000, 0x0000000706c00000, 0x0000000706e00000|  0%| F|  |TAMS 0x0000000706c00000| PB 0x0000000706c00000| Untracked |  0
|  14|0x0000000706e00000, 0x0000000706e00000, 0x0000000707000000|  0%| F|  |TAMS 0x0000000706e00000| PB 0x0000000706e00000| Untracked |  0
|  15|0x0000000707000000, 0x0000000707000000, 0x0000000707200000|  0%| F|  |TAMS 0x0000000707000000| PB 0x0000000707000000| Untracked |  0
|  16|0x0000000707200000, 0x0000000707200000, 0x0000000707400000|  0%| F|  |TAMS 0x0000000707200000| PB 0x0000000707200000| Untracked |  0
|  17|0x0000000707400000, 0x0000000707400000, 0x0000000707600000|  0%| F|  |TAMS 0x0000000707400000| PB 0x0000000707400000| Untracked |  0
|  18|0x0000000707600000, 0x0000000707600000, 0x0000000707800000|  0%| F|  |TAMS 0x0000000707600000| PB 0x0000000707600000| Untracked |  0
|  19|0x0000000707800000, 0x0000000707800000, 0x0000000707a00000|  0%| F|  |TAMS 0x0000000707800000| PB 0x0000000707800000| Untracked |  0
|  20|0x0000000707a00000, 0x0000000707a00000, 0x0000000707c00000|  0%| F|  |TAMS 0x0000000707a00000| PB 0x0000000707a00000| Untracked |  0
|  21|0x0000000707c00000, 0x0000000707c00000, 0x0000000707e00000|  0%| F|  |TAMS 0x0000000707c00000| PB 0x0000000707c00000| Untracked |  0
|  22|0x0000000707e00000, 0x0000000707e00000, 0x0000000708000000|  0%| F|  |TAMS 0x0000000707e00000| PB 0x0000000707e00000| Untracked |  0
|  23|0x0000000708000000, 0x0000000708000000, 0x0000000708200000|  0%| F|  |TAMS 0x0000000708000000| PB 0x0000000708000000| Untracked |  0
|  24|0x0000000708200000, 0x0000000708200000, 0x0000000708400000|  0%| F|  |TAMS 0x0000000708200000| PB 0x0000000708200000| Untracked |  0
|  25|0x0000000708400000, 0x0000000708400000, 0x0000000708600000|  0%| F|  |TAMS 0x0000000708400000| PB 0x0000000708400000| Untracked |  0
|  26|0x0000000708600000, 0x0000000708600000, 0x0000000708800000|  0%| F|  |TAMS 0x0000000708600000| PB 0x0000000708600000| Untracked |  0
|  27|0x0000000708800000, 0x0000000708800000, 0x0000000708a00000|  0%| F|  |TAMS 0x0000000708800000| PB 0x0000000708800000| Untracked |  0
|  28|0x0000000708a00000, 0x0000000708a00000, 0x0000000708c00000|  0%| F|  |TAMS 0x0000000708a00000| PB 0x0000000708a00000| Untracked |  0
|  29|0x0000000708c00000, 0x0000000708c00000, 0x0000000708e00000|  0%| F|  |TAMS 0x0000000708c00000| PB 0x0000000708c00000| Untracked |  0
|  30|0x0000000708e00000, 0x0000000708e00000, 0x0000000709000000|  0%| F|  |TAMS 0x0000000708e00000| PB 0x0000000708e00000| Untracked |  0
|  31|0x0000000709000000, 0x0000000709000000, 0x0000000709200000|  0%| F|  |TAMS 0x0000000709000000| PB 0x0000000709000000| Untracked |  0
|  32|0x0000000709200000, 0x0000000709200000, 0x0000000709400000|  0%| F|  |TAMS 0x0000000709200000| PB 0x0000000709200000| Untracked |  0
|  33|0x0000000709400000, 0x0000000709400000, 0x0000000709600000|  0%| F|  |TAMS 0x0000000709400000| PB 0x0000000709400000| Untracked |  0
|  34|0x0000000709600000, 0x0000000709600000, 0x0000000709800000|  0%| F|  |TAMS 0x0000000709600000| PB 0x0000000709600000| Untracked |  0
|  35|0x0000000709800000, 0x0000000709800000, 0x0000000709a00000|  0%| F|  |TAMS 0x0000000709800000| PB 0x0000000709800000| Untracked |  0
|  36|0x0000000709a00000, 0x0000000709a00000, 0x0000000709c00000|  0%| F|  |TAMS 0x0000000709a00000| PB 0x0000000709a00000| Untracked |  0
|  37|0x0000000709c00000, 0x0000000709c00000, 0x0000000709e00000|  0%| F|  |TAMS 0x0000000709c00000| PB 0x0000000709c00000| Untracked |  0
|  38|0x0000000709e00000, 0x0000000709e00000, 0x000000070a000000|  0%| F|  |TAMS 0x0000000709e00000| PB 0x0000000709e00000| Untracked |  0
|  39|0x000000070a000000, 0x000000070a000000, 0x000000070a200000|  0%| F|  |TAMS 0x000000070a000000| PB 0x000000070a000000| Untracked |  0
|  40|0x000000070a200000, 0x000000070a200000, 0x000000070a400000|  0%| F|  |TAMS 0x000000070a200000| PB 0x000000070a200000| Untracked |  0
|  41|0x000000070a400000, 0x000000070a400000, 0x000000070a600000|  0%| F|  |TAMS 0x000000070a400000| PB 0x000000070a400000| Untracked |  0
|  42|0x000000070a600000, 0x000000070a600000, 0x000000070a800000|  0%| F|  |TAMS 0x000000070a600000| PB 0x000000070a600000| Untracked |  0
|  43|0x000000070a800000, 0x000000070a800000, 0x000000070aa00000|  0%| F|  |TAMS 0x000000070a800000| PB 0x000000070a800000| Untracked |  0
|  44|0x000000070aa00000, 0x000000070aa00000, 0x000000070ac00000|  0%| F|  |TAMS 0x000000070aa00000| PB 0x000000070aa00000| Untracked |  0
|  45|0x000000070ac00000, 0x000000070ac00000, 0x000000070ae00000|  0%| F|  |TAMS 0x000000070ac00000| PB 0x000000070ac00000| Untracked |  0
|  46|0x000000070ae00000, 0x000000070ae00000, 0x000000070b000000|  0%| F|  |TAMS 0x000000070ae00000| PB 0x000000070ae00000| Untracked |  0
|  47|0x000000070b000000, 0x000000070b000000, 0x000000070b200000|  0%| F|  |TAMS 0x000000070b000000| PB 0x000000070b000000| Untracked |  0
|  48|0x000000070b200000, 0x000000070b200000, 0x000000070b400000|  0%| F|  |TAMS 0x000000070b200000| PB 0x000000070b200000| Untracked |  0
|  49|0x000000070b400000, 0x000000070b400000, 0x000000070b600000|  0%| F|  |TAMS 0x000000070b400000| PB 0x000000070b400000| Untracked |  0
|  50|0x000000070b600000, 0x000000070b600000, 0x000000070b800000|  0%| F|  |TAMS 0x000000070b600000| PB 0x000000070b600000| Untracked |  0
|  51|0x000000070b800000, 0x000000070b800000, 0x000000070ba00000|  0%| F|  |TAMS 0x000000070b800000| PB 0x000000070b800000| Untracked |  0
|  52|0x000000070ba00000, 0x000000070ba00000, 0x000000070bc00000|  0%| F|  |TAMS 0x000000070ba00000| PB 0x000000070ba00000| Untracked |  0
|  53|0x000000070bc00000, 0x000000070bc00000, 0x000000070be00000|  0%| F|  |TAMS 0x000000070bc00000| PB 0x000000070bc00000| Untracked |  0
|  54|0x000000070be00000, 0x000000070be00000, 0x000000070c000000|  0%| F|  |TAMS 0x000000070be00000| PB 0x000000070be00000| Untracked |  0
|  55|0x000000070c000000, 0x000000070c000000, 0x000000070c200000|  0%| F|  |TAMS 0x000000070c000000| PB 0x000000070c000000| Untracked |  0
|  56|0x000000070c200000, 0x000000070c200000, 0x000000070c400000|  0%| F|  |TAMS 0x000000070c200000| PB 0x000000070c200000| Untracked |  0
|  57|0x000000070c400000, 0x000000070c400000, 0x000000070c600000|  0%| F|  |TAMS 0x000000070c400000| PB 0x000000070c400000| Untracked |  0
|  58|0x000000070c600000, 0x000000070c600000, 0x000000070c800000|  0%| F|  |TAMS 0x000000070c600000| PB 0x000000070c600000| Untracked |  0
|  59|0x000000070c800000, 0x000000070c800000, 0x000000070ca00000|  0%| F|  |TAMS 0x000000070c800000| PB 0x000000070c800000| Untracked |  0
|  60|0x000000070ca00000, 0x000000070ca00000, 0x000000070cc00000|  0%| F|  |TAMS 0x000000070ca00000| PB 0x000000070ca00000| Untracked |  0
|  61|0x000000070cc00000, 0x000000070cc00000, 0x000000070ce00000|  0%| F|  |TAMS 0x000000070cc00000| PB 0x000000070cc00000| Untracked |  0
|  62|0x000000070ce00000, 0x000000070ce00000, 0x000000070d000000|  0%| F|  |TAMS 0x000000070ce00000| PB 0x000000070ce00000| Untracked |  0
|  63|0x000000070d000000, 0x000000070d000000, 0x000000070d200000|  0%| F|  |TAMS 0x000000070d000000| PB 0x000000070d000000| Untracked |  0
|  64|0x000000070d200000, 0x000000070d200000, 0x000000070d400000|  0%| F|  |TAMS 0x000000070d200000| PB 0x000000070d200000| Untracked |  0
|  65|0x000000070d400000, 0x000000070d400000, 0x000000070d600000|  0%| F|  |TAMS 0x000000070d400000| PB 0x000000070d400000| Untracked |  0
|  66|0x000000070d600000, 0x000000070d600000, 0x000000070d800000|  0%| F|  |TAMS 0x000000070d600000| PB 0x000000070d600000| Untracked |  0
|  67|0x000000070d800000, 0x000000070d800000, 0x000000070da00000|  0%| F|  |TAMS 0x000000070d800000| PB 0x000000070d800000| Untracked |  0
|  68|0x000000070da00000, 0x000000070da00000, 0x000000070dc00000|  0%| F|  |TAMS 0x000000070da00000| PB 0x000000070da00000| Untracked |  0
|  69|0x000000070dc00000, 0x000000070dc00000, 0x000000070de00000|  0%| F|  |TAMS 0x000000070dc00000| PB 0x000000070dc00000| Untracked |  0
|  70|0x000000070de00000, 0x000000070de00000, 0x000000070e000000|  0%| F|  |TAMS 0x000000070de00000| PB 0x000000070de00000| Untracked |  0
|  71|0x000000070e000000, 0x000000070e000000, 0x000000070e200000|  0%| F|  |TAMS 0x000000070e000000| PB 0x000000070e000000| Untracked |  0
|  72|0x000000070e200000, 0x000000070e200000, 0x000000070e400000|  0%| F|  |TAMS 0x000000070e200000| PB 0x000000070e200000| Untracked |  0
|  73|0x000000070e400000, 0x000000070e400000, 0x000000070e600000|  0%| F|  |TAMS 0x000000070e400000| PB 0x000000070e400000| Untracked |  0
|  74|0x000000070e600000, 0x000000070e600000, 0x000000070e800000|  0%| F|  |TAMS 0x000000070e600000| PB 0x000000070e600000| Untracked |  0
|  75|0x000000070e800000, 0x000000070e800000, 0x000000070ea00000|  0%| F|  |TAMS 0x000000070e800000| PB 0x000000070e800000| Untracked |  0
|  76|0x000000070ea00000, 0x000000070ea00000, 0x000000070ec00000|  0%| F|  |TAMS 0x000000070ea00000| PB 0x000000070ea00000| Untracked |  0
|  77|0x000000070ec00000, 0x000000070ec00000, 0x000000070ee00000|  0%| F|  |TAMS 0x000000070ec00000| PB 0x000000070ec00000| Untracked |  0
|  78|0x000000070ee00000, 0x000000070ee00000, 0x000000070f000000|  0%| F|  |TAMS 0x000000070ee00000| PB 0x000000070ee00000| Untracked |  0
|  79|0x000000070f000000, 0x000000070f000000, 0x000000070f200000|  0%| F|  |TAMS 0x000000070f000000| PB 0x000000070f000000| Untracked |  0
|  80|0x000000070f200000, 0x000000070f200000, 0x000000070f400000|  0%| F|  |TAMS 0x000000070f200000| PB 0x000000070f200000| Untracked |  0
|  81|0x000000070f400000, 0x000000070f400000, 0x000000070f600000|  0%| F|  |TAMS 0x000000070f400000| PB 0x000000070f400000| Untracked |  0
|  82|0x000000070f600000, 0x000000070f600000, 0x000000070f800000|  0%| F|  |TAMS 0x000000070f600000| PB 0x000000070f600000| Untracked |  0
|  83|0x000000070f800000, 0x000000070f800000, 0x000000070fa00000|  0%| F|  |TAMS 0x000000070f800000| PB 0x000000070f800000| Untracked |  0
|  84|0x000000070fa00000, 0x000000070fa00000, 0x000000070fc00000|  0%| F|  |TAMS 0x000000070fa00000| PB 0x000000070fa00000| Untracked |  0
|  85|0x000000070fc00000, 0x000000070fc00000, 0x000000070fe00000|  0%| F|  |TAMS 0x000000070fc00000| PB 0x000000070fc00000| Untracked |  0
|  86|0x000000070fe00000, 0x000000070fe00000, 0x0000000710000000|  0%| F|  |TAMS 0x000000070fe00000| PB 0x000000070fe00000| Untracked |  0
|  87|0x0000000710000000, 0x0000000710000000, 0x0000000710200000|  0%| F|  |TAMS 0x0000000710000000| PB 0x0000000710000000| Untracked |  0
|  88|0x0000000710200000, 0x0000000710200000, 0x0000000710400000|  0%| F|  |TAMS 0x0000000710200000| PB 0x0000000710200000| Untracked |  0
|  89|0x0000000710400000, 0x0000000710400000, 0x0000000710600000|  0%| F|  |TAMS 0x0000000710400000| PB 0x0000000710400000| Untracked |  0
|  90|0x0000000710600000, 0x0000000710600000, 0x0000000710800000|  0%| F|  |TAMS 0x0000000710600000| PB 0x0000000710600000| Untracked |  0
|  91|0x0000000710800000, 0x0000000710800000, 0x0000000710a00000|  0%| F|  |TAMS 0x0000000710800000| PB 0x0000000710800000| Untracked |  0
|  92|0x0000000710a00000, 0x0000000710a00000, 0x0000000710c00000|  0%| F|  |TAMS 0x0000000710a00000| PB 0x0000000710a00000| Untracked |  0
|  93|0x0000000710c00000, 0x0000000710c00000, 0x0000000710e00000|  0%| F|  |TAMS 0x0000000710c00000| PB 0x0000000710c00000| Untracked |  0
|  94|0x0000000710e00000, 0x0000000710e00000, 0x0000000711000000|  0%| F|  |TAMS 0x0000000710e00000| PB 0x0000000710e00000| Untracked |  0
|  95|0x0000000711000000, 0x0000000711000000, 0x0000000711200000|  0%| F|  |TAMS 0x0000000711000000| PB 0x0000000711000000| Untracked |  0
|  96|0x0000000711200000, 0x0000000711200000, 0x0000000711400000|  0%| F|  |TAMS 0x0000000711200000| PB 0x0000000711200000| Untracked |  0
|  97|0x0000000711400000, 0x0000000711400000, 0x0000000711600000|  0%| F|  |TAMS 0x0000000711400000| PB 0x0000000711400000| Untracked |  0
|  98|0x0000000711600000, 0x0000000711600000, 0x0000000711800000|  0%| F|  |TAMS 0x0000000711600000| PB 0x0000000711600000| Untracked |  0
|  99|0x0000000711800000, 0x0000000711800000, 0x0000000711a00000|  0%| F|  |TAMS 0x0000000711800000| PB 0x0000000711800000| Untracked |  0
| 100|0x0000000711a00000, 0x0000000711a00000, 0x0000000711c00000|  0%| F|  |TAMS 0x0000000711a00000| PB 0x0000000711a00000| Untracked |  0
| 101|0x0000000711c00000, 0x0000000711c00000, 0x0000000711e00000|  0%| F|  |TAMS 0x0000000711c00000| PB 0x0000000711c00000| Untracked |  0
| 102|0x0000000711e00000, 0x0000000711e00000, 0x0000000712000000|  0%| F|  |TAMS 0x0000000711e00000| PB 0x0000000711e00000| Untracked |  0
| 103|0x0000000712000000, 0x0000000712000000, 0x0000000712200000|  0%| F|  |TAMS 0x0000000712000000| PB 0x0000000712000000| Untracked |  0
| 104|0x0000000712200000, 0x0000000712200000, 0x0000000712400000|  0%| F|  |TAMS 0x0000000712200000| PB 0x0000000712200000| Untracked |  0
| 105|0x0000000712400000, 0x0000000712400000, 0x0000000712600000|  0%| F|  |TAMS 0x0000000712400000| PB 0x0000000712400000| Untracked |  0
| 106|0x0000000712600000, 0x0000000712600000, 0x0000000712800000|  0%| F|  |TAMS 0x0000000712600000| PB 0x0000000712600000| Untracked |  0
| 107|0x0000000712800000, 0x0000000712800000, 0x0000000712a00000|  0%| F|  |TAMS 0x0000000712800000| PB 0x0000000712800000| Untracked |  0
| 108|0x0000000712a00000, 0x0000000712a00000, 0x0000000712c00000|  0%| F|  |TAMS 0x0000000712a00000| PB 0x0000000712a00000| Untracked |  0
| 109|0x0000000712c00000, 0x0000000712c00000, 0x0000000712e00000|  0%| F|  |TAMS 0x0000000712c00000| PB 0x0000000712c00000| Untracked |  0
| 110|0x0000000712e00000, 0x0000000712e00000, 0x0000000713000000|  0%| F|  |TAMS 0x0000000712e00000| PB 0x0000000712e00000| Untracked |  0
| 111|0x0000000713000000, 0x0000000713000000, 0x0000000713200000|  0%| F|  |TAMS 0x0000000713000000| PB 0x0000000713000000| Untracked |  0
| 112|0x0000000713200000, 0x0000000713200000, 0x0000000713400000|  0%| F|  |TAMS 0x0000000713200000| PB 0x0000000713200000| Untracked |  0
| 113|0x0000000713400000, 0x0000000713400000, 0x0000000713600000|  0%| F|  |TAMS 0x0000000713400000| PB 0x0000000713400000| Untracked |  0
| 114|0x0000000713600000, 0x0000000713600000, 0x0000000713800000|  0%| F|  |TAMS 0x0000000713600000| PB 0x0000000713600000| Untracked |  0
| 115|0x0000000713800000, 0x0000000713800000, 0x0000000713a00000|  0%| F|  |TAMS 0x0000000713800000| PB 0x0000000713800000| Untracked |  0
| 116|0x0000000713a00000, 0x0000000713a00000, 0x0000000713c00000|  0%| F|  |TAMS 0x0000000713a00000| PB 0x0000000713a00000| Untracked |  0
| 117|0x0000000713c00000, 0x0000000713c00000, 0x0000000713e00000|  0%| F|  |TAMS 0x0000000713c00000| PB 0x0000000713c00000| Untracked |  0
| 118|0x0000000713e00000, 0x0000000713e00000, 0x0000000714000000|  0%| F|  |TAMS 0x0000000713e00000| PB 0x0000000713e00000| Untracked |  0
| 119|0x0000000714000000, 0x0000000714000000, 0x0000000714200000|  0%| F|  |TAMS 0x0000000714000000| PB 0x0000000714000000| Untracked |  0
| 120|0x0000000714200000, 0x00000007142f5c50, 0x0000000714400000| 48%| E|  |TAMS 0x0000000714200000| PB 0x0000000714200000| Complete |  0
| 121|0x0000000714400000, 0x0000000714600000, 0x0000000714600000|100%| E|CS|TAMS 0x0000000714400000| PB 0x0000000714400000| Complete |  0
| 122|0x0000000714600000, 0x0000000714800000, 0x0000000714800000|100%| E|CS|TAMS 0x0000000714600000| PB 0x0000000714600000| Complete |  0
| 123|0x0000000714800000, 0x0000000714a00000, 0x0000000714a00000|100%| E|CS|TAMS 0x0000000714800000| PB 0x0000000714800000| Complete |  0
| 124|0x0000000714a00000, 0x0000000714c00000, 0x0000000714c00000|100%| E|CS|TAMS 0x0000000714a00000| PB 0x0000000714a00000| Complete |  0
| 125|0x0000000714c00000, 0x0000000714e00000, 0x0000000714e00000|100%| E|CS|TAMS 0x0000000714c00000| PB 0x0000000714c00000| Complete |  0

Card table byte_map: [0x000001ff9fe00000,0x000001ffa05e0000] _byte_map_base: 0x000001ff9c5d7000

Marking Bits: (CMBitMap*) 0x000001ff876308f0
 Bits: [0x000001ffa05e0000, 0x000001ffa4498000)

Polling page: 0x000001ff857c0000

Metaspace:

Usage:
  Non-class:     12.31 MB used.
      Class:      1.04 MB used.
       Both:     13.35 MB used.

Virtual space:
  Non-class space:       64.00 MB reserved,      12.44 MB ( 19%) committed,  1 nodes.
      Class space:        1.00 GB reserved,       1.12 MB ( <1%) committed,  1 nodes.
             Both:        1.06 GB reserved,      13.56 MB (  1%) committed. 

Chunk freelists:
   Non-Class:  3.00 MB
       Class:  14.75 MB
        Both:  17.74 MB

MaxMetaspaceSize: unlimited
CompressedClassSpaceSize: 1.00 GB
Initial GC threshold: 21.00 MB
Current GC threshold: 21.00 MB
CDS: off
 - commit_granule_bytes: 65536.
 - commit_granule_words: 8192.
 - virtual_space_node_default_size: 8388608.
 - enlarge_chunks_in_place: 1.
UseCompressedClassPointers 1, UseCompactObjectHeaders 0
Narrow klass pointer bits 32, Max shift 3
Narrow klass base: 0x0000000000000000, Narrow klass shift: 0
Encoding Range: [0x0000000000000000 - 0x0000000100000000), (4294967296 bytes)
Klass Range:    [0x000000002e000000 - 0x000000006e000000), (1073741824 bytes)
Klass ID Range:  [771751936 - 1845493753) (1073741817)


Internal statistics:

num_allocs_failed_limit: 0.
num_arena_births: 80.
num_arena_deaths: 0.
num_vsnodes_births: 2.
num_vsnodes_deaths: 0.
num_space_committed: 217.
num_space_uncommitted: 0.
num_chunks_returned_to_freelist: 0.
num_chunks_taken_from_freelist: 125.
num_chunk_merges: 0.
num_chunk_splits: 69.
num_chunks_enlarged: 37.
num_inconsistent_stats: 0.

CodeHeap 'non-profiled nmethods': size=120064Kb used=201Kb max_used=201Kb free=119862Kb
 bounds [0x000001ff97b90000, 0x000001ff97e00000, 0x000001ff9f0d0000]
CodeHeap 'profiled nmethods': size=120000Kb used=893Kb max_used=893Kb free=119106Kb
 bounds [0x000001ff900d0000, 0x000001ff90340000, 0x000001ff97600000]
CodeHeap 'non-nmethods': size=5696Kb used=1412Kb max_used=1412Kb free=4283Kb
 bounds [0x000001ff97600000, 0x000001ff97870000, 0x000001ff97b90000]
CodeCache: size=245760Kb, used=2506Kb, max_used=2506Kb, free=243251Kb
 total_blobs=1298, nmethods=721, adapters=482, full_count=0
Compilation: enabled, stopped_count=0, restarted_count=0

Compilation events (20 events):
Event: 6.675 Thread 0x000001ffa68a2050 nmethod 690 0x000001ff901a6888 code [0x000001ff901a69c0, 0x000001ff901a6cb0]
Event: 6.675 Thread 0x000001ffa68a2050  691       3       java.lang.Short::hashCode (8 bytes)
Event: 6.675 Thread 0x000001ffa68a2050 nmethod 691 0x000001ff901a6d08 code [0x000001ff901a6e20, 0x000001ff901a6f80]
Event: 6.675 Thread 0x000001ffa68a2050  692       3       java.lang.Short::hashCode (2 bytes)
Event: 6.675 Thread 0x000001ffa68a2050 nmethod 692 0x000001ff901a7008 code [0x000001ff901a7120, 0x000001ff901a7208]
Event: 6.675 Thread 0x000001ffa68a2050  693       3       java.lang.StringUTF16::getChar (60 bytes)
Event: 6.675 Thread 0x000001ffa68a2050 nmethod 693 0x000001ff901a7308 code [0x000001ff901a7420, 0x000001ff901a7590]
Event: 6.675 Thread 0x000001ffa68a2050  695       3       java.util.HashMap::containsKey (14 bytes)
Event: 6.675 Thread 0x000001ffa68a2050 nmethod 695 0x000001ff901a7608 code [0x000001ff901a7720, 0x000001ff901a7918]
Event: 6.675 Thread 0x000001ffa68a2050  696       3       java.lang.StringUTF16::compress (47 bytes)
Event: 6.676 Thread 0x000001ffa68a2050 nmethod 696 0x000001ff901a7988 code [0x000001ff901a7ac0, 0x000001ff901a7cf8]
Event: 6.685 Thread 0x000001ffa68a2050  698       3       java.lang.StringLatin1::inflate (34 bytes)
Event: 6.685 Thread 0x000001ffa68a2050 nmethod 698 0x000001ff901a7d08 code [0x000001ff901a7e20, 0x000001ff901a8018]
Event: 6.688 Thread 0x000001ffa68a2050  699       3       java.io.WinNTFileSystem::normalize (148 bytes)
Event: 6.689 Thread 0x000001ffa68a2050 nmethod 699 0x000001ff901a8088 code [0x000001ff901a8280, 0x000001ff901a8ee8]
Event: 6.692 Thread 0x000001ffa68a2050  700       3       java.lang.StringConcatHelper::stringOf (20 bytes)
Event: 6.693 Thread 0x000001ffa68a2050 nmethod 700 0x000001ff901a8f88 code [0x000001ff901a90a0, 0x000001ff901a92b8]
Event: 6.694 Thread 0x000001ffa68a2050  701       1       java.io.File::getPath (5 bytes)
Event: 6.694 Thread 0x000001ffa68a2050 nmethod 701 0x000001ff97bc0688 code [0x000001ff97bc0780, 0x000001ff97bc0848]
Event: 6.702 Thread 0x000001ffa68a2050  702       3       sun.awt.FontConfiguration::getString (53 bytes)

GC Heap History (0 events):
No events

Dll operation events (9 events):
Event: 0.014 Loaded shared library C:\Program Files\Apache NetBeans\jdk\bin\java.dll
Event: 5.948 Loaded shared library C:\Program Files\Apache NetBeans\jdk\bin\jsvml.dll
Event: 6.186 Loaded shared library C:\Program Files\Apache NetBeans\jdk\bin\net.dll
Event: 6.191 Loaded shared library C:\Program Files\Apache NetBeans\jdk\bin\nio.dll
Event: 6.277 Loaded shared library C:\Program Files\Apache NetBeans\jdk\bin\zip.dll
Event: 6.307 Loaded shared library C:\Program Files\Apache NetBeans\jdk\bin\jimage.dll
Event: 6.342 Loaded shared library C:\Program Files\Apache NetBeans\jdk\bin\awt.dll
Event: 6.629 Loaded shared library C:\Program Files\Apache NetBeans\jdk\bin\freetype.dll
Event: 6.630 Loaded shared library C:\Program Files\Apache NetBeans\jdk\bin\fontmanager.dll

Deoptimization events (4 events):
Event: 6.482 Thread 0x000001ff8515e6c0 Uncommon trap: trap_request=0xffffff4d fr.pc=0x000001ff97ba3990 relative=0x00000000000008d0
Event: 6.482 Thread 0x000001ff8515e6c0 Uncommon trap: reason=unstable_if action=reinterpret pc=0x000001ff97ba3990 method=java.util.HashMap.putVal(ILjava/lang/Object;Ljava/lang/Object;ZZ)Ljava/lang/Object; @ 81 c2
Event: 6.482 Thread 0x000001ff8515e6c0 DEOPT PACKING pc=0x000001ff97ba3990 sp=0x00000082c76fe350
Event: 6.482 Thread 0x000001ff8515e6c0 DEOPT UNPACKING pc=0x000001ff97712382 sp=0x00000082c76fe2e0 mode 2

Classes loaded (20 events):
Event: 6.648 Loading class sun/awt/Win32FontManager
Event: 6.649 Loading class sun/awt/Win32FontManager done
Event: 6.649 Loading class sun/font/CompositeFont
Event: 6.649 Loading class sun/font/CompositeFont done
Event: 6.666 Loading class sun/awt/windows/WFontConfiguration
Event: 6.666 Loading class sun/awt/FontConfiguration
Event: 6.667 Loading class sun/awt/FontConfiguration done
Event: 6.667 Loading class sun/awt/windows/WFontConfiguration done
Event: 6.668 Loading class sun/awt/FontDescriptor
Event: 6.668 Loading class sun/awt/FontDescriptor done
Event: 6.671 Loading class java/io/DataInputStream
Event: 6.671 Loading class java/io/DataInputStream done
Event: 6.673 Loading class java/lang/Short$ShortCache
Event: 6.673 Loading class java/lang/Short$ShortCache done
Event: 6.677 Loading class sun/font/SunFontManager$FontRegistrationInfo
Event: 6.677 Loading class sun/font/SunFontManager$FontRegistrationInfo done
Event: 6.701 Loading class sun/font/CompositeFontDescriptor
Event: 6.702 Loading class sun/font/CompositeFontDescriptor done
Event: 6.703 Loading class sun/font/FontFamily
Event: 6.703 Loading class sun/font/FontFamily done

Classes unloaded (0 events):
No events

Classes redefined (0 events):
No events

Internal exceptions (20 events):
Event: 6.444 Thread 0x000001ff8515e6c0 Exception <a 'java/lang/NoSuchMethodError'{0x00000007148d0e68}: 'int java.lang.invoke.DirectMethodHandle$Holder.invokeStaticInit(java.lang.Object, int)'> (0x00000007148d0e68) 
thrown [s\src\hotspot\share\interpreter\linkResolver.cpp, line 805]
Event: 6.446 Thread 0x000001ff8515e6c0 Exception <a 'java/lang/NoSuchMethodError'{0x00000007148d9688}: 'long java.lang.invoke.DirectMethodHandle$Holder.invokeStatic(java.lang.Object, java.lang.Object)'> (0x00000007148d9688) 
thrown [s\src\hotspot\share\interpreter\linkResolver.cpp, line 805]
Event: 6.447 Thread 0x000001ff8515e6c0 Exception <a 'java/lang/NoSuchMethodError'{0x00000007148e16a8}: 'long java.lang.invoke.DirectMethodHandle$Holder.invokeStaticInit(java.lang.Object, java.lang.Object)'> (0x00000007148e16a8) 
thrown [s\src\hotspot\share\interpreter\linkResolver.cpp, line 805]
Event: 6.449 Thread 0x000001ff8515e6c0 Exception <a 'java/lang/NoSuchMethodError'{0x00000007148e9ef0}: 'java.lang.Object java.lang.invoke.DirectMethodHandle$Holder.invokeStatic(java.lang.Object, long, java.lang.Object)'> (0x00000007148e9ef0) 
thrown [s\src\hotspot\share\interpreter\linkResolver.cpp, line 805]
Event: 6.449 Thread 0x000001ff8515e6c0 Exception <a 'java/lang/NoSuchMethodError'{0x00000007148f2008}: 'java.lang.Object java.lang.invoke.DirectMethodHandle$Holder.invokeStaticInit(java.lang.Object, long, java.lang.Object)'> (0x00000007148f2008) 
thrown [s\src\hotspot\share\interpreter\linkResolver.cpp, line 805]
Event: 6.450 Thread 0x000001ff8515e6c0 Exception <a 'java/lang/NoSuchMethodError'{0x00000007149f2528}: 'java.lang.Object java.lang.invoke.DirectMethodHandle$Holder.invokeStatic(java.lang.Object, long)'> (0x00000007149f2528) 
thrown [s\src\hotspot\share\interpreter\linkResolver.cpp, line 805]
Event: 6.451 Thread 0x000001ff8515e6c0 Exception <a 'java/lang/NoSuchMethodError'{0x00000007149fa548}: 'java.lang.Object java.lang.invoke.DirectMethodHandle$Holder.invokeStaticInit(java.lang.Object, long)'> (0x00000007149fa548) 
thrown [s\src\hotspot\share\interpreter\linkResolver.cpp, line 805]
Event: 6.484 Thread 0x000001ff8515e6c0 Exception <a 'java/lang/NoSuchMethodError'{0x000000071462ae00}: 'void java.lang.invoke.DirectMethodHandle$Holder.invokeSpecial(java.lang.Object, java.lang.Object, java.lang.Object)'> (0x000000071462ae00) 
thrown [s\src\hotspot\share\interpreter\linkResolver.cpp, line 805]
Event: 6.507 Thread 0x000001ff8515e6c0 Exception <a 'java/lang/NoSuchMethodError'{0x000000071469a630}: 'java.lang.Object java.lang.invoke.DirectMethodHandle$Holder.newInvokeSpecial(java.lang.Object, java.lang.Object, java.lang.Object, java.lang.Object, java.lang.Object)'> (0x000000071469a630) 
thrown [s\src\hotspot\share\interpreter\linkResolver.cpp, line 805]
Event: 6.519 Thread 0x000001ff8515e6c0 Exception <a 'java/lang/NoSuchMethodError'{0x0000000714703768}: 'java.lang.Object java.lang.invoke.DirectMethodHandle$Holder.invokeStatic(java.lang.Object, int, java.lang.Object)'> (0x0000000714703768) 
thrown [s\src\hotspot\share\interpreter\linkResolver.cpp, line 805]
Event: 6.570 Thread 0x000001ff8515e6c0 Exception <a 'java/lang/ClassNotFoundException'{0x0000000714536348}: com/sun/swing/internal/plaf/metal/resources/spi/metalProvider> (0x0000000714536348) 
thrown [s\src\hotspot\share\classfile\systemDictionary.cpp, line 327]
Event: 6.572 Thread 0x000001ff8515e6c0 Exception <a 'java/lang/ClassNotFoundException'{0x0000000714539da8}: com/sun/swing/internal/plaf/basic/resources/spi/basicProvider> (0x0000000714539da8) 
thrown [s\src\hotspot\share\classfile\systemDictionary.cpp, line 327]
Event: 6.584 Thread 0x000001ff8515e6c0 Exception <a 'java/lang/NoSuchMethodError'{0x0000000714567c60}: 'int java.lang.invoke.Invokers$Holder.invokeExact_MT(java.lang.Object, java.lang.Object)'> (0x0000000714567c60) 
thrown [s\src\hotspot\share\interpreter\linkResolver.cpp, line 805]
Event: 6.600 Thread 0x000001ffa7bb53e0 Exception <a 'java/lang/NoSuchMethodError'{0x0000000714906460}: 'void java.lang.invoke.DirectMethodHandle$Holder.invokeVirtual(java.lang.Object, java.lang.Object)'> (0x0000000714906460) 
thrown [s\src\hotspot\share\interpreter\linkResolver.cpp, line 805]
Event: 6.624 Thread 0x000001ff8515e6c0 Exception <a 'java/lang/NoSuchMethodError'{0x0000000714594e60}: 'void java.lang.invoke.DirectMethodHandle$Holder.invokeStaticInit(java.lang.Object)'> (0x0000000714594e60) 
thrown [s\src\hotspot\share\interpreter\linkResolver.cpp, line 805]
Event: 6.640 Thread 0x000001ff8515e6c0 Exception <a 'java/lang/NoSuchMethodError'{0x00000007145ca5c0}: 'long java.lang.invoke.DirectMethodHandle$Holder.invokeStaticInit(java.lang.Object, long, long, long, long)'> (0x00000007145ca5c0) 
thrown [s\src\hotspot\share\interpreter\linkResolver.cpp, line 805]
Event: 6.640 Thread 0x000001ff8515e6c0 Exception <a 'java/lang/NoSuchMethodError'{0x00000007145d2fc8}: 'java.lang.Object java.lang.invoke.DirectMethodHandle$Holder.invokeInterface(java.lang.Object, java.lang.Object, long, long)'> (0x00000007145d2fc8) 
thrown [s\src\hotspot\share\interpreter\linkResolver.cpp, line 805]
Event: 6.641 Thread 0x000001ff8515e6c0 Exception <a 'java/lang/NoSuchMethodError'{0x00000007145eb8a0}: 'void java.lang.invoke.DirectMethodHandle$Holder.invokeStaticInit(java.lang.Object, java.lang.Object, long, java.lang.Object)'> (0x00000007145eb8a0) 
thrown [s\src\hotspot\share\interpreter\linkResolver.cpp, line 805]
Event: 6.641 Thread 0x000001ff8515e6c0 Exception <a 'java/lang/NoSuchMethodError'{0x0000000714200e70}: 'long java.lang.invoke.DirectMethodHandle$Holder.invokeStatic(java.lang.Object, long, long)'> (0x0000000714200e70) 
thrown [s\src\hotspot\share\interpreter\linkResolver.cpp, line 805]
Event: 6.645 Thread 0x000001ff8515e6c0 Exception <a 'java/lang/NoSuchMethodError'{0x000000071422ba78}: 'java.lang.Object java.lang.invoke.DirectMethodHandle$Holder.newInvokeSpecial(java.lang.Object, int, java.lang.Object)'> (0x000000071422ba78) 
thrown [s\src\hotspot\share\interpreter\linkResolver.cpp, line 805]

VM Operations (4 events):
Event: 6.201 Executing VM operation: HandshakeAllThreads (Deoptimize)
Event: 6.201 Executing VM operation: HandshakeAllThreads (Deoptimize) done
Event: 6.610 Executing VM operation: HandshakeAllThreads (Deoptimize)
Event: 6.610 Executing VM operation: HandshakeAllThreads (Deoptimize) done

Memory protections (0 events):
No events

Nmethod flushes (0 events):
No events

Events (17 events):
Event: 5.846 Thread 0x000001ff8515e6c0 Thread added: 0x000001ff8515e6c0
Event: 5.938 Thread 0x000001ff8515e6c0 Thread added: 0x000001ffa6864cc0
Event: 5.938 Thread 0x000001ff8515e6c0 Thread added: 0x000001ffa6865b10
Event: 5.941 Thread 0x000001ff8515e6c0 Thread added: 0x000001ffa6885370
Event: 5.942 Thread 0x000001ff8515e6c0 Thread added: 0x000001ffa6885ea0
Event: 5.942 Thread 0x000001ff8515e6c0 Thread added: 0x000001ffa6888b10
Event: 5.943 Thread 0x000001ff8515e6c0 Thread added: 0x000001ffa6883650
Event: 5.943 Thread 0x000001ff8515e6c0 Thread added: 0x000001ffa68918b0
Event: 5.944 Thread 0x000001ff8515e6c0 Thread added: 0x000001ffa68a2050
Event: 6.177 Thread 0x000001ff8515e6c0 Thread added: 0x000001ffa7365f40
Event: 6.212 Thread 0x000001ffa68a2050 Thread added: 0x000001ffa73ba960
Event: 6.236 Thread 0x000001ff8515e6c0 Thread added: 0x000001ffa74b69c0
Event: 6.420 Thread 0x000001ff8515e6c0 Thread added: 0x000001ffa7cc7430
Event: 6.422 Thread 0x000001ff8515e6c0 Thread added: 0x000001ffa7cc7f80
Event: 6.422 Thread 0x000001ff8515e6c0 Thread added: 0x000001ffa7bb53e0
Event: 6.485 Thread 0x000001ffa73ba960 Thread exited: 0x000001ffa73ba960
Event: 6.598 Thread 0x000001ffa7bb53e0 Thread added: 0x000001ffa7cdd580


Dynamic libraries:
0x00007ff7afce0000 - 0x00007ff7afcee000 	C:\Program Files\Apache NetBeans\jdk\bin\java.exe
0x00007ffadd840000 - 0x00007ffaddaa9000 	C:\WINDOWS\SYSTEM32\ntdll.dll
0x00007ffadb810000 - 0x00007ffadb8d9000 	C:\WINDOWS\System32\KERNEL32.DLL
0x00007ffadab30000 - 0x00007ffadaf23000 	C:\WINDOWS\System32\KERNELBASE.dll
0x00007ffadb410000 - 0x00007ffadb55b000 	C:\WINDOWS\System32\ucrtbase.dll
0x00007ffab9de0000 - 0x00007ffab9df6000 	C:\Program Files\Apache NetBeans\jdk\bin\jli.dll
0x00007ffad1740000 - 0x00007ffad175e000 	C:\Program Files\Apache NetBeans\jdk\bin\VCRUNTIME140.dll
0x00007ffadd3f0000 - 0x00007ffadd5b4000 	C:\WINDOWS\System32\USER32.dll
0x00007ffada9d0000 - 0x00007ffada9f7000 	C:\WINDOWS\System32\win32u.dll
0x00007ffadb9e0000 - 0x00007ffadba0b000 	C:\WINDOWS\System32\GDI32.dll
0x00007ffab8ba0000 - 0x00007ffab8e33000 	C:\WINDOWS\WinSxS\amd64_microsoft.windows.common-controls_6595b64144ccf1df_6.0.26100.5074_none_3e0d6f78e32fd63f\COMCTL32.dll
0x00007ffadaa00000 - 0x00007ffadab2d000 	C:\WINDOWS\System32\gdi32full.dll
0x00007ffadb560000 - 0x00007ffadb603000 	C:\WINDOWS\System32\msvcp_win.dll
0x00007ffadb8e0000 - 0x00007ffadb989000 	C:\WINDOWS\System32\msvcrt.dll
0x00007ffadd5c0000 - 0x00007ffadd5ef000 	C:\WINDOWS\System32\IMM32.DLL
0x00007ffad17d0000 - 0x00007ffad17dc000 	C:\Program Files\Apache NetBeans\jdk\bin\vcruntime140_1.dll
0x00007ffab2150000 - 0x00007ffab21dd000 	C:\Program Files\Apache NetBeans\jdk\bin\msvcp140.dll
0x00007ffa64820000 - 0x00007ffa6569c000 	C:\Program Files\Apache NetBeans\jdk\bin\server\jvm.dll
0x00007ffadd740000 - 0x00007ffadd7f4000 	C:\WINDOWS\System32\ADVAPI32.dll
0x00007ffadd690000 - 0x00007ffadd736000 	C:\WINDOWS\System32\sechost.dll
0x00007ffadb6e0000 - 0x00007ffadb7f8000 	C:\WINDOWS\System32\RPCRT4.dll
0x00007ffadba90000 - 0x00007ffadbb04000 	C:\WINDOWS\System32\WS2_32.dll
0x00007ffada160000 - 0x00007ffada1be000 	C:\WINDOWS\SYSTEM32\POWRPROF.dll
0x00007ffacfc40000 - 0x00007ffacfc4b000 	C:\WINDOWS\SYSTEM32\VERSION.dll
0x00007fface1c0000 - 0x00007fface1f5000 	C:\WINDOWS\SYSTEM32\WINMM.dll
0x00007ffada140000 - 0x00007ffada154000 	C:\WINDOWS\SYSTEM32\UMPDC.dll
0x00007ffad97b0000 - 0x00007ffad97cb000 	C:\WINDOWS\SYSTEM32\kernel.appcore.dll
0x00007ffad0e50000 - 0x00007ffad0e5a000 	C:\Program Files\Apache NetBeans\jdk\bin\jimage.dll
0x00007ffad8190000 - 0x00007ffad83d2000 	C:\WINDOWS\SYSTEM32\DBGHELP.DLL
0x00007ffadcbe0000 - 0x00007ffadcf5b000 	C:\WINDOWS\System32\combase.dll
0x00007ffadcff0000 - 0x00007ffadd0c7000 	C:\WINDOWS\System32\OLEAUT32.dll
0x00007ffaaf4c0000 - 0x00007ffaaf4fd000 	C:\WINDOWS\SYSTEM32\dbgcore.DLL
0x00007ffadb130000 - 0x00007ffadb1c9000 	C:\WINDOWS\System32\bcryptPrimitives.dll
0x00007ffad07a0000 - 0x00007ffad07be000 	C:\Program Files\Apache NetBeans\jdk\bin\java.dll
0x00007ffadc290000 - 0x00007ffadc428000 	C:\WINDOWS\System32\ole32.dll
0x00007ffadc490000 - 0x00007ffadcbdd000 	C:\WINDOWS\System32\SHELL32.dll
0x00007ffadaf30000 - 0x00007ffadb09c000 	C:\WINDOWS\System32\wintypes.dll
0x00007ffad85d0000 - 0x00007ffad8e29000 	C:\WINDOWS\SYSTEM32\windows.storage.dll
0x00007ffadc190000 - 0x00007ffadc280000 	C:\WINDOWS\System32\SHCORE.dll
0x00007ffadd620000 - 0x00007ffadd682000 	C:\WINDOWS\System32\shlwapi.dll
0x00007ffada8f0000 - 0x00007ffada919000 	C:\WINDOWS\SYSTEM32\profapi.dll
0x00007ffab6e20000 - 0x00007ffab6ef7000 	C:\Program Files\Apache NetBeans\jdk\bin\jsvml.dll
0x00007ffab9f70000 - 0x00007ffab9f80000 	C:\Program Files\Apache NetBeans\jdk\bin\net.dll
0x00007ffad9d20000 - 0x00007ffad9d8b000 	C:\WINDOWS\system32\mswsock.dll
0x00007ffab73b0000 - 0x00007ffab73c6000 	C:\Program Files\Apache NetBeans\jdk\bin\nio.dll
0x00007ffab8ed0000 - 0x00007ffab8ee7000 	C:\Program Files\Apache NetBeans\jdk\bin\zip.dll
0x00007ffaa0130000 - 0x00007ffaa02ae000 	C:\Program Files\Apache NetBeans\jdk\bin\awt.dll
0x00007ffad4cb0000 - 0x00007ffad4d4e000 	C:\WINDOWS\SYSTEM32\apphelp.dll
0x00007ffad7a20000 - 0x00007ffad7a4b000 	C:\WINDOWS\system32\DWMAPI.DLL
0x00007ffad7760000 - 0x00007ffad7808000 	C:\WINDOWS\system32\uxtheme.dll
0x00007ffa8b9a0000 - 0x00007ffa8baac000 	C:\WINDOWS\system32\opengl32.dll
0x00007ffab2b50000 - 0x00007ffab2b7d000 	C:\WINDOWS\SYSTEM32\GLU32.dll
0x00007ffad79d0000 - 0x00007ffad7a14000 	C:\WINDOWS\SYSTEM32\dxcore.dll
0x00007ffadd0d0000 - 0x00007ffadd228000 	C:\WINDOWS\System32\MSCTF.dll
0x00007ffab20c0000 - 0x00007ffab2147000 	C:\Program Files\Apache NetBeans\jdk\bin\freetype.dll
0x00007ffa75350000 - 0x00007ffa75429000 	C:\Program Files\Apache NetBeans\jdk\bin\fontmanager.dll
0x00007ffab74e0000 - 0x00007ffab7629000 	C:\WINDOWS\SYSTEM32\textinputframework.dll

JVMTI agents: none

dbghelp: loaded successfully - version: 4.0.5 - missing functions: none
symbol engine: initialized successfully - sym options: 0x614 - pdb path: .;C:\Program Files\Apache NetBeans\jdk\bin;C:\WINDOWS\SYSTEM32;C:\WINDOWS\WinSxS\amd64_microsoft.windows.common-controls_6595b64144ccf1df_6.0.26100.5074_none_3e0d6f78e32fd63f;C:\Program Files\Apache NetBeans\jdk\bin\server

VM Arguments:
jvm_args: -Dfile.encoding=UTF-8 --module-path=C:\Users\Piyush\Documents\NetBeansProjects\Travel Management System\build\classes 
java_command: travel.management.system.CheckPackage
java_class_path (initial): C:\Users\Piyush\Downloads\mysql-connector-java-8.0.28.jar;C:\Users\Piyush\Documents\NetBeansProjects\Travel Management System\build\classes
Launcher Type: SUN_STANDARD

[Global flags]
     intx CICompilerCount                          = 4                                         {product} {ergonomic}
     uint ConcGCThreads                            = 3                                         {product} {ergonomic}
     uint G1ConcRefinementThreads                  = 10                                        {product} {ergonomic}
   size_t G1HeapRegionSize                         = 2097152                                   {product} {ergonomic}
   size_t InitialHeapSize                          = 264241152                                 {product} {ergonomic}
   size_t MarkStackSize                            = 4194304                                   {product} {ergonomic}
   size_t MarkStackSizeMax                         = 536870912                                 {product} {ergonomic}
   size_t MaxHeapSize                              = 4208984064                                {product} {ergonomic}
   size_t MaxNewSize                               = 2524971008                                {product} {ergonomic}
   size_t MinHeapDeltaBytes                        = 2097152                                   {product} {ergonomic}
   size_t MinHeapSize                              = 8388608                                   {product} {ergonomic}
    uintx NonNMethodCodeHeapSize                   = 5832704                                {pd product} {ergonomic}
    uintx NonProfiledCodeHeapSize                  = 122945536                              {pd product} {ergonomic}
    uintx ProfiledCodeHeapSize                     = 122880000                              {pd product} {ergonomic}
    uintx ReservedCodeCacheSize                    = 251658240                              {pd product} {ergonomic}
     bool SegmentedCodeCache                       = true                                      {product} {ergonomic}
   size_t SoftMaxHeapSize                          = 4208984064                             {manageable} {ergonomic}
     bool UseCompressedOops                        = true                           {product lp64_product} {ergonomic}
     bool UseG1GC                                  = true                                      {product} {ergonomic}
     bool UseLargePagesIndividualAllocation        = false                                  {pd product} {ergonomic}

Logging:
Log output configuration:
 #0: stdout all=warning uptime,level,tags foldmultilines=false
 #1: stderr all=off uptime,level,tags foldmultilines=false

Environment Variables:
PATH=C:\Program Files\Common Files\Oracle\Java\javapath;C:\Program Files (x86)\Common Files\Oracle\Java\javapath;C:\windows\system32;C:\windows;C:\windows\System32\Wbem;C:\windows\System32\WindowsPowerShell\v1.0\;C:\windows\System32\OpenSSH\;C:\Program Files (x86)\NVIDIA Corporation\PhysX\Common;C:\Program Files\NVIDIA Corporation\NVIDIA NvDLISR;C:\Program Files\MySQL\MySQL Server 8.0\bin;C:\MinGW\bin;C:\Users\Piyush\AppData\Roaming\Microsoft\Windows\Start Menu\Programs\Python 3.11;C:\Program Files\Git\cmd;C:\Program Files\Git\mingw64\bin;C:\Program Files\Git\usr\bin;C:\Program Files\Docker\Docker\resources\bin;C:\WINDOWS\system32;C:\WINDOWS;C:\WINDOWS\System32\Wbem;C:\WINDOWS\System32\WindowsPowerShell\v1.0\;C:\WINDOWS\System32\OpenSSH\;C:\Users\Piyush\AppData\Local\Programs\Python\Python312\Scripts\;C:\Users\Piyush\AppData\Local\Programs\Python\Python312\;C:\Users\Piyush\AppData\Local\Programs\Python\Launcher\;C:\Program Files\MySQL\MySQL Shell 8.0\bin\;C:\Users\Piyush\AppData\Local\Microsoft\WindowsApps;C:\Users\Piyush\AppData\Local\Programs\Microsoft VS Code\bin;;C:\Program Files\JetBrains\IntelliJ IDEA Community Edition 2024.3.4\bin;
USERNAME=Piyush
OS=Windows_NT
PROCESSOR_IDENTIFIER=Intel64 Family 6 Model 154 Stepping 3, GenuineIntel
TMP=C:\Users\Piyush\AppData\Local\Temp
TEMP=C:\Users\Piyush\AppData\Local\Temp




Periodic native trim disabled

---------------  S Y S T E M  ---------------

OS:
 Windows 11 , 64 bit Build 26100 (10.0.26100.5074)
OS uptime: 0 days 3:20 hours
Hyper-V role detected

CPU: total 12 (initial active 12) (6 cores per cpu, 2 threads per core) family 6 model 154 stepping 3 microcode 0x434, cx8, cmov, fxsr, ht, mmx, 3dnowpref, sse, sse2, sse3, ssse3, sse4.1, sse4.2, popcnt, lzcnt, tsc, tscinvbit, avx, avx2, aes, erms, clmul, bmi1, bmi2, adx, sha, fma, vzeroupper, clflush, clflushopt, clwb, hv, serialize, rdtscp, rdpid, fsrm, gfni, f16c, cet_ibt, cet_ss
Processor Information for processor 0
  Max Mhz: 2000, Current Mhz: 2000, Mhz Limit: 2000
Processor Information for processor 1
  Max Mhz: 2000, Current Mhz: 2000, Mhz Limit: 2000
Processor Information for processor 2
  Max Mhz: 2000, Current Mhz: 2000, Mhz Limit: 2000
Processor Information for processor 3
  Max Mhz: 2000, Current Mhz: 1520, Mhz Limit: 2000
Processor Information for processor 4
  Max Mhz: 2000, Current Mhz: 2000, Mhz Limit: 2000
Processor Information for processor 5
  Max Mhz: 2000, Current Mhz: 1520, Mhz Limit: 2000
Processor Information for processor 6
  Max Mhz: 2000, Current Mhz: 2000, Mhz Limit: 2000
Processor Information for processor 7
  Max Mhz: 2000, Current Mhz: 2000, Mhz Limit: 2000
Processor Information for processor 8
  Max Mhz: 2000, Current Mhz: 2000, Mhz Limit: 2000
Processor Information for processor 9
  Max Mhz: 2000, Current Mhz: 2000, Mhz Limit: 2000
Processor Information for processor 10
  Max Mhz: 2000, Current Mhz: 2000, Mhz Limit: 2000
Processor Information for processor 11
  Max Mhz: 2000, Current Mhz: 2000, Mhz Limit: 2000

Memory: 4k page, system-wide physical 16052M (6446M free)
TotalPageFile size 21856M (AvailPageFile size 5M)
current process WorkingSet (physical memory assigned to process): 67M, peak: 67M
current process commit charge ("private bytes"): 351M, peak: 351M

vm_info: OpenJDK 64-Bit Server VM (24.0.1+9) for windows-amd64 JRE (24.0.1+9) (Zulu24.30+11-CA), built on 2025-03-21T13:52:34Z with MS VC++ 17.1 (VS2022)

END.
